mode: atomic
github.com/astrostl/slack-buddy-ai/pkg/logger/logger.go:14.13,22.15 4 1
github.com/astrostl/slack-buddy-ai/pkg/logger/logger.go:23.15,24.34 1 0
github.com/astrostl/slack-buddy-ai/pkg/logger/logger.go:25.14,26.33 1 0
github.com/astrostl/slack-buddy-ai/pkg/logger/logger.go:27.15,28.34 1 0
github.com/astrostl/slack-buddy-ai/pkg/logger/logger.go:29.10,30.33 1 1
github.com/astrostl/slack-buddy-ai/pkg/logger/logger.go:34.2,35.22 2 1
github.com/astrostl/slack-buddy-ai/pkg/logger/logger.go:35.22,39.3 1 0
github.com/astrostl/slack-buddy-ai/pkg/logger/logger.go:39.8,45.3 1 1
github.com/astrostl/slack-buddy-ai/pkg/logger/logger.go:49.33,51.2 1 1
github.com/astrostl/slack-buddy-ai/pkg/logger/logger.go:54.53,56.2 1 1
github.com/astrostl/slack-buddy-ai/pkg/logger/logger.go:59.61,61.2 1 1
github.com/astrostl/slack-buddy-ai/pkg/logger/logger.go:64.23,66.2 1 1
github.com/astrostl/slack-buddy-ai/pkg/logger/logger.go:69.24,71.2 1 1
github.com/astrostl/slack-buddy-ai/pkg/logger/logger.go:74.23,76.2 1 1
github.com/astrostl/slack-buddy-ai/pkg/logger/logger.go:79.24,81.2 1 1
github.com/astrostl/slack-buddy-ai/pkg/logger/logger.go:84.24,86.2 1 0
github.com/astrostl/slack-buddy-ai/main.go:14.13,16.2 1 0
github.com/astrostl/slack-buddy-ai/pkg/slack/client.go:56.47,58.50 1 4
github.com/astrostl/slack-buddy-ai/pkg/slack/client.go:58.50,60.3 1 3
github.com/astrostl/slack-buddy-ai/pkg/slack/client.go:62.2,65.16 3 1
github.com/astrostl/slack-buddy-ai/pkg/slack/client.go:65.16,67.3 1 1
github.com/astrostl/slack-buddy-ai/pkg/slack/client.go:69.2,80.8 2 0
github.com/astrostl/slack-buddy-ai/pkg/slack/client.go:84.54,85.16 1 78
github.com/astrostl/slack-buddy-ai/pkg/slack/client.go:85.16,87.3 1 1
github.com/astrostl/slack-buddy-ai/pkg/slack/client.go:89.2,90.16 2 77
github.com/astrostl/slack-buddy-ai/pkg/slack/client.go:90.16,92.3 1 3
github.com/astrostl/slack-buddy-ai/pkg/slack/client.go:94.2,105.8 2 74
github.com/astrostl/slack-buddy-ai/pkg/slack/client.go:108.56,117.25 6 98
github.com/astrostl/slack-buddy-ai/pkg/slack/client.go:117.25,120.31 3 3
github.com/astrostl/slack-buddy-ai/pkg/slack/client.go:120.31,122.4 1 0
github.com/astrostl/slack-buddy-ai/pkg/slack/client.go:125.2,125.37 1 98
github.com/astrostl/slack-buddy-ai/pkg/slack/client.go:125.37,132.10 3 36
github.com/astrostl/slack-buddy-ai/pkg/slack/client.go:133.21,134.20 1 1
github.com/astrostl/slack-buddy-ai/pkg/slack/client.go:135.32,135.32 0 35
github.com/astrostl/slack-buddy-ai/pkg/slack/client.go:139.2,140.12 2 97
github.com/astrostl/slack-buddy-ai/pkg/slack/client.go:143.36,148.25 3 62
github.com/astrostl/slack-buddy-ai/pkg/slack/client.go:148.25,151.3 2 2
github.com/astrostl/slack-buddy-ai/pkg/slack/client.go:154.43,159.25 4 16
github.com/astrostl/slack-buddy-ai/pkg/slack/client.go:159.25,161.3 1 4
github.com/astrostl/slack-buddy-ai/pkg/slack/client.go:163.2,163.118 1 16
github.com/astrostl/slack-buddy-ai/pkg/slack/client.go:166.69,173.48 4 15
github.com/astrostl/slack-buddy-ai/pkg/slack/client.go:173.48,175.3 1 0
github.com/astrostl/slack-buddy-ai/pkg/slack/client.go:177.2,181.16 2 15
github.com/astrostl/slack-buddy-ai/pkg/slack/client.go:181.16,189.47 3 8
github.com/astrostl/slack-buddy-ai/pkg/slack/client.go:189.47,192.4 2 2
github.com/astrostl/slack-buddy-ai/pkg/slack/client.go:194.3,194.48 1 6
github.com/astrostl/slack-buddy-ai/pkg/slack/client.go:194.48,197.4 2 2
github.com/astrostl/slack-buddy-ai/pkg/slack/client.go:198.3,198.47 1 4
github.com/astrostl/slack-buddy-ai/pkg/slack/client.go:198.47,201.4 2 2
github.com/astrostl/slack-buddy-ai/pkg/slack/client.go:202.3,202.65 1 2
github.com/astrostl/slack-buddy-ai/pkg/slack/client.go:206.2,211.30 4 7
github.com/astrostl/slack-buddy-ai/pkg/slack/client.go:211.30,213.27 2 7
github.com/astrostl/slack-buddy-ai/pkg/slack/client.go:213.27,227.4 2 5
github.com/astrostl/slack-buddy-ai/pkg/slack/client.go:230.2,231.25 2 7
github.com/astrostl/slack-buddy-ai/pkg/slack/client.go:234.91,242.24 3 4
github.com/astrostl/slack-buddy-ai/pkg/slack/client.go:242.24,244.3 1 3
github.com/astrostl/slack-buddy-ai/pkg/slack/client.go:244.8,246.3 1 1
github.com/astrostl/slack-buddy-ai/pkg/slack/client.go:248.2,250.30 2 4
github.com/astrostl/slack-buddy-ai/pkg/slack/client.go:250.30,255.23 3 5
github.com/astrostl/slack-buddy-ai/pkg/slack/client.go:255.23,257.4 1 4
github.com/astrostl/slack-buddy-ai/pkg/slack/client.go:258.3,260.23 2 5
github.com/astrostl/slack-buddy-ai/pkg/slack/client.go:260.23,262.4 1 2
github.com/astrostl/slack-buddy-ai/pkg/slack/client.go:265.3,265.26 1 5
github.com/astrostl/slack-buddy-ai/pkg/slack/client.go:265.26,267.4 1 1
github.com/astrostl/slack-buddy-ai/pkg/slack/client.go:267.9,269.4 1 4
github.com/astrostl/slack-buddy-ai/pkg/slack/client.go:272.2,272.25 1 4
github.com/astrostl/slack-buddy-ai/pkg/slack/client.go:275.61,282.53 2 11
github.com/astrostl/slack-buddy-ai/pkg/slack/client.go:282.53,288.3 2 1
github.com/astrostl/slack-buddy-ai/pkg/slack/client.go:291.2,292.16 2 10
github.com/astrostl/slack-buddy-ai/pkg/slack/client.go:292.16,294.3 1 2
github.com/astrostl/slack-buddy-ai/pkg/slack/client.go:297.2,300.48 3 8
github.com/astrostl/slack-buddy-ai/pkg/slack/client.go:300.48,302.3 1 0
github.com/astrostl/slack-buddy-ai/pkg/slack/client.go:304.2,305.16 2 8
github.com/astrostl/slack-buddy-ai/pkg/slack/client.go:305.16,314.47 3 5
github.com/astrostl/slack-buddy-ai/pkg/slack/client.go:314.47,317.4 2 1
github.com/astrostl/slack-buddy-ai/pkg/slack/client.go:319.3,319.48 1 4
github.com/astrostl/slack-buddy-ai/pkg/slack/client.go:319.48,322.4 2 2
github.com/astrostl/slack-buddy-ai/pkg/slack/client.go:323.3,323.52 1 2
github.com/astrostl/slack-buddy-ai/pkg/slack/client.go:323.52,326.4 2 0
github.com/astrostl/slack-buddy-ai/pkg/slack/client.go:327.3,327.49 1 2
github.com/astrostl/slack-buddy-ai/pkg/slack/client.go:327.49,330.4 2 1
github.com/astrostl/slack-buddy-ai/pkg/slack/client.go:331.3,331.70 1 1
github.com/astrostl/slack-buddy-ai/pkg/slack/client.go:335.2,338.12 3 3
github.com/astrostl/slack-buddy-ai/pkg/slack/client.go:341.48,343.16 2 1
github.com/astrostl/slack-buddy-ai/pkg/slack/client.go:343.16,345.3 1 0
github.com/astrostl/slack-buddy-ai/pkg/slack/client.go:347.2,352.8 1 1
github.com/astrostl/slack-buddy-ai/pkg/slack/client.go:355.62,357.16 2 1
github.com/astrostl/slack-buddy-ai/pkg/slack/client.go:357.16,359.3 1 0
github.com/astrostl/slack-buddy-ai/pkg/slack/client.go:364.2,374.26 8 1
github.com/astrostl/slack-buddy-ai/pkg/slack/client.go:377.47,384.66 2 3
github.com/astrostl/slack-buddy-ai/pkg/slack/client.go:384.66,386.3 1 1
github.com/astrostl/slack-buddy-ai/pkg/slack/client.go:387.2,387.13 1 2
github.com/astrostl/slack-buddy-ai/pkg/slack/client.go:390.47,395.2 1 2
github.com/astrostl/slack-buddy-ai/pkg/slack/client.go:397.44,401.2 1 2
github.com/astrostl/slack-buddy-ai/pkg/slack/client.go:403.49,407.2 1 2
github.com/astrostl/slack-buddy-ai/pkg/slack/client.go:409.45,416.66 2 2
github.com/astrostl/slack-buddy-ai/pkg/slack/client.go:416.66,418.3 1 0
github.com/astrostl/slack-buddy-ai/pkg/slack/client.go:419.2,419.13 1 2
github.com/astrostl/slack-buddy-ai/pkg/slack/client.go:422.44,426.66 2 2
github.com/astrostl/slack-buddy-ai/pkg/slack/client.go:426.66,428.3 1 0
github.com/astrostl/slack-buddy-ai/pkg/slack/client.go:429.2,429.13 1 2
github.com/astrostl/slack-buddy-ai/pkg/slack/client.go:432.69,436.2 1 1
github.com/astrostl/slack-buddy-ai/pkg/slack/client.go:439.77,447.48 4 10
github.com/astrostl/slack-buddy-ai/pkg/slack/client.go:447.48,449.3 1 0
github.com/astrostl/slack-buddy-ai/pkg/slack/client.go:452.2,458.16 3 10
github.com/astrostl/slack-buddy-ai/pkg/slack/client.go:458.16,461.3 2 0
github.com/astrostl/slack-buddy-ai/pkg/slack/client.go:464.2,467.35 2 10
github.com/astrostl/slack-buddy-ai/pkg/slack/client.go:467.35,468.32 1 8
github.com/astrostl/slack-buddy-ai/pkg/slack/client.go:468.32,470.4 1 8
github.com/astrostl/slack-buddy-ai/pkg/slack/client.go:473.2,473.62 1 2
github.com/astrostl/slack-buddy-ai/pkg/slack/client.go:476.126,489.48 5 4
github.com/astrostl/slack-buddy-ai/pkg/slack/client.go:489.48,491.3 1 0
github.com/astrostl/slack-buddy-ai/pkg/slack/client.go:493.2,498.16 2 4
github.com/astrostl/slack-buddy-ai/pkg/slack/client.go:498.16,500.3 1 1
github.com/astrostl/slack-buddy-ai/pkg/slack/client.go:502.2,510.33 5 3
github.com/astrostl/slack-buddy-ai/pkg/slack/client.go:510.33,514.32 2 7
github.com/astrostl/slack-buddy-ai/pkg/slack/client.go:514.32,521.12 3 1
github.com/astrostl/slack-buddy-ai/pkg/slack/client.go:525.3,525.35 1 6
github.com/astrostl/slack-buddy-ai/pkg/slack/client.go:525.35,528.12 3 4
github.com/astrostl/slack-buddy-ai/pkg/slack/client.go:532.3,532.48 1 2
github.com/astrostl/slack-buddy-ai/pkg/slack/client.go:532.48,538.12 3 0
github.com/astrostl/slack-buddy-ai/pkg/slack/client.go:541.3,541.52 1 2
github.com/astrostl/slack-buddy-ai/pkg/slack/client.go:544.2,555.16 3 3
github.com/astrostl/slack-buddy-ai/pkg/slack/client.go:555.16,557.3 1 0
github.com/astrostl/slack-buddy-ai/pkg/slack/client.go:558.2,561.39 2 3
github.com/astrostl/slack-buddy-ai/pkg/slack/client.go:561.39,566.17 3 2
github.com/astrostl/slack-buddy-ai/pkg/slack/client.go:566.17,570.90 2 0
github.com/astrostl/slack-buddy-ai/pkg/slack/client.go:570.90,576.5 2 0
github.com/astrostl/slack-buddy-ai/pkg/slack/client.go:578.4,578.50 1 0
github.com/astrostl/slack-buddy-ai/pkg/slack/client.go:578.50,586.5 4 0
github.com/astrostl/slack-buddy-ai/pkg/slack/client.go:586.10,592.13 2 0
github.com/astrostl/slack-buddy-ai/pkg/slack/client.go:596.3,616.17 4 2
github.com/astrostl/slack-buddy-ai/pkg/slack/client.go:616.17,620.62 2 0
github.com/astrostl/slack-buddy-ai/pkg/slack/client.go:620.62,627.5 2 0
github.com/astrostl/slack-buddy-ai/pkg/slack/client.go:628.9,630.39 1 2
github.com/astrostl/slack-buddy-ai/pkg/slack/client.go:630.39,636.5 2 2
github.com/astrostl/slack-buddy-ai/pkg/slack/client.go:640.2,645.31 2 3
github.com/astrostl/slack-buddy-ai/pkg/slack/client.go:649.164,662.48 5 2
github.com/astrostl/slack-buddy-ai/pkg/slack/client.go:662.48,664.3 1 0
github.com/astrostl/slack-buddy-ai/pkg/slack/client.go:666.2,671.16 2 2
github.com/astrostl/slack-buddy-ai/pkg/slack/client.go:671.16,673.3 1 1
github.com/astrostl/slack-buddy-ai/pkg/slack/client.go:675.2,683.33 5 1
github.com/astrostl/slack-buddy-ai/pkg/slack/client.go:683.33,685.35 1 2
github.com/astrostl/slack-buddy-ai/pkg/slack/client.go:685.35,687.12 2 0
github.com/astrostl/slack-buddy-ai/pkg/slack/client.go:691.3,692.32 2 2
github.com/astrostl/slack-buddy-ai/pkg/slack/client.go:692.32,694.12 2 0
github.com/astrostl/slack-buddy-ai/pkg/slack/client.go:698.3,698.48 1 2
github.com/astrostl/slack-buddy-ai/pkg/slack/client.go:698.48,700.12 2 0
github.com/astrostl/slack-buddy-ai/pkg/slack/client.go:703.3,703.52 1 2
github.com/astrostl/slack-buddy-ai/pkg/slack/client.go:706.2,722.16 7 1
github.com/astrostl/slack-buddy-ai/pkg/slack/client.go:722.16,724.3 1 0
github.com/astrostl/slack-buddy-ai/pkg/slack/client.go:725.2,733.39 5 1
github.com/astrostl/slack-buddy-ai/pkg/slack/client.go:733.39,737.17 3 2
github.com/astrostl/slack-buddy-ai/pkg/slack/client.go:737.17,746.90 3 0
github.com/astrostl/slack-buddy-ai/pkg/slack/client.go:746.90,754.5 3 0
github.com/astrostl/slack-buddy-ai/pkg/slack/client.go:756.4,757.12 2 0
github.com/astrostl/slack-buddy-ai/pkg/slack/client.go:760.3,777.28 4 2
github.com/astrostl/slack-buddy-ai/pkg/slack/client.go:777.28,779.4 1 0
github.com/astrostl/slack-buddy-ai/pkg/slack/client.go:779.9,782.43 3 2
github.com/astrostl/slack-buddy-ai/pkg/slack/client.go:782.43,785.5 2 0
github.com/astrostl/slack-buddy-ai/pkg/slack/client.go:788.3,791.25 2 2
github.com/astrostl/slack-buddy-ai/pkg/slack/client.go:791.25,794.29 2 2
github.com/astrostl/slack-buddy-ai/pkg/slack/client.go:794.29,796.5 1 0
github.com/astrostl/slack-buddy-ai/pkg/slack/client.go:799.4,802.25 3 2
github.com/astrostl/slack-buddy-ai/pkg/slack/client.go:802.25,804.5 1 0
github.com/astrostl/slack-buddy-ai/pkg/slack/client.go:807.4,808.24 2 2
github.com/astrostl/slack-buddy-ai/pkg/slack/client.go:808.24,810.5 1 0
github.com/astrostl/slack-buddy-ai/pkg/slack/client.go:812.4,812.100 1 2
github.com/astrostl/slack-buddy-ai/pkg/slack/client.go:814.3,817.17 2 2
github.com/astrostl/slack-buddy-ai/pkg/slack/client.go:817.17,821.26 2 0
github.com/astrostl/slack-buddy-ai/pkg/slack/client.go:821.26,828.5 2 0
github.com/astrostl/slack-buddy-ai/pkg/slack/client.go:829.9,829.45 1 2
github.com/astrostl/slack-buddy-ai/pkg/slack/client.go:829.45,837.4 2 1
github.com/astrostl/slack-buddy-ai/pkg/slack/client.go:840.2,845.31 2 1
github.com/astrostl/slack-buddy-ai/pkg/slack/client.go:849.220,864.48 5 1
github.com/astrostl/slack-buddy-ai/pkg/slack/client.go:864.48,866.3 1 0
github.com/astrostl/slack-buddy-ai/pkg/slack/client.go:868.2,873.16 2 1
github.com/astrostl/slack-buddy-ai/pkg/slack/client.go:873.16,875.3 1 0
github.com/astrostl/slack-buddy-ai/pkg/slack/client.go:877.2,885.33 5 1
github.com/astrostl/slack-buddy-ai/pkg/slack/client.go:885.33,887.83 1 3
github.com/astrostl/slack-buddy-ai/pkg/slack/client.go:887.83,889.12 2 2
github.com/astrostl/slack-buddy-ai/pkg/slack/client.go:893.3,893.35 1 1
github.com/astrostl/slack-buddy-ai/pkg/slack/client.go:893.35,895.12 2 0
github.com/astrostl/slack-buddy-ai/pkg/slack/client.go:899.3,900.32 2 1
github.com/astrostl/slack-buddy-ai/pkg/slack/client.go:900.32,902.12 2 0
github.com/astrostl/slack-buddy-ai/pkg/slack/client.go:906.3,906.48 1 1
github.com/astrostl/slack-buddy-ai/pkg/slack/client.go:906.48,908.12 2 0
github.com/astrostl/slack-buddy-ai/pkg/slack/client.go:911.3,911.52 1 1
github.com/astrostl/slack-buddy-ai/pkg/slack/client.go:914.2,931.16 7 1
github.com/astrostl/slack-buddy-ai/pkg/slack/client.go:931.16,933.3 1 0
github.com/astrostl/slack-buddy-ai/pkg/slack/client.go:934.2,942.39 5 1
github.com/astrostl/slack-buddy-ai/pkg/slack/client.go:942.39,946.17 3 1
github.com/astrostl/slack-buddy-ai/pkg/slack/client.go:946.17,955.90 3 0
github.com/astrostl/slack-buddy-ai/pkg/slack/client.go:955.90,963.5 3 0
github.com/astrostl/slack-buddy-ai/pkg/slack/client.go:965.4,966.12 2 0
github.com/astrostl/slack-buddy-ai/pkg/slack/client.go:969.3,986.28 4 1
github.com/astrostl/slack-buddy-ai/pkg/slack/client.go:986.28,988.4 1 0
github.com/astrostl/slack-buddy-ai/pkg/slack/client.go:988.9,991.43 3 1
github.com/astrostl/slack-buddy-ai/pkg/slack/client.go:991.43,994.5 2 0
github.com/astrostl/slack-buddy-ai/pkg/slack/client.go:997.3,1000.25 2 1
github.com/astrostl/slack-buddy-ai/pkg/slack/client.go:1000.25,1003.29 2 1
github.com/astrostl/slack-buddy-ai/pkg/slack/client.go:1003.29,1005.5 1 0
github.com/astrostl/slack-buddy-ai/pkg/slack/client.go:1008.4,1011.25 3 1
github.com/astrostl/slack-buddy-ai/pkg/slack/client.go:1011.25,1013.5 1 0
github.com/astrostl/slack-buddy-ai/pkg/slack/client.go:1016.4,1017.24 2 1
github.com/astrostl/slack-buddy-ai/pkg/slack/client.go:1017.24,1019.5 1 0
github.com/astrostl/slack-buddy-ai/pkg/slack/client.go:1021.4,1021.100 1 1
github.com/astrostl/slack-buddy-ai/pkg/slack/client.go:1023.3,1026.17 2 1
github.com/astrostl/slack-buddy-ai/pkg/slack/client.go:1026.17,1030.26 2 0
github.com/astrostl/slack-buddy-ai/pkg/slack/client.go:1030.26,1037.5 2 0
github.com/astrostl/slack-buddy-ai/pkg/slack/client.go:1038.9,1038.45 1 1
github.com/astrostl/slack-buddy-ai/pkg/slack/client.go:1038.45,1046.4 2 1
github.com/astrostl/slack-buddy-ai/pkg/slack/client.go:1049.2,1054.31 2 1
github.com/astrostl/slack-buddy-ai/pkg/slack/client.go:1058.118,1060.43 1 13
github.com/astrostl/slack-buddy-ai/pkg/slack/client.go:1060.43,1061.30 1 10
github.com/astrostl/slack-buddy-ai/pkg/slack/client.go:1061.30,1068.4 2 3
github.com/astrostl/slack-buddy-ai/pkg/slack/client.go:1072.2,1072.41 1 10
github.com/astrostl/slack-buddy-ai/pkg/slack/client.go:1072.41,1073.45 1 9
github.com/astrostl/slack-buddy-ai/pkg/slack/client.go:1073.45,1080.4 2 3
github.com/astrostl/slack-buddy-ai/pkg/slack/client.go:1083.2,1083.14 1 7
github.com/astrostl/slack-buddy-ai/pkg/slack/client.go:1087.45,1088.21 1 10
github.com/astrostl/slack-buddy-ai/pkg/slack/client.go:1088.21,1090.19 2 3
github.com/astrostl/slack-buddy-ai/pkg/slack/client.go:1090.19,1092.4 1 1
github.com/astrostl/slack-buddy-ai/pkg/slack/client.go:1093.3,1093.44 1 2
github.com/astrostl/slack-buddy-ai/pkg/slack/client.go:1096.2,1096.19 1 7
github.com/astrostl/slack-buddy-ai/pkg/slack/client.go:1096.19,1098.19 2 4
github.com/astrostl/slack-buddy-ai/pkg/slack/client.go:1098.19,1100.4 1 1
github.com/astrostl/slack-buddy-ai/pkg/slack/client.go:1101.3,1101.44 1 3
github.com/astrostl/slack-buddy-ai/pkg/slack/client.go:1104.2,1104.22 1 3
github.com/astrostl/slack-buddy-ai/pkg/slack/client.go:1104.22,1106.17 2 2
github.com/astrostl/slack-buddy-ai/pkg/slack/client.go:1106.17,1108.4 1 2
github.com/astrostl/slack-buddy-ai/pkg/slack/client.go:1109.3,1109.40 1 0
github.com/astrostl/slack-buddy-ai/pkg/slack/client.go:1112.2,1113.15 2 1
github.com/astrostl/slack-buddy-ai/pkg/slack/client.go:1113.15,1115.3 1 1
github.com/astrostl/slack-buddy-ai/pkg/slack/client.go:1116.2,1116.37 1 0
github.com/astrostl/slack-buddy-ai/pkg/slack/client.go:1119.153,1123.2 1 2
github.com/astrostl/slack-buddy-ai/pkg/slack/client.go:1125.131,1129.53 3 6
github.com/astrostl/slack-buddy-ai/pkg/slack/client.go:1129.53,1133.49 2 6
github.com/astrostl/slack-buddy-ai/pkg/slack/client.go:1133.49,1136.4 2 0
github.com/astrostl/slack-buddy-ai/pkg/slack/client.go:1137.3,1150.17 4 6
github.com/astrostl/slack-buddy-ai/pkg/slack/client.go:1150.17,1154.90 2 1
github.com/astrostl/slack-buddy-ai/pkg/slack/client.go:1154.90,1166.29 3 0
github.com/astrostl/slack-buddy-ai/pkg/slack/client.go:1166.29,1169.26 2 0
github.com/astrostl/slack-buddy-ai/pkg/slack/client.go:1169.26,1172.7 2 0
github.com/astrostl/slack-buddy-ai/pkg/slack/client.go:1172.12,1176.7 2 0
github.com/astrostl/slack-buddy-ai/pkg/slack/client.go:1177.6,1177.14 1 0
github.com/astrostl/slack-buddy-ai/pkg/slack/client.go:1180.5,1181.149 2 0
github.com/astrostl/slack-buddy-ai/pkg/slack/client.go:1185.4,1185.96 1 1
github.com/astrostl/slack-buddy-ai/pkg/slack/client.go:1189.3,1189.8 1 5
github.com/astrostl/slack-buddy-ai/pkg/slack/client.go:1192.2,1194.32 2 5
github.com/astrostl/slack-buddy-ai/pkg/slack/client.go:1194.32,1197.3 1 1
github.com/astrostl/slack-buddy-ai/pkg/slack/client.go:1200.2,1204.39 4 4
github.com/astrostl/slack-buddy-ai/pkg/slack/client.go:1204.39,1205.36 1 4
github.com/astrostl/slack-buddy-ai/pkg/slack/client.go:1205.36,1207.70 2 3
github.com/astrostl/slack-buddy-ai/pkg/slack/client.go:1207.70,1209.5 1 3
github.com/astrostl/slack-buddy-ai/pkg/slack/client.go:1210.4,1210.9 1 3
github.com/astrostl/slack-buddy-ai/pkg/slack/client.go:1215.2,1215.24 1 4
github.com/astrostl/slack-buddy-ai/pkg/slack/client.go:1215.24,1217.3 1 1
github.com/astrostl/slack-buddy-ai/pkg/slack/client.go:1220.2,1220.101 1 3
github.com/astrostl/slack-buddy-ai/pkg/slack/client.go:1220.101,1223.3 1 0
github.com/astrostl/slack-buddy-ai/pkg/slack/client.go:1226.2,1226.35 1 3
github.com/astrostl/slack-buddy-ai/pkg/slack/client.go:1226.35,1228.3 1 3
github.com/astrostl/slack-buddy-ai/pkg/slack/client.go:1232.2,1232.59 1 0
github.com/astrostl/slack-buddy-ai/pkg/slack/client.go:1235.150,1239.53 3 1
github.com/astrostl/slack-buddy-ai/pkg/slack/client.go:1239.53,1243.49 2 1
github.com/astrostl/slack-buddy-ai/pkg/slack/client.go:1243.49,1246.4 2 0
github.com/astrostl/slack-buddy-ai/pkg/slack/client.go:1247.3,1256.17 4 1
github.com/astrostl/slack-buddy-ai/pkg/slack/client.go:1256.17,1260.90 2 0
github.com/astrostl/slack-buddy-ai/pkg/slack/client.go:1260.90,1272.29 3 0
github.com/astrostl/slack-buddy-ai/pkg/slack/client.go:1272.29,1275.26 2 0
github.com/astrostl/slack-buddy-ai/pkg/slack/client.go:1275.26,1278.7 2 0
github.com/astrostl/slack-buddy-ai/pkg/slack/client.go:1278.12,1282.7 2 0
github.com/astrostl/slack-buddy-ai/pkg/slack/client.go:1283.6,1283.14 1 0
github.com/astrostl/slack-buddy-ai/pkg/slack/client.go:1286.5,1287.158 2 0
github.com/astrostl/slack-buddy-ai/pkg/slack/client.go:1291.4,1291.105 1 0
github.com/astrostl/slack-buddy-ai/pkg/slack/client.go:1295.3,1295.8 1 1
github.com/astrostl/slack-buddy-ai/pkg/slack/client.go:1298.2,1300.32 2 1
github.com/astrostl/slack-buddy-ai/pkg/slack/client.go:1300.32,1302.3 1 0
github.com/astrostl/slack-buddy-ai/pkg/slack/client.go:1305.2,1309.39 4 1
github.com/astrostl/slack-buddy-ai/pkg/slack/client.go:1309.39,1311.17 2 1
github.com/astrostl/slack-buddy-ai/pkg/slack/client.go:1311.17,1312.12 1 0
github.com/astrostl/slack-buddy-ai/pkg/slack/client.go:1316.3,1316.86 1 1
github.com/astrostl/slack-buddy-ai/pkg/slack/client.go:1316.86,1318.40 2 0
github.com/astrostl/slack-buddy-ai/pkg/slack/client.go:1318.40,1320.5 1 0
github.com/astrostl/slack-buddy-ai/pkg/slack/client.go:1324.3,1324.98 1 1
github.com/astrostl/slack-buddy-ai/pkg/slack/client.go:1324.98,1326.4 1 0
github.com/astrostl/slack-buddy-ai/pkg/slack/client.go:1330.2,1330.65 1 1
github.com/astrostl/slack-buddy-ai/pkg/slack/client.go:1330.65,1331.107 1 1
github.com/astrostl/slack-buddy-ai/pkg/slack/client.go:1331.107,1333.4 1 1
github.com/astrostl/slack-buddy-ai/pkg/slack/client.go:1336.2,1336.70 1 1
github.com/astrostl/slack-buddy-ai/pkg/slack/client.go:1339.80,1344.30 4 12
github.com/astrostl/slack-buddy-ai/pkg/slack/client.go:1344.30,1346.19 1 12
github.com/astrostl/slack-buddy-ai/pkg/slack/client.go:1346.19,1349.12 3 1
github.com/astrostl/slack-buddy-ai/pkg/slack/client.go:1353.3,1354.49 2 11
github.com/astrostl/slack-buddy-ai/pkg/slack/client.go:1354.49,1357.4 2 0
github.com/astrostl/slack-buddy-ai/pkg/slack/client.go:1358.3,1362.17 3 11
github.com/astrostl/slack-buddy-ai/pkg/slack/client.go:1362.17,1366.48 2 6
github.com/astrostl/slack-buddy-ai/pkg/slack/client.go:1366.48,1369.5 2 1
github.com/astrostl/slack-buddy-ai/pkg/slack/client.go:1372.4,1372.54 1 5
github.com/astrostl/slack-buddy-ai/pkg/slack/client.go:1372.54,1376.13 4 1
github.com/astrostl/slack-buddy-ai/pkg/slack/client.go:1380.4,1380.47 1 4
github.com/astrostl/slack-buddy-ai/pkg/slack/client.go:1380.47,1384.13 4 1
github.com/astrostl/slack-buddy-ai/pkg/slack/client.go:1387.4,1387.47 1 3
github.com/astrostl/slack-buddy-ai/pkg/slack/client.go:1387.47,1391.13 4 1
github.com/astrostl/slack-buddy-ai/pkg/slack/client.go:1395.4,1395.49 1 2
github.com/astrostl/slack-buddy-ai/pkg/slack/client.go:1395.49,1397.5 1 1
github.com/astrostl/slack-buddy-ai/pkg/slack/client.go:1399.4,1399.48 1 1
github.com/astrostl/slack-buddy-ai/pkg/slack/client.go:1399.48,1401.5 1 1
github.com/astrostl/slack-buddy-ai/pkg/slack/client.go:1404.4,1405.12 2 0
github.com/astrostl/slack-buddy-ai/pkg/slack/client.go:1408.3,1410.76 3 5
github.com/astrostl/slack-buddy-ai/pkg/slack/client.go:1413.2,1419.26 2 9
github.com/astrostl/slack-buddy-ai/pkg/slack/client.go:1419.26,1421.3 1 0
github.com/astrostl/slack-buddy-ai/pkg/slack/client.go:1423.2,1423.25 1 9
github.com/astrostl/slack-buddy-ai/pkg/slack/client.go:1426.61,1438.42 3 9
github.com/astrostl/slack-buddy-ai/pkg/slack/client.go:1438.42,1439.43 1 40
github.com/astrostl/slack-buddy-ai/pkg/slack/client.go:1439.43,1441.4 1 4
github.com/astrostl/slack-buddy-ai/pkg/slack/client.go:1443.2,1443.14 1 5
github.com/astrostl/slack-buddy-ai/pkg/slack/client.go:1446.87,1453.15 3 5
github.com/astrostl/slack-buddy-ai/pkg/slack/client.go:1453.15,1455.3 1 0
github.com/astrostl/slack-buddy-ai/pkg/slack/client.go:1457.2,1466.51 2 5
github.com/astrostl/slack-buddy-ai/pkg/slack/client.go:1466.51,1468.17 2 0
github.com/astrostl/slack-buddy-ai/pkg/slack/client.go:1468.17,1475.39 2 0
github.com/astrostl/slack-buddy-ai/pkg/slack/client.go:1475.39,1477.5 1 0
github.com/astrostl/slack-buddy-ai/pkg/slack/client.go:1478.9,1484.4 1 0
github.com/astrostl/slack-buddy-ai/pkg/slack/client.go:1489.2,1489.14 1 5
github.com/astrostl/slack-buddy-ai/pkg/slack/client.go:1492.40,1494.47 1 7
github.com/astrostl/slack-buddy-ai/pkg/slack/client.go:1494.47,1496.3 1 7
github.com/astrostl/slack-buddy-ai/pkg/slack/client.go:1497.2,1497.11 1 0
github.com/astrostl/slack-buddy-ai/pkg/slack/client.go:1500.56,1503.21 2 8
github.com/astrostl/slack-buddy-ai/pkg/slack/client.go:1503.21,1505.3 1 0
github.com/astrostl/slack-buddy-ai/pkg/slack/client.go:1507.2,1508.16 2 8
github.com/astrostl/slack-buddy-ai/pkg/slack/client.go:1508.16,1510.3 1 0
github.com/astrostl/slack-buddy-ai/pkg/slack/client.go:1512.2,1512.35 1 8
github.com/astrostl/slack-buddy-ai/pkg/slack/client.go:1515.94,1517.54 1 2
github.com/astrostl/slack-buddy-ai/pkg/slack/client.go:1517.54,1523.3 2 1
github.com/astrostl/slack-buddy-ai/pkg/slack/client.go:1525.2,1532.54 3 1
github.com/astrostl/slack-buddy-ai/pkg/slack/client.go:1535.60,1542.48 4 7
github.com/astrostl/slack-buddy-ai/pkg/slack/client.go:1542.48,1544.3 1 0
github.com/astrostl/slack-buddy-ai/pkg/slack/client.go:1546.2,1547.16 2 7
github.com/astrostl/slack-buddy-ai/pkg/slack/client.go:1547.16,1556.47 3 2
github.com/astrostl/slack-buddy-ai/pkg/slack/client.go:1556.47,1559.4 2 0
github.com/astrostl/slack-buddy-ai/pkg/slack/client.go:1562.3,1562.53 1 2
github.com/astrostl/slack-buddy-ai/pkg/slack/client.go:1562.53,1566.4 3 0
github.com/astrostl/slack-buddy-ai/pkg/slack/client.go:1569.3,1569.48 1 2
github.com/astrostl/slack-buddy-ai/pkg/slack/client.go:1569.48,1571.4 1 0
github.com/astrostl/slack-buddy-ai/pkg/slack/client.go:1573.3,1573.52 1 2
github.com/astrostl/slack-buddy-ai/pkg/slack/client.go:1573.52,1575.4 1 0
github.com/astrostl/slack-buddy-ai/pkg/slack/client.go:1577.3,1577.46 1 2
github.com/astrostl/slack-buddy-ai/pkg/slack/client.go:1577.46,1579.4 1 0
github.com/astrostl/slack-buddy-ai/pkg/slack/client.go:1581.3,1581.46 1 2
github.com/astrostl/slack-buddy-ai/pkg/slack/client.go:1581.46,1584.4 2 0
github.com/astrostl/slack-buddy-ai/pkg/slack/client.go:1587.3,1591.72 2 2
github.com/astrostl/slack-buddy-ai/pkg/slack/client.go:1594.2,1596.12 3 5
github.com/astrostl/slack-buddy-ai/pkg/slack/client.go:1599.74,1609.48 4 12
github.com/astrostl/slack-buddy-ai/pkg/slack/client.go:1609.48,1611.3 1 0
github.com/astrostl/slack-buddy-ai/pkg/slack/client.go:1613.2,1614.16 2 12
github.com/astrostl/slack-buddy-ai/pkg/slack/client.go:1614.16,1623.47 3 5
github.com/astrostl/slack-buddy-ai/pkg/slack/client.go:1623.47,1626.4 2 1
github.com/astrostl/slack-buddy-ai/pkg/slack/client.go:1628.3,1628.48 1 4
github.com/astrostl/slack-buddy-ai/pkg/slack/client.go:1628.48,1631.4 2 1
github.com/astrostl/slack-buddy-ai/pkg/slack/client.go:1632.3,1632.52 1 3
github.com/astrostl/slack-buddy-ai/pkg/slack/client.go:1632.52,1635.4 2 1
github.com/astrostl/slack-buddy-ai/pkg/slack/client.go:1636.3,1636.49 1 2
github.com/astrostl/slack-buddy-ai/pkg/slack/client.go:1636.49,1639.4 2 1
github.com/astrostl/slack-buddy-ai/pkg/slack/client.go:1640.3,1640.80 1 1
github.com/astrostl/slack-buddy-ai/pkg/slack/client.go:1644.2,1647.12 3 7
github.com/astrostl/slack-buddy-ai/pkg/slack/client.go:1650.104,1657.23 4 13
github.com/astrostl/slack-buddy-ai/pkg/slack/client.go:1657.23,1659.19 2 11
github.com/astrostl/slack-buddy-ai/pkg/slack/client.go:1659.19,1661.4 1 2
github.com/astrostl/slack-buddy-ai/pkg/slack/client.go:1661.9,1661.26 1 9
github.com/astrostl/slack-buddy-ai/pkg/slack/client.go:1661.26,1663.4 1 2
github.com/astrostl/slack-buddy-ai/pkg/slack/client.go:1663.9,1665.18 2 7
github.com/astrostl/slack-buddy-ai/pkg/slack/client.go:1665.18,1667.5 1 2
github.com/astrostl/slack-buddy-ai/pkg/slack/client.go:1667.10,1667.25 1 5
github.com/astrostl/slack-buddy-ai/pkg/slack/client.go:1667.25,1669.5 1 3
github.com/astrostl/slack-buddy-ai/pkg/slack/client.go:1669.10,1671.18 2 2
github.com/astrostl/slack-buddy-ai/pkg/slack/client.go:1671.18,1673.6 1 1
github.com/astrostl/slack-buddy-ai/pkg/slack/client.go:1673.11,1675.6 1 1
github.com/astrostl/slack-buddy-ai/pkg/slack/client.go:1680.2,1684.26 3 13
github.com/astrostl/slack-buddy-ai/pkg/slack/client.go:1684.26,1686.19 2 11
github.com/astrostl/slack-buddy-ai/pkg/slack/client.go:1686.19,1688.4 1 7
github.com/astrostl/slack-buddy-ai/pkg/slack/client.go:1688.9,1690.4 1 4
github.com/astrostl/slack-buddy-ai/pkg/slack/client.go:1693.2,1702.25 7 13
github.com/astrostl/slack-buddy-ai/pkg/slack/client.go:1705.104,1712.23 4 6
github.com/astrostl/slack-buddy-ai/pkg/slack/client.go:1712.23,1714.19 2 6
github.com/astrostl/slack-buddy-ai/pkg/slack/client.go:1714.19,1716.4 1 0
github.com/astrostl/slack-buddy-ai/pkg/slack/client.go:1716.9,1716.26 1 6
github.com/astrostl/slack-buddy-ai/pkg/slack/client.go:1716.26,1718.4 1 2
github.com/astrostl/slack-buddy-ai/pkg/slack/client.go:1718.9,1720.18 2 4
github.com/astrostl/slack-buddy-ai/pkg/slack/client.go:1720.18,1722.5 1 0
github.com/astrostl/slack-buddy-ai/pkg/slack/client.go:1722.10,1722.25 1 4
github.com/astrostl/slack-buddy-ai/pkg/slack/client.go:1722.25,1724.5 1 4
github.com/astrostl/slack-buddy-ai/pkg/slack/client.go:1724.10,1726.18 2 0
github.com/astrostl/slack-buddy-ai/pkg/slack/client.go:1726.18,1728.6 1 0
github.com/astrostl/slack-buddy-ai/pkg/slack/client.go:1728.11,1730.6 1 0
github.com/astrostl/slack-buddy-ai/pkg/slack/client.go:1736.2,1737.26 2 6
github.com/astrostl/slack-buddy-ai/pkg/slack/client.go:1737.26,1739.19 2 6
github.com/astrostl/slack-buddy-ai/pkg/slack/client.go:1739.19,1741.4 1 2
github.com/astrostl/slack-buddy-ai/pkg/slack/client.go:1741.9,1741.26 1 4
github.com/astrostl/slack-buddy-ai/pkg/slack/client.go:1741.26,1743.4 1 0
github.com/astrostl/slack-buddy-ai/pkg/slack/client.go:1743.9,1745.18 2 4
github.com/astrostl/slack-buddy-ai/pkg/slack/client.go:1745.18,1747.5 1 4
github.com/astrostl/slack-buddy-ai/pkg/slack/client.go:1747.10,1747.25 1 0
github.com/astrostl/slack-buddy-ai/pkg/slack/client.go:1747.25,1749.5 1 0
github.com/astrostl/slack-buddy-ai/pkg/slack/client.go:1749.10,1751.18 2 0
github.com/astrostl/slack-buddy-ai/pkg/slack/client.go:1751.18,1753.6 1 0
github.com/astrostl/slack-buddy-ai/pkg/slack/client.go:1753.11,1755.6 1 0
github.com/astrostl/slack-buddy-ai/pkg/slack/client.go:1760.2,1772.25 9 6
github.com/astrostl/slack-buddy-ai/pkg/slack/client.go:1775.56,1778.2 1 1
github.com/astrostl/slack-buddy-ai/pkg/slack/client.go:1780.103,1784.54 2 5
github.com/astrostl/slack-buddy-ai/pkg/slack/client.go:1784.54,1790.3 1 1
github.com/astrostl/slack-buddy-ai/pkg/slack/client.go:1793.2,1794.78 2 5
github.com/astrostl/slack-buddy-ai/pkg/slack/client.go:1794.78,1800.3 1 0
github.com/astrostl/slack-buddy-ai/pkg/slack/client.go:1800.8,1802.3 1 5
github.com/astrostl/slack-buddy-ai/pkg/slack/client.go:1805.2,1808.48 3 5
github.com/astrostl/slack-buddy-ai/pkg/slack/client.go:1808.48,1810.3 1 0
github.com/astrostl/slack-buddy-ai/pkg/slack/client.go:1812.2,1813.16 2 5
github.com/astrostl/slack-buddy-ai/pkg/slack/client.go:1813.16,1822.47 3 2
github.com/astrostl/slack-buddy-ai/pkg/slack/client.go:1822.47,1825.4 2 0
github.com/astrostl/slack-buddy-ai/pkg/slack/client.go:1827.3,1827.48 1 2
github.com/astrostl/slack-buddy-ai/pkg/slack/client.go:1827.48,1829.4 1 1
github.com/astrostl/slack-buddy-ai/pkg/slack/client.go:1831.3,1831.52 1 1
github.com/astrostl/slack-buddy-ai/pkg/slack/client.go:1831.52,1833.4 1 0
github.com/astrostl/slack-buddy-ai/pkg/slack/client.go:1835.3,1835.51 1 1
github.com/astrostl/slack-buddy-ai/pkg/slack/client.go:1835.51,1838.4 2 1
github.com/astrostl/slack-buddy-ai/pkg/slack/client.go:1840.3,1840.75 1 0
github.com/astrostl/slack-buddy-ai/pkg/slack/client.go:1843.2,1845.12 3 3
github.com/astrostl/slack-buddy-ai/pkg/slack/client.go:1848.63,1855.48 4 3
github.com/astrostl/slack-buddy-ai/pkg/slack/client.go:1855.48,1857.3 1 0
github.com/astrostl/slack-buddy-ai/pkg/slack/client.go:1859.2,1863.16 2 3
github.com/astrostl/slack-buddy-ai/pkg/slack/client.go:1863.16,1871.47 3 1
github.com/astrostl/slack-buddy-ai/pkg/slack/client.go:1871.47,1874.4 2 0
github.com/astrostl/slack-buddy-ai/pkg/slack/client.go:1876.3,1876.48 1 1
github.com/astrostl/slack-buddy-ai/pkg/slack/client.go:1876.48,1879.4 2 0
github.com/astrostl/slack-buddy-ai/pkg/slack/client.go:1880.3,1880.47 1 1
github.com/astrostl/slack-buddy-ai/pkg/slack/client.go:1880.47,1883.4 2 0
github.com/astrostl/slack-buddy-ai/pkg/slack/client.go:1884.3,1884.65 1 1
github.com/astrostl/slack-buddy-ai/pkg/slack/client.go:1888.2,1893.30 4 2
github.com/astrostl/slack-buddy-ai/pkg/slack/client.go:1893.30,1918.52 3 2
github.com/astrostl/slack-buddy-ai/pkg/slack/client.go:1918.52,1919.79 1 0
github.com/astrostl/slack-buddy-ai/pkg/slack/client.go:1919.79,1921.5 1 0
github.com/astrostl/slack-buddy-ai/pkg/slack/client.go:1925.3,1925.23 1 2
github.com/astrostl/slack-buddy-ai/pkg/slack/client.go:1925.23,1927.4 1 2
github.com/astrostl/slack-buddy-ai/pkg/slack/client.go:1929.3,1938.5 1 2
github.com/astrostl/slack-buddy-ai/pkg/slack/client.go:1941.2,1942.20 2 2
github.com/astrostl/slack-buddy-ai/pkg/slack/client.go:1946.131,1948.2 1 4
github.com/astrostl/slack-buddy-ai/pkg/slack/client.go:1960.168,1964.53 3 3
github.com/astrostl/slack-buddy-ai/pkg/slack/client.go:1964.53,1968.49 2 3
github.com/astrostl/slack-buddy-ai/pkg/slack/client.go:1968.49,1971.4 2 0
github.com/astrostl/slack-buddy-ai/pkg/slack/client.go:1972.3,1981.17 4 3
github.com/astrostl/slack-buddy-ai/pkg/slack/client.go:1981.17,1985.90 2 0
github.com/astrostl/slack-buddy-ai/pkg/slack/client.go:1985.90,1997.29 3 0
github.com/astrostl/slack-buddy-ai/pkg/slack/client.go:1997.29,2000.26 2 0
github.com/astrostl/slack-buddy-ai/pkg/slack/client.go:2000.26,2003.7 2 0
github.com/astrostl/slack-buddy-ai/pkg/slack/client.go:2003.12,2007.7 2 0
github.com/astrostl/slack-buddy-ai/pkg/slack/client.go:2008.6,2008.14 1 0
github.com/astrostl/slack-buddy-ai/pkg/slack/client.go:2011.5,2012.154 2 0
github.com/astrostl/slack-buddy-ai/pkg/slack/client.go:2016.4,2016.101 1 0
github.com/astrostl/slack-buddy-ai/pkg/slack/client.go:2020.3,2020.8 1 3
github.com/astrostl/slack-buddy-ai/pkg/slack/client.go:2023.2,2025.32 2 3
github.com/astrostl/slack-buddy-ai/pkg/slack/client.go:2025.32,2028.3 1 0
github.com/astrostl/slack-buddy-ai/pkg/slack/client.go:2031.2,2035.39 4 3
github.com/astrostl/slack-buddy-ai/pkg/slack/client.go:2035.39,2036.36 1 3
github.com/astrostl/slack-buddy-ai/pkg/slack/client.go:2036.36,2038.70 2 3
github.com/astrostl/slack-buddy-ai/pkg/slack/client.go:2038.70,2040.5 1 3
github.com/astrostl/slack-buddy-ai/pkg/slack/client.go:2041.4,2041.9 1 3
github.com/astrostl/slack-buddy-ai/pkg/slack/client.go:2046.2,2046.24 1 3
github.com/astrostl/slack-buddy-ai/pkg/slack/client.go:2046.24,2050.3 1 0
github.com/astrostl/slack-buddy-ai/pkg/slack/client.go:2053.2,2063.23 4 3
github.com/astrostl/slack-buddy-ai/pkg/slack/client.go:2063.23,2065.3 1 0
github.com/astrostl/slack-buddy-ai/pkg/slack/client.go:2067.2,2067.76 1 3
github.com/astrostl/slack-buddy-ai/pkg/slack/client.go:2072.58,2075.27 2 8
github.com/astrostl/slack-buddy-ai/pkg/slack/client.go:2075.27,2077.3 1 2
github.com/astrostl/slack-buddy-ai/pkg/slack/client.go:2080.2,2086.22 5 6
github.com/astrostl/slack-buddy-ai/pkg/slack/client.go:2086.22,2088.3 1 4
github.com/astrostl/slack-buddy-ai/pkg/slack/client.go:2088.8,2090.3 1 2
github.com/astrostl/slack-buddy-ai/pkg/slack/client.go:2093.2,2094.16 2 6
github.com/astrostl/slack-buddy-ai/pkg/slack/client.go:2094.16,2101.3 2 1
github.com/astrostl/slack-buddy-ai/pkg/slack/client.go:2104.2,2112.25 3 5
github.com/astrostl/slack-buddy-ai/pkg/slack/client.go:2117.46,2119.23 2 3
github.com/astrostl/slack-buddy-ai/pkg/slack/client.go:2119.23,2121.3 1 3
github.com/astrostl/slack-buddy-ai/pkg/slack/client.go:2124.2,2125.31 2 0
github.com/astrostl/slack-buddy-ai/pkg/slack/client.go:2125.31,2130.3 3 0
github.com/astrostl/slack-buddy-ai/pkg/slack/client.go:2130.8,2132.3 1 0
github.com/astrostl/slack-buddy-ai/pkg/slack/client.go:2135.2,2135.36 1 0
github.com/astrostl/slack-buddy-ai/pkg/slack/client.go:2135.36,2137.3 1 0
github.com/astrostl/slack-buddy-ai/pkg/slack/client.go:2138.2,2141.54 2 0
github.com/astrostl/slack-buddy-ai/pkg/slack/client.go:2141.54,2146.32 3 0
github.com/astrostl/slack-buddy-ai/pkg/slack/client.go:2146.32,2148.4 1 0
github.com/astrostl/slack-buddy-ai/pkg/slack/client.go:2151.3,2151.37 1 0
github.com/astrostl/slack-buddy-ai/pkg/slack/client.go:2151.37,2152.20 1 0
github.com/astrostl/slack-buddy-ai/pkg/slack/client.go:2152.20,2154.5 1 0
github.com/astrostl/slack-buddy-ai/pkg/slack/client.go:2154.10,2156.5 1 0
github.com/astrostl/slack-buddy-ai/pkg/slack/client.go:2158.3,2158.64 1 0
github.com/astrostl/slack-buddy-ai/pkg/slack/client.go:2162.2,2162.41 1 0
github.com/astrostl/slack-buddy-ai/pkg/slack/client.go:2167.62,2169.23 1 8
github.com/astrostl/slack-buddy-ai/pkg/slack/client.go:2169.23,2191.45 2 2
github.com/astrostl/slack-buddy-ai/pkg/slack/client.go:2191.45,2192.33 1 2
github.com/astrostl/slack-buddy-ai/pkg/slack/client.go:2192.33,2194.5 1 2
github.com/astrostl/slack-buddy-ai/pkg/slack/client.go:2199.2,2214.44 3 6
github.com/astrostl/slack-buddy-ai/pkg/slack/client.go:2214.44,2215.38 1 66
github.com/astrostl/slack-buddy-ai/pkg/slack/client.go:2215.38,2217.4 1 0
github.com/astrostl/slack-buddy-ai/pkg/slack/client.go:2221.2,2221.35 1 6
github.com/astrostl/slack-buddy-ai/pkg/slack/client.go:2221.35,2223.3 1 0
github.com/astrostl/slack-buddy-ai/pkg/slack/client.go:2226.2,2226.13 1 6
github.com/astrostl/slack-buddy-ai/pkg/slack/client.go:2230.58,2235.48 3 4
github.com/astrostl/slack-buddy-ai/pkg/slack/client.go:2235.48,2237.3 1 0
github.com/astrostl/slack-buddy-ai/pkg/slack/client.go:2239.2,2240.16 2 4
github.com/astrostl/slack-buddy-ai/pkg/slack/client.go:2240.16,2249.89 3 2
github.com/astrostl/slack-buddy-ai/pkg/slack/client.go:2249.89,2252.4 2 0
github.com/astrostl/slack-buddy-ai/pkg/slack/client.go:2255.3,2255.48 1 2
github.com/astrostl/slack-buddy-ai/pkg/slack/client.go:2255.48,2257.4 1 1
github.com/astrostl/slack-buddy-ai/pkg/slack/client.go:2259.3,2259.57 1 1
github.com/astrostl/slack-buddy-ai/pkg/slack/client.go:2262.2,2266.29 3 2
github.com/astrostl/slack-buddy-ai/pkg/slack/client.go:2266.29,2268.24 2 4
github.com/astrostl/slack-buddy-ai/pkg/slack/client.go:2268.24,2270.4 1 3
github.com/astrostl/slack-buddy-ai/pkg/slack/client.go:2271.3,2271.24 1 4
github.com/astrostl/slack-buddy-ai/pkg/slack/client.go:2271.24,2273.4 1 2
github.com/astrostl/slack-buddy-ai/pkg/slack/client.go:2274.3,2274.24 1 4
github.com/astrostl/slack-buddy-ai/pkg/slack/client.go:2274.24,2276.4 1 2
github.com/astrostl/slack-buddy-ai/pkg/slack/client.go:2277.3,2277.33 1 4
github.com/astrostl/slack-buddy-ai/pkg/slack/client.go:2280.2,2281.21 2 2
github.com/astrostl/slack-buddy-ai/pkg/slack/client.go:2285.58,2287.2 1 4
github.com/astrostl/slack-buddy-ai/pkg/slack/client.go:2290.203,2293.39 2 3
github.com/astrostl/slack-buddy-ai/pkg/slack/client.go:2293.39,2295.3 1 0
github.com/astrostl/slack-buddy-ai/pkg/slack/client.go:2298.2,2299.20 2 3
github.com/astrostl/slack-buddy-ai/pkg/slack/client.go:2299.20,2301.3 1 0
github.com/astrostl/slack-buddy-ai/pkg/slack/client.go:2304.2,2312.68 2 3
github.com/astrostl/slack-buddy-ai/pkg/slack/interface.go:24.50,28.2 1 7
github.com/astrostl/slack-buddy-ai/pkg/slack/interface.go:30.68,32.2 1 1
github.com/astrostl/slack-buddy-ai/pkg/slack/interface.go:34.116,36.2 1 0
github.com/astrostl/slack-buddy-ai/pkg/slack/interface.go:38.142,40.2 1 0
github.com/astrostl/slack-buddy-ai/pkg/slack/interface.go:42.106,44.2 1 0
github.com/astrostl/slack-buddy-ai/pkg/slack/interface.go:46.68,48.2 1 0
github.com/astrostl/slack-buddy-ai/pkg/slack/interface.go:50.101,52.2 1 0
github.com/astrostl/slack-buddy-ai/pkg/slack/interface.go:54.57,56.2 1 0
github.com/astrostl/slack-buddy-ai/pkg/slack/mock.go:43.38,60.2 1 92
github.com/astrostl/slack-buddy-ai/pkg/slack/mock.go:62.68,63.28 1 88
github.com/astrostl/slack-buddy-ai/pkg/slack/mock.go:63.28,65.3 1 4
github.com/astrostl/slack-buddy-ai/pkg/slack/mock.go:66.2,66.32 1 84
github.com/astrostl/slack-buddy-ai/pkg/slack/mock.go:69.116,70.36 1 42
github.com/astrostl/slack-buddy-ai/pkg/slack/mock.go:70.36,72.3 1 13
github.com/astrostl/slack-buddy-ai/pkg/slack/mock.go:73.2,73.28 1 29
github.com/astrostl/slack-buddy-ai/pkg/slack/mock.go:76.142,78.88 1 10
github.com/astrostl/slack-buddy-ai/pkg/slack/mock.go:78.88,80.3 1 1
github.com/astrostl/slack-buddy-ai/pkg/slack/mock.go:83.2,83.42 1 9
github.com/astrostl/slack-buddy-ai/pkg/slack/mock.go:83.42,85.3 1 0
github.com/astrostl/slack-buddy-ai/pkg/slack/mock.go:87.2,88.13 2 9
github.com/astrostl/slack-buddy-ai/pkg/slack/mock.go:88.13,90.3 1 0
github.com/astrostl/slack-buddy-ai/pkg/slack/mock.go:94.2,95.31 2 9
github.com/astrostl/slack-buddy-ai/pkg/slack/mock.go:95.31,97.3 1 8
github.com/astrostl/slack-buddy-ai/pkg/slack/mock.go:99.2,101.8 1 9
github.com/astrostl/slack-buddy-ai/pkg/slack/mock.go:104.106,105.31 1 23
github.com/astrostl/slack-buddy-ai/pkg/slack/mock.go:105.31,107.3 1 11
github.com/astrostl/slack-buddy-ai/pkg/slack/mock.go:111.2,117.49 3 12
github.com/astrostl/slack-buddy-ai/pkg/slack/mock.go:120.68,122.81 1 5
github.com/astrostl/slack-buddy-ai/pkg/slack/mock.go:122.81,124.3 1 2
github.com/astrostl/slack-buddy-ai/pkg/slack/mock.go:127.2,127.39 1 3
github.com/astrostl/slack-buddy-ai/pkg/slack/mock.go:127.39,129.3 1 0
github.com/astrostl/slack-buddy-ai/pkg/slack/mock.go:131.2,132.12 2 3
github.com/astrostl/slack-buddy-ai/pkg/slack/mock.go:135.101,137.78 1 18
github.com/astrostl/slack-buddy-ai/pkg/slack/mock.go:137.78,139.3 1 2
github.com/astrostl/slack-buddy-ai/pkg/slack/mock.go:142.2,142.36 1 16
github.com/astrostl/slack-buddy-ai/pkg/slack/mock.go:142.36,144.3 1 6
github.com/astrostl/slack-buddy-ai/pkg/slack/mock.go:146.2,157.41 3 10
github.com/astrostl/slack-buddy-ai/pkg/slack/mock.go:160.57,161.28 1 6
github.com/astrostl/slack-buddy-ai/pkg/slack/mock.go:161.28,163.3 1 2
github.com/astrostl/slack-buddy-ai/pkg/slack/mock.go:164.2,164.21 1 4
github.com/astrostl/slack-buddy-ai/pkg/slack/mock.go:169.87,171.2 1 24
github.com/astrostl/slack-buddy-ai/pkg/slack/mock.go:173.107,188.2 2 29
github.com/astrostl/slack-buddy-ai/pkg/slack/mock.go:190.52,191.14 1 7
github.com/astrostl/slack-buddy-ai/pkg/slack/mock.go:191.14,193.3 1 6
github.com/astrostl/slack-buddy-ai/pkg/slack/mock.go:193.8,195.3 1 1
github.com/astrostl/slack-buddy-ai/pkg/slack/mock.go:198.64,199.14 1 7
github.com/astrostl/slack-buddy-ai/pkg/slack/mock.go:199.14,201.3 1 6
github.com/astrostl/slack-buddy-ai/pkg/slack/mock.go:201.8,203.3 1 1
github.com/astrostl/slack-buddy-ai/pkg/slack/mock.go:206.91,207.14 1 8
github.com/astrostl/slack-buddy-ai/pkg/slack/mock.go:207.14,208.20 1 6
github.com/astrostl/slack-buddy-ai/pkg/slack/mock.go:208.20,210.4 1 0
github.com/astrostl/slack-buddy-ai/pkg/slack/mock.go:211.3,211.54 1 6
github.com/astrostl/slack-buddy-ai/pkg/slack/mock.go:212.8,214.3 1 2
github.com/astrostl/slack-buddy-ai/pkg/slack/mock.go:217.62,218.19 1 16
github.com/astrostl/slack-buddy-ai/pkg/slack/mock.go:219.20,220.48 1 3
github.com/astrostl/slack-buddy-ai/pkg/slack/mock.go:221.23,222.51 1 3
github.com/astrostl/slack-buddy-ai/pkg/slack/mock.go:223.24,224.52 1 3
github.com/astrostl/slack-buddy-ai/pkg/slack/mock.go:225.22,226.50 1 2
github.com/astrostl/slack-buddy-ai/pkg/slack/mock.go:227.22,228.50 1 1
github.com/astrostl/slack-buddy-ai/pkg/slack/mock.go:229.23,230.51 1 1
github.com/astrostl/slack-buddy-ai/pkg/slack/mock.go:231.10,232.27 1 1
github.com/astrostl/slack-buddy-ai/pkg/slack/mock.go:233.10,234.51 1 2
github.com/astrostl/slack-buddy-ai/pkg/slack/mock.go:238.55,239.19 1 6
github.com/astrostl/slack-buddy-ai/pkg/slack/mock.go:240.22,241.55 1 1
github.com/astrostl/slack-buddy-ai/pkg/slack/mock.go:242.20,243.53 1 1
github.com/astrostl/slack-buddy-ai/pkg/slack/mock.go:244.22,245.55 1 1
github.com/astrostl/slack-buddy-ai/pkg/slack/mock.go:246.28,247.61 1 1
github.com/astrostl/slack-buddy-ai/pkg/slack/mock.go:248.21,249.54 1 1
github.com/astrostl/slack-buddy-ai/pkg/slack/mock.go:250.21,251.54 1 1
github.com/astrostl/slack-buddy-ai/pkg/slack/mock.go:252.10,253.32 1 0
github.com/astrostl/slack-buddy-ai/pkg/slack/mock.go:254.10,255.56 1 0
github.com/astrostl/slack-buddy-ai/pkg/slack/mock.go:260.60,261.14 1 4
github.com/astrostl/slack-buddy-ai/pkg/slack/mock.go:261.14,263.3 1 3
github.com/astrostl/slack-buddy-ai/pkg/slack/mock.go:263.8,265.3 1 1
github.com/astrostl/slack-buddy-ai/pkg/slack/mock.go:268.59,269.14 1 3
github.com/astrostl/slack-buddy-ai/pkg/slack/mock.go:269.14,271.3 1 2
github.com/astrostl/slack-buddy-ai/pkg/slack/mock.go:271.8,273.3 1 1
github.com/astrostl/slack-buddy-ai/pkg/slack/mock.go:276.58,278.2 1 8
github.com/astrostl/slack-buddy-ai/pkg/slack/mock.go:280.46,282.2 1 1
github.com/astrostl/slack-buddy-ai/pkg/slack/mock.go:284.92,285.34 1 0
github.com/astrostl/slack-buddy-ai/pkg/slack/mock.go:285.34,287.3 1 0
github.com/astrostl/slack-buddy-ai/pkg/slack/mock.go:289.2,298.86 2 0
github.com/astrostl/slack-buddy-ai/pkg/slack/mock.go:301.67,302.14 1 0
github.com/astrostl/slack-buddy-ai/pkg/slack/mock.go:302.14,304.3 1 0
github.com/astrostl/slack-buddy-ai/pkg/slack/mock.go:304.8,306.3 1 0
github.com/astrostl/slack-buddy-ai/pkg/slack/mock.go:310.52,312.2 1 1
github.com/astrostl/slack-buddy-ai/pkg/slack/mock.go:314.51,316.2 1 1
github.com/astrostl/slack-buddy-ai/pkg/slack/mock.go:318.55,320.2 1 1
github.com/astrostl/slack-buddy-ai/pkg/slack/mock.go:322.52,324.2 1 1
github.com/astrostl/slack-buddy-ai/pkg/slack/mock.go:326.70,327.19 1 0
github.com/astrostl/slack-buddy-ai/pkg/slack/mock.go:328.23,329.59 1 0
github.com/astrostl/slack-buddy-ai/pkg/slack/mock.go:330.27,331.63 1 0
github.com/astrostl/slack-buddy-ai/pkg/slack/mock.go:332.26,333.62 1 0
github.com/astrostl/slack-buddy-ai/pkg/slack/mock.go:334.10,335.35 1 0
github.com/astrostl/slack-buddy-ai/pkg/slack/mock.go:336.10,337.59 1 0
github.com/astrostl/slack-buddy-ai/pkg/slack/mock.go:341.55,343.2 1 0
github.com/astrostl/slack-buddy-ai/pkg/slack/mock.go:345.48,347.2 1 0
github.com/astrostl/slack-buddy-ai/pkg/slack/mock.go:349.67,350.19 1 0
github.com/astrostl/slack-buddy-ai/pkg/slack/mock.go:351.23,352.56 1 0
github.com/astrostl/slack-buddy-ai/pkg/slack/mock.go:353.27,354.60 1 0
github.com/astrostl/slack-buddy-ai/pkg/slack/mock.go:355.28,356.61 1 0
github.com/astrostl/slack-buddy-ai/pkg/slack/mock.go:357.10,358.32 1 0
github.com/astrostl/slack-buddy-ai/pkg/slack/mock.go:359.10,360.56 1 0
github.com/astrostl/slack-buddy-ai/pkg/slack/mock.go:364.53,366.2 1 0
github.com/astrostl/slack-buddy-ai/pkg/slack/mock.go:368.46,370.2 1 0
github.com/astrostl/slack-buddy-ai/pkg/slack/mock.go:372.59,382.2 2 4
github.com/astrostl/slack-buddy-ai/pkg/slack/mock.go:384.59,385.19 1 2
github.com/astrostl/slack-buddy-ai/pkg/slack/mock.go:386.23,387.48 1 1
github.com/astrostl/slack-buddy-ai/pkg/slack/mock.go:388.10,389.24 1 0
github.com/astrostl/slack-buddy-ai/pkg/slack/mock.go:390.10,391.48 1 1
github.com/astrostl/slack-buddy-ai/pkg/slack/mock.go:406.91,407.34 1 14
github.com/astrostl/slack-buddy-ai/pkg/slack/mock.go:407.34,409.3 1 0
github.com/astrostl/slack-buddy-ai/pkg/slack/mock.go:411.2,412.31 2 14
github.com/astrostl/slack-buddy-ai/pkg/slack/mock.go:412.31,422.3 1 13
github.com/astrostl/slack-buddy-ai/pkg/slack/mock.go:424.2,424.50 1 14
github.com/astrostl/slack-buddy-ai/pkg/slack/mock.go:428.52,429.31 1 0
github.com/astrostl/slack-buddy-ai/pkg/slack/mock.go:429.31,431.3 1 0
github.com/astrostl/slack-buddy-ai/pkg/slack/mock.go:432.2,432.36 1 0
github.com/astrostl/slack-buddy-ai/pkg/slack/mock.go:436.88,437.40 1 1
github.com/astrostl/slack-buddy-ai/pkg/slack/mock.go:437.40,439.3 1 0
github.com/astrostl/slack-buddy-ai/pkg/slack/mock.go:441.2,441.14 1 1
github.com/astrostl/slack-buddy-ai/pkg/slack/mock.go:441.14,443.3 1 1
github.com/astrostl/slack-buddy-ai/pkg/slack/mock.go:443.8,445.3 1 0
github.com/astrostl/slack-buddy-ai/pkg/slack/mock.go:449.92,450.37 1 2
github.com/astrostl/slack-buddy-ai/pkg/slack/mock.go:450.37,452.3 1 0
github.com/astrostl/slack-buddy-ai/pkg/slack/mock.go:454.2,454.14 1 2
github.com/astrostl/slack-buddy-ai/pkg/slack/mock.go:454.14,456.3 1 2
github.com/astrostl/slack-buddy-ai/pkg/slack/mock.go:456.8,458.3 1 0
github.com/astrostl/slack-buddy-ai/pkg/slack/mock.go:462.114,463.40 1 2
github.com/astrostl/slack-buddy-ai/pkg/slack/mock.go:463.40,465.3 1 0
github.com/astrostl/slack-buddy-ai/pkg/slack/mock.go:467.2,467.14 1 2
github.com/astrostl/slack-buddy-ai/pkg/slack/mock.go:467.14,468.20 1 2
github.com/astrostl/slack-buddy-ai/pkg/slack/mock.go:469.24,470.72 1 1
github.com/astrostl/slack-buddy-ai/pkg/slack/mock.go:471.28,472.76 1 0
github.com/astrostl/slack-buddy-ai/pkg/slack/mock.go:473.27,474.75 1 1
github.com/astrostl/slack-buddy-ai/pkg/slack/mock.go:475.11,476.72 1 0
github.com/astrostl/slack-buddy-ai/pkg/slack/mock.go:478.8,480.3 1 0
github.com/astrostl/slack-buddy-ai/pkg/slack/security.go:10.45,11.17 1 9
github.com/astrostl/slack-buddy-ai/pkg/slack/security.go:11.17,13.3 1 2
github.com/astrostl/slack-buddy-ai/pkg/slack/security.go:16.2,16.82 1 7
github.com/astrostl/slack-buddy-ai/pkg/slack/security.go:16.82,18.3 1 2
github.com/astrostl/slack-buddy-ai/pkg/slack/security.go:21.2,21.40 1 5
github.com/astrostl/slack-buddy-ai/pkg/slack/security.go:21.40,23.3 1 2
github.com/astrostl/slack-buddy-ai/pkg/slack/security.go:26.2,27.41 2 3
github.com/astrostl/slack-buddy-ai/pkg/slack/security.go:27.41,29.3 1 3
github.com/astrostl/slack-buddy-ai/pkg/slack/security.go:32.2,32.21 1 0
github.com/astrostl/slack-buddy-ai/pkg/slack/security.go:32.21,34.3 1 0
github.com/astrostl/slack-buddy-ai/pkg/slack/security.go:36.2,36.12 1 0
github.com/astrostl/slack-buddy-ai/pkg/slack/security.go:40.46,50.2 5 4
github.com/astrostl/slack-buddy-ai/pkg/slack/security.go:53.52,54.23 1 20
github.com/astrostl/slack-buddy-ai/pkg/slack/security.go:54.23,56.3 1 2
github.com/astrostl/slack-buddy-ai/pkg/slack/security.go:59.2,62.16 2 18
github.com/astrostl/slack-buddy-ai/pkg/slack/security.go:62.16,64.3 1 1
github.com/astrostl/slack-buddy-ai/pkg/slack/security.go:67.2,68.39 2 17
github.com/astrostl/slack-buddy-ai/pkg/slack/security.go:68.39,70.3 1 2
github.com/astrostl/slack-buddy-ai/pkg/slack/security.go:72.2,72.20 1 15
github.com/astrostl/slack-buddy-ai/pkg/slack/security.go:72.20,74.3 1 1
github.com/astrostl/slack-buddy-ai/pkg/slack/security.go:76.2,76.12 1 14
github.com/astrostl/slack-buddy-ai/cmd/channels.go:64.13,78.2 11 1
github.com/astrostl/slack-buddy-ai/cmd/channels.go:80.57,82.17 2 5
github.com/astrostl/slack-buddy-ai/cmd/channels.go:82.17,84.3 1 1
github.com/astrostl/slack-buddy-ai/cmd/channels.go:86.2,87.16 2 4
github.com/astrostl/slack-buddy-ai/cmd/channels.go:87.16,89.3 1 1
github.com/astrostl/slack-buddy-ai/cmd/channels.go:91.2,91.14 1 3
github.com/astrostl/slack-buddy-ai/cmd/channels.go:91.14,93.3 1 0
github.com/astrostl/slack-buddy-ai/cmd/channels.go:95.2,99.16 4 3
github.com/astrostl/slack-buddy-ai/cmd/channels.go:99.16,101.3 1 3
github.com/astrostl/slack-buddy-ai/cmd/channels.go:103.2,103.68 1 0
github.com/astrostl/slack-buddy-ai/cmd/channels.go:106.115,108.16 2 11
github.com/astrostl/slack-buddy-ai/cmd/channels.go:108.16,110.3 1 1
github.com/astrostl/slack-buddy-ai/cmd/channels.go:112.2,112.27 1 10
github.com/astrostl/slack-buddy-ai/cmd/channels.go:112.27,117.3 2 2
github.com/astrostl/slack-buddy-ai/cmd/channels.go:119.2,124.38 2 8
github.com/astrostl/slack-buddy-ai/cmd/channels.go:124.38,130.3 2 9
github.com/astrostl/slack-buddy-ai/cmd/channels.go:133.2,133.26 1 8
github.com/astrostl/slack-buddy-ai/cmd/channels.go:133.26,136.39 3 8
github.com/astrostl/slack-buddy-ai/cmd/channels.go:136.39,138.4 1 9
github.com/astrostl/slack-buddy-ai/cmd/channels.go:141.2,141.27 1 8
github.com/astrostl/slack-buddy-ai/cmd/channels.go:141.27,144.15 2 5
github.com/astrostl/slack-buddy-ai/cmd/channels.go:144.15,150.4 5 2
github.com/astrostl/slack-buddy-ai/cmd/channels.go:150.9,151.71 1 3
github.com/astrostl/slack-buddy-ai/cmd/channels.go:151.71,157.5 2 1
github.com/astrostl/slack-buddy-ai/cmd/channels.go:158.4,159.62 2 2
github.com/astrostl/slack-buddy-ai/cmd/channels.go:161.8,161.21 1 3
github.com/astrostl/slack-buddy-ai/cmd/channels.go:161.21,168.3 5 2
github.com/astrostl/slack-buddy-ai/cmd/channels.go:170.2,170.12 1 7
github.com/astrostl/slack-buddy-ai/cmd/channels.go:173.58,175.17 2 3
github.com/astrostl/slack-buddy-ai/cmd/channels.go:175.17,177.3 1 1
github.com/astrostl/slack-buddy-ai/cmd/channels.go:179.2,179.22 1 2
github.com/astrostl/slack-buddy-ai/cmd/channels.go:179.22,181.3 1 1
github.com/astrostl/slack-buddy-ai/cmd/channels.go:183.2,183.25 1 1
github.com/astrostl/slack-buddy-ai/cmd/channels.go:183.25,185.3 1 1
github.com/astrostl/slack-buddy-ai/cmd/channels.go:187.2,188.16 2 0
github.com/astrostl/slack-buddy-ai/cmd/channels.go:188.16,190.3 1 0
github.com/astrostl/slack-buddy-ai/cmd/channels.go:192.2,192.108 1 0
github.com/astrostl/slack-buddy-ai/cmd/channels.go:195.144,207.16 5 7
github.com/astrostl/slack-buddy-ai/cmd/channels.go:207.16,208.99 1 0
github.com/astrostl/slack-buddy-ai/cmd/channels.go:208.99,212.4 3 0
github.com/astrostl/slack-buddy-ai/cmd/channels.go:213.3,213.100 1 0
github.com/astrostl/slack-buddy-ai/cmd/channels.go:213.100,218.4 4 0
github.com/astrostl/slack-buddy-ai/cmd/channels.go:219.3,219.52 1 0
github.com/astrostl/slack-buddy-ai/cmd/channels.go:221.2,227.27 4 7
github.com/astrostl/slack-buddy-ai/cmd/channels.go:227.27,228.63 1 0
github.com/astrostl/slack-buddy-ai/cmd/channels.go:228.63,231.39 2 0
github.com/astrostl/slack-buddy-ai/cmd/channels.go:231.39,233.5 1 0
github.com/astrostl/slack-buddy-ai/cmd/channels.go:234.4,234.21 1 0
github.com/astrostl/slack-buddy-ai/cmd/channels.go:234.21,236.5 1 0
github.com/astrostl/slack-buddy-ai/cmd/channels.go:240.2,240.27 1 7
github.com/astrostl/slack-buddy-ai/cmd/channels.go:240.27,241.62 1 0
github.com/astrostl/slack-buddy-ai/cmd/channels.go:241.62,244.38 2 0
github.com/astrostl/slack-buddy-ai/cmd/channels.go:244.38,246.5 1 0
github.com/astrostl/slack-buddy-ai/cmd/channels.go:247.4,247.20 1 0
github.com/astrostl/slack-buddy-ai/cmd/channels.go:247.20,249.5 1 0
github.com/astrostl/slack-buddy-ai/cmd/channels.go:254.2,254.66 1 7
github.com/astrostl/slack-buddy-ai/cmd/channels.go:254.66,256.35 2 0
github.com/astrostl/slack-buddy-ai/cmd/channels.go:256.35,258.4 1 0
github.com/astrostl/slack-buddy-ai/cmd/channels.go:259.3,259.35 1 0
github.com/astrostl/slack-buddy-ai/cmd/channels.go:259.35,261.4 1 0
github.com/astrostl/slack-buddy-ai/cmd/channels.go:262.3,262.16 1 0
github.com/astrostl/slack-buddy-ai/cmd/channels.go:265.2,266.16 2 7
github.com/astrostl/slack-buddy-ai/cmd/channels.go:266.16,268.99 1 1
github.com/astrostl/slack-buddy-ai/cmd/channels.go:268.99,275.4 6 0
github.com/astrostl/slack-buddy-ai/cmd/channels.go:276.3,276.68 1 1
github.com/astrostl/slack-buddy-ai/cmd/channels.go:280.2,286.21 5 6
github.com/astrostl/slack-buddy-ai/cmd/channels.go:286.21,288.34 2 3
github.com/astrostl/slack-buddy-ai/cmd/channels.go:288.34,295.34 2 3
github.com/astrostl/slack-buddy-ai/cmd/channels.go:295.34,297.30 2 3
github.com/astrostl/slack-buddy-ai/cmd/channels.go:297.30,299.6 1 0
github.com/astrostl/slack-buddy-ai/cmd/channels.go:300.5,303.25 3 3
github.com/astrostl/slack-buddy-ai/cmd/channels.go:303.25,305.6 1 0
github.com/astrostl/slack-buddy-ai/cmd/channels.go:307.5,308.34 2 3
github.com/astrostl/slack-buddy-ai/cmd/channels.go:308.34,310.6 1 0
github.com/astrostl/slack-buddy-ai/cmd/channels.go:312.5,312.101 1 3
github.com/astrostl/slack-buddy-ai/cmd/channels.go:315.3,317.15 2 3
github.com/astrostl/slack-buddy-ai/cmd/channels.go:317.15,320.23 3 2
github.com/astrostl/slack-buddy-ai/cmd/channels.go:320.23,324.5 3 2
github.com/astrostl/slack-buddy-ai/cmd/channels.go:325.4,325.41 1 2
github.com/astrostl/slack-buddy-ai/cmd/channels.go:326.9,329.35 3 1
github.com/astrostl/slack-buddy-ai/cmd/channels.go:329.35,330.92 1 1
github.com/astrostl/slack-buddy-ai/cmd/channels.go:330.92,336.6 2 0
github.com/astrostl/slack-buddy-ai/cmd/channels.go:336.11,340.6 3 1
github.com/astrostl/slack-buddy-ai/cmd/channels.go:342.4,342.69 1 1
github.com/astrostl/slack-buddy-ai/cmd/channels.go:347.2,347.24 1 6
github.com/astrostl/slack-buddy-ai/cmd/channels.go:347.24,349.37 2 3
github.com/astrostl/slack-buddy-ai/cmd/channels.go:349.37,356.34 2 3
github.com/astrostl/slack-buddy-ai/cmd/channels.go:356.34,358.30 2 3
github.com/astrostl/slack-buddy-ai/cmd/channels.go:358.30,360.6 1 3
github.com/astrostl/slack-buddy-ai/cmd/channels.go:361.5,364.25 3 3
github.com/astrostl/slack-buddy-ai/cmd/channels.go:364.25,366.6 1 0
github.com/astrostl/slack-buddy-ai/cmd/channels.go:368.5,369.34 2 3
github.com/astrostl/slack-buddy-ai/cmd/channels.go:369.34,371.6 1 3
github.com/astrostl/slack-buddy-ai/cmd/channels.go:373.5,373.101 1 3
github.com/astrostl/slack-buddy-ai/cmd/channels.go:376.3,378.15 2 3
github.com/astrostl/slack-buddy-ai/cmd/channels.go:378.15,381.26 3 2
github.com/astrostl/slack-buddy-ai/cmd/channels.go:381.26,385.5 3 2
github.com/astrostl/slack-buddy-ai/cmd/channels.go:386.4,386.41 1 2
github.com/astrostl/slack-buddy-ai/cmd/channels.go:387.9,390.38 3 1
github.com/astrostl/slack-buddy-ai/cmd/channels.go:390.38,391.101 1 1
github.com/astrostl/slack-buddy-ai/cmd/channels.go:391.101,397.6 2 0
github.com/astrostl/slack-buddy-ai/cmd/channels.go:397.11,401.6 3 1
github.com/astrostl/slack-buddy-ai/cmd/channels.go:403.4,403.72 1 1
github.com/astrostl/slack-buddy-ai/cmd/channels.go:407.2,407.45 1 6
github.com/astrostl/slack-buddy-ai/cmd/channels.go:407.45,409.3 1 2
github.com/astrostl/slack-buddy-ai/cmd/channels.go:411.2,411.12 1 6
github.com/astrostl/slack-buddy-ai/cmd/health.go:33.13,36.2 2 1
github.com/astrostl/slack-buddy-ai/cmd/health.go:38.57,45.17 5 12
github.com/astrostl/slack-buddy-ai/cmd/health.go:45.17,50.3 4 3
github.com/astrostl/slack-buddy-ai/cmd/health.go:51.2,52.19 2 9
github.com/astrostl/slack-buddy-ai/cmd/health.go:52.19,54.3 1 5
github.com/astrostl/slack-buddy-ai/cmd/health.go:57.2,58.32 2 9
github.com/astrostl/slack-buddy-ai/cmd/health.go:58.32,63.3 4 4
github.com/astrostl/slack-buddy-ai/cmd/health.go:64.2,69.16 4 5
github.com/astrostl/slack-buddy-ai/cmd/health.go:69.16,73.3 3 5
github.com/astrostl/slack-buddy-ai/cmd/health.go:74.2,79.16 4 0
github.com/astrostl/slack-buddy-ai/cmd/health.go:79.16,84.3 4 0
github.com/astrostl/slack-buddy-ai/cmd/health.go:85.2,86.19 2 0
github.com/astrostl/slack-buddy-ai/cmd/health.go:86.19,89.3 2 0
github.com/astrostl/slack-buddy-ai/cmd/health.go:92.2,93.19 2 0
github.com/astrostl/slack-buddy-ai/cmd/health.go:93.19,97.3 3 0
github.com/astrostl/slack-buddy-ai/cmd/health.go:98.2,99.16 2 0
github.com/astrostl/slack-buddy-ai/cmd/health.go:99.16,103.3 3 0
github.com/astrostl/slack-buddy-ai/cmd/health.go:105.2,119.36 5 0
github.com/astrostl/slack-buddy-ai/cmd/health.go:119.36,120.21 1 0
github.com/astrostl/slack-buddy-ai/cmd/health.go:120.21,122.4 1 0
github.com/astrostl/slack-buddy-ai/cmd/health.go:125.2,125.36 1 0
github.com/astrostl/slack-buddy-ai/cmd/health.go:125.36,126.21 1 0
github.com/astrostl/slack-buddy-ai/cmd/health.go:126.21,128.4 1 0
github.com/astrostl/slack-buddy-ai/cmd/health.go:131.2,131.30 1 0
github.com/astrostl/slack-buddy-ai/cmd/health.go:131.30,134.41 3 0
github.com/astrostl/slack-buddy-ai/cmd/health.go:134.41,136.4 1 0
github.com/astrostl/slack-buddy-ai/cmd/health.go:137.3,137.31 1 0
github.com/astrostl/slack-buddy-ai/cmd/health.go:137.31,139.42 2 0
github.com/astrostl/slack-buddy-ai/cmd/health.go:139.42,141.5 1 0
github.com/astrostl/slack-buddy-ai/cmd/health.go:143.3,144.53 2 0
github.com/astrostl/slack-buddy-ai/cmd/health.go:147.2,148.19 2 0
github.com/astrostl/slack-buddy-ai/cmd/health.go:148.19,153.37 3 0
github.com/astrostl/slack-buddy-ai/cmd/health.go:153.37,155.21 2 0
github.com/astrostl/slack-buddy-ai/cmd/health.go:155.21,157.5 1 0
github.com/astrostl/slack-buddy-ai/cmd/health.go:158.4,159.17 2 0
github.com/astrostl/slack-buddy-ai/cmd/health.go:160.25,161.50 1 0
github.com/astrostl/slack-buddy-ai/cmd/health.go:162.25,163.50 1 0
github.com/astrostl/slack-buddy-ai/cmd/health.go:164.22,165.45 1 0
github.com/astrostl/slack-buddy-ai/cmd/health.go:166.27,167.53 1 0
github.com/astrostl/slack-buddy-ai/cmd/health.go:168.22,169.42 1 0
github.com/astrostl/slack-buddy-ai/cmd/health.go:171.4,171.63 1 0
github.com/astrostl/slack-buddy-ai/cmd/health.go:175.3,176.37 2 0
github.com/astrostl/slack-buddy-ai/cmd/health.go:176.37,178.21 2 0
github.com/astrostl/slack-buddy-ai/cmd/health.go:178.21,180.5 1 0
github.com/astrostl/slack-buddy-ai/cmd/health.go:181.4,182.17 2 0
github.com/astrostl/slack-buddy-ai/cmd/health.go:183.23,184.65 1 0
github.com/astrostl/slack-buddy-ai/cmd/health.go:186.4,186.63 1 0
github.com/astrostl/slack-buddy-ai/cmd/health.go:190.2,190.30 1 0
github.com/astrostl/slack-buddy-ai/cmd/health.go:190.30,192.3 1 0
github.com/astrostl/slack-buddy-ai/cmd/health.go:195.2,196.55 2 0
github.com/astrostl/slack-buddy-ai/cmd/health.go:196.55,200.3 3 0
github.com/astrostl/slack-buddy-ai/cmd/health.go:200.8,202.3 1 0
github.com/astrostl/slack-buddy-ai/cmd/health.go:204.2,209.12 5 0
github.com/astrostl/slack-buddy-ai/cmd/health.go:212.44,214.2 1 16
github.com/astrostl/slack-buddy-ai/cmd/health.go:216.57,222.16 4 4
github.com/astrostl/slack-buddy-ai/cmd/health.go:222.16,224.3 1 2
github.com/astrostl/slack-buddy-ai/cmd/health.go:226.2,226.19 1 2
github.com/astrostl/slack-buddy-ai/cmd/health.go:226.19,228.3 1 2
github.com/astrostl/slack-buddy-ai/cmd/health.go:230.2,230.12 1 2
github.com/astrostl/slack-buddy-ai/cmd/health.go:233.38,242.2 1 21
github.com/astrostl/slack-buddy-ai/cmd/health.go:244.47,245.43 1 13
github.com/astrostl/slack-buddy-ai/cmd/health.go:245.43,246.35 1 32
github.com/astrostl/slack-buddy-ai/cmd/health.go:246.35,248.4 1 8
github.com/astrostl/slack-buddy-ai/cmd/health.go:250.2,250.14 1 5
github.com/astrostl/slack-buddy-ai/cmd/root.go:25.47,27.68 1 1
github.com/astrostl/slack-buddy-ai/cmd/root.go:27.68,29.30 2 1
github.com/astrostl/slack-buddy-ai/cmd/root.go:29.30,31.5 1 1
github.com/astrostl/slack-buddy-ai/cmd/root.go:32.4,32.30 1 1
github.com/astrostl/slack-buddy-ai/cmd/root.go:32.30,34.5 1 1
github.com/astrostl/slack-buddy-ai/cmd/root.go:35.4,35.10 1 1
github.com/astrostl/slack-buddy-ai/cmd/root.go:38.3,38.17 1 0
github.com/astrostl/slack-buddy-ai/cmd/root.go:45.41,51.42 4 3
github.com/astrostl/slack-buddy-ai/cmd/root.go:51.42,54.3 1 0
github.com/astrostl/slack-buddy-ai/cmd/root.go:57.13,66.92 5 1
github.com/astrostl/slack-buddy-ai/cmd/root.go:66.92,68.3 1 0
github.com/astrostl/slack-buddy-ai/cmd/root.go:69.2,69.92 1 1
github.com/astrostl/slack-buddy-ai/cmd/root.go:69.92,71.3 1 0
github.com/astrostl/slack-buddy-ai/cmd/root.go:75.19,84.28 5 17
github.com/astrostl/slack-buddy-ai/cmd/root.go:84.28,86.3 1 0
github.com/astrostl/slack-buddy-ai/cmd/root.go:86.8,88.3 1 17
github.com/astrostl/slack-buddy-ai/cmd/version.go:13.47,15.29 2 2
github.com/astrostl/slack-buddy-ai/cmd/version.go:15.29,17.4 1 1
github.com/astrostl/slack-buddy-ai/cmd/version.go:18.3,18.29 1 2
github.com/astrostl/slack-buddy-ai/cmd/version.go:18.29,20.4 1 1
github.com/astrostl/slack-buddy-ai/cmd/version.go:24.13,26.2 1 1
