mode: atomic
github.com/astrostl/slack-buddy-ai/pkg/slack/client.go:56.47,58.50 1 4
github.com/astrostl/slack-buddy-ai/pkg/slack/client.go:58.50,60.3 1 3
github.com/astrostl/slack-buddy-ai/pkg/slack/client.go:62.2,65.16 3 1
github.com/astrostl/slack-buddy-ai/pkg/slack/client.go:65.16,67.3 1 1
github.com/astrostl/slack-buddy-ai/pkg/slack/client.go:69.2,80.8 2 0
github.com/astrostl/slack-buddy-ai/pkg/slack/client.go:84.54,85.16 1 93
github.com/astrostl/slack-buddy-ai/pkg/slack/client.go:85.16,87.3 1 1
github.com/astrostl/slack-buddy-ai/pkg/slack/client.go:89.2,90.16 2 92
github.com/astrostl/slack-buddy-ai/pkg/slack/client.go:90.16,92.3 1 3
github.com/astrostl/slack-buddy-ai/pkg/slack/client.go:94.2,105.8 2 89
github.com/astrostl/slack-buddy-ai/pkg/slack/client.go:108.56,117.25 6 6
github.com/astrostl/slack-buddy-ai/pkg/slack/client.go:117.25,120.31 3 2
github.com/astrostl/slack-buddy-ai/pkg/slack/client.go:120.31,122.4 1 0
github.com/astrostl/slack-buddy-ai/pkg/slack/client.go:125.2,125.37 1 6
github.com/astrostl/slack-buddy-ai/pkg/slack/client.go:125.37,132.10 3 3
github.com/astrostl/slack-buddy-ai/pkg/slack/client.go:133.21,134.20 1 1
github.com/astrostl/slack-buddy-ai/pkg/slack/client.go:135.32,135.32 0 2
github.com/astrostl/slack-buddy-ai/pkg/slack/client.go:139.2,140.12 2 5
github.com/astrostl/slack-buddy-ai/pkg/slack/client.go:143.36,148.25 3 1
github.com/astrostl/slack-buddy-ai/pkg/slack/client.go:148.25,151.3 2 1
github.com/astrostl/slack-buddy-ai/pkg/slack/client.go:154.43,159.25 4 11
github.com/astrostl/slack-buddy-ai/pkg/slack/client.go:159.25,161.3 1 4
github.com/astrostl/slack-buddy-ai/pkg/slack/client.go:163.2,163.118 1 11
github.com/astrostl/slack-buddy-ai/pkg/slack/client.go:166.69,174.16 3 14
github.com/astrostl/slack-buddy-ai/pkg/slack/client.go:174.16,182.47 3 8
github.com/astrostl/slack-buddy-ai/pkg/slack/client.go:182.47,184.4 1 2
github.com/astrostl/slack-buddy-ai/pkg/slack/client.go:186.3,186.48 1 6
github.com/astrostl/slack-buddy-ai/pkg/slack/client.go:186.48,189.4 2 2
github.com/astrostl/slack-buddy-ai/pkg/slack/client.go:190.3,190.47 1 4
github.com/astrostl/slack-buddy-ai/pkg/slack/client.go:190.47,193.4 2 2
github.com/astrostl/slack-buddy-ai/pkg/slack/client.go:194.3,194.65 1 2
github.com/astrostl/slack-buddy-ai/pkg/slack/client.go:199.2,202.30 3 6
github.com/astrostl/slack-buddy-ai/pkg/slack/client.go:202.30,204.27 2 6
github.com/astrostl/slack-buddy-ai/pkg/slack/client.go:204.27,218.4 2 4
github.com/astrostl/slack-buddy-ai/pkg/slack/client.go:221.2,222.25 2 6
github.com/astrostl/slack-buddy-ai/pkg/slack/client.go:225.101,232.16 3 0
github.com/astrostl/slack-buddy-ai/pkg/slack/client.go:232.16,234.3 1 0
github.com/astrostl/slack-buddy-ai/pkg/slack/client.go:236.2,239.30 3 0
github.com/astrostl/slack-buddy-ai/pkg/slack/client.go:239.30,241.27 2 0
github.com/astrostl/slack-buddy-ai/pkg/slack/client.go:241.27,255.4 2 0
github.com/astrostl/slack-buddy-ai/pkg/slack/client.go:258.2,259.35 2 0
github.com/astrostl/slack-buddy-ai/pkg/slack/client.go:262.91,270.24 3 4
github.com/astrostl/slack-buddy-ai/pkg/slack/client.go:270.24,272.3 1 3
github.com/astrostl/slack-buddy-ai/pkg/slack/client.go:272.8,274.3 1 1
github.com/astrostl/slack-buddy-ai/pkg/slack/client.go:276.2,278.30 2 4
github.com/astrostl/slack-buddy-ai/pkg/slack/client.go:278.30,282.23 2 5
github.com/astrostl/slack-buddy-ai/pkg/slack/client.go:282.23,284.4 1 4
github.com/astrostl/slack-buddy-ai/pkg/slack/client.go:286.3,286.23 1 5
github.com/astrostl/slack-buddy-ai/pkg/slack/client.go:286.23,288.4 1 2
github.com/astrostl/slack-buddy-ai/pkg/slack/client.go:291.3,291.26 1 5
github.com/astrostl/slack-buddy-ai/pkg/slack/client.go:291.26,293.4 1 1
github.com/astrostl/slack-buddy-ai/pkg/slack/client.go:293.9,295.4 1 4
github.com/astrostl/slack-buddy-ai/pkg/slack/client.go:298.2,298.25 1 4
github.com/astrostl/slack-buddy-ai/pkg/slack/client.go:301.97,304.16 2 0
github.com/astrostl/slack-buddy-ai/pkg/slack/client.go:304.16,307.3 1 0
github.com/astrostl/slack-buddy-ai/pkg/slack/client.go:309.2,311.24 2 0
github.com/astrostl/slack-buddy-ai/pkg/slack/client.go:311.24,313.3 1 0
github.com/astrostl/slack-buddy-ai/pkg/slack/client.go:313.8,315.3 1 0
github.com/astrostl/slack-buddy-ai/pkg/slack/client.go:317.2,319.30 2 0
github.com/astrostl/slack-buddy-ai/pkg/slack/client.go:319.30,323.23 2 0
github.com/astrostl/slack-buddy-ai/pkg/slack/client.go:323.23,325.73 2 0
github.com/astrostl/slack-buddy-ai/pkg/slack/client.go:325.73,327.5 1 0
github.com/astrostl/slack-buddy-ai/pkg/slack/client.go:328.4,328.67 1 0
github.com/astrostl/slack-buddy-ai/pkg/slack/client.go:331.3,331.23 1 0
github.com/astrostl/slack-buddy-ai/pkg/slack/client.go:331.23,333.4 1 0
github.com/astrostl/slack-buddy-ai/pkg/slack/client.go:336.3,336.26 1 0
github.com/astrostl/slack-buddy-ai/pkg/slack/client.go:336.26,338.4 1 0
github.com/astrostl/slack-buddy-ai/pkg/slack/client.go:338.9,340.4 1 0
github.com/astrostl/slack-buddy-ai/pkg/slack/client.go:343.2,343.25 1 0
github.com/astrostl/slack-buddy-ai/pkg/slack/client.go:346.113,351.2 3 6
github.com/astrostl/slack-buddy-ai/pkg/slack/client.go:353.156,356.2 1 8
github.com/astrostl/slack-buddy-ai/pkg/slack/client.go:358.196,366.16 3 10
github.com/astrostl/slack-buddy-ai/pkg/slack/client.go:366.16,368.3 1 1
github.com/astrostl/slack-buddy-ai/pkg/slack/client.go:371.2,372.24 2 9
github.com/astrostl/slack-buddy-ai/pkg/slack/client.go:372.24,375.34 2 1
github.com/astrostl/slack-buddy-ai/pkg/slack/client.go:375.34,377.4 1 1
github.com/astrostl/slack-buddy-ai/pkg/slack/client.go:378.8,382.17 3 8
github.com/astrostl/slack-buddy-ai/pkg/slack/client.go:382.17,387.4 2 0
github.com/astrostl/slack-buddy-ai/pkg/slack/client.go:391.2,392.16 2 9
github.com/astrostl/slack-buddy-ai/pkg/slack/client.go:392.16,394.3 1 0
github.com/astrostl/slack-buddy-ai/pkg/slack/client.go:398.2,407.53 4 9
github.com/astrostl/slack-buddy-ai/pkg/slack/client.go:407.53,410.17 3 9
github.com/astrostl/slack-buddy-ai/pkg/slack/client.go:410.17,413.90 2 1
github.com/astrostl/slack-buddy-ai/pkg/slack/client.go:413.90,414.29 1 0
github.com/astrostl/slack-buddy-ai/pkg/slack/client.go:414.29,417.26 2 0
github.com/astrostl/slack-buddy-ai/pkg/slack/client.go:417.26,426.15 5 0
github.com/astrostl/slack-buddy-ai/pkg/slack/client.go:431.4,435.26 2 1
github.com/astrostl/slack-buddy-ai/pkg/slack/client.go:438.3,438.8 1 8
github.com/astrostl/slack-buddy-ai/pkg/slack/client.go:442.2,445.43 3 8
github.com/astrostl/slack-buddy-ai/pkg/slack/client.go:445.43,447.74 1 8
github.com/astrostl/slack-buddy-ai/pkg/slack/client.go:447.74,448.12 1 1
github.com/astrostl/slack-buddy-ai/pkg/slack/client.go:450.3,450.140 1 7
github.com/astrostl/slack-buddy-ai/pkg/slack/client.go:450.140,458.49 2 5
github.com/astrostl/slack-buddy-ai/pkg/slack/client.go:458.49,461.51 2 5
github.com/astrostl/slack-buddy-ai/pkg/slack/client.go:461.51,462.32 1 0
github.com/astrostl/slack-buddy-ai/pkg/slack/client.go:462.32,464.12 2 0
github.com/astrostl/slack-buddy-ai/pkg/slack/client.go:467.5,467.23 1 5
github.com/astrostl/slack-buddy-ai/pkg/slack/client.go:467.23,469.6 1 5
github.com/astrostl/slack-buddy-ai/pkg/slack/client.go:471.4,471.26 1 5
github.com/astrostl/slack-buddy-ai/pkg/slack/client.go:475.2,475.21 1 8
github.com/astrostl/slack-buddy-ai/pkg/slack/client.go:475.21,477.3 1 5
github.com/astrostl/slack-buddy-ai/pkg/slack/client.go:479.2,483.24 2 3
github.com/astrostl/slack-buddy-ai/pkg/slack/client.go:486.94,488.2 1 0
github.com/astrostl/slack-buddy-ai/pkg/slack/client.go:490.101,493.2 1 0
github.com/astrostl/slack-buddy-ai/pkg/slack/client.go:495.143,498.43 2 7
github.com/astrostl/slack-buddy-ai/pkg/slack/client.go:498.43,500.53 1 9
github.com/astrostl/slack-buddy-ai/pkg/slack/client.go:500.53,502.12 2 5
github.com/astrostl/slack-buddy-ai/pkg/slack/client.go:506.3,506.64 1 4
github.com/astrostl/slack-buddy-ai/pkg/slack/client.go:506.64,507.57 1 0
github.com/astrostl/slack-buddy-ai/pkg/slack/client.go:507.57,509.5 1 0
github.com/astrostl/slack-buddy-ai/pkg/slack/client.go:513.2,513.19 1 7
github.com/astrostl/slack-buddy-ai/pkg/slack/client.go:516.72,526.16 3 11
github.com/astrostl/slack-buddy-ai/pkg/slack/client.go:526.16,528.3 1 1
github.com/astrostl/slack-buddy-ai/pkg/slack/client.go:532.2,533.35 2 10
github.com/astrostl/slack-buddy-ai/pkg/slack/client.go:533.35,535.3 1 11
github.com/astrostl/slack-buddy-ai/pkg/slack/client.go:537.2,537.22 1 10
github.com/astrostl/slack-buddy-ai/pkg/slack/client.go:540.61,547.53 2 11
github.com/astrostl/slack-buddy-ai/pkg/slack/client.go:547.53,553.3 2 1
github.com/astrostl/slack-buddy-ai/pkg/slack/client.go:556.2,557.16 2 10
github.com/astrostl/slack-buddy-ai/pkg/slack/client.go:557.16,559.3 1 2
github.com/astrostl/slack-buddy-ai/pkg/slack/client.go:564.2,565.16 2 8
github.com/astrostl/slack-buddy-ai/pkg/slack/client.go:565.16,574.47 3 5
github.com/astrostl/slack-buddy-ai/pkg/slack/client.go:574.47,576.4 1 1
github.com/astrostl/slack-buddy-ai/pkg/slack/client.go:578.3,578.48 1 4
github.com/astrostl/slack-buddy-ai/pkg/slack/client.go:578.48,581.4 2 2
github.com/astrostl/slack-buddy-ai/pkg/slack/client.go:582.3,582.52 1 2
github.com/astrostl/slack-buddy-ai/pkg/slack/client.go:582.52,585.4 2 0
github.com/astrostl/slack-buddy-ai/pkg/slack/client.go:586.3,586.49 1 2
github.com/astrostl/slack-buddy-ai/pkg/slack/client.go:586.49,589.4 2 1
github.com/astrostl/slack-buddy-ai/pkg/slack/client.go:590.3,590.70 1 1
github.com/astrostl/slack-buddy-ai/pkg/slack/client.go:595.2,596.12 2 3
github.com/astrostl/slack-buddy-ai/pkg/slack/client.go:599.48,601.16 2 10
github.com/astrostl/slack-buddy-ai/pkg/slack/client.go:601.16,603.3 1 0
github.com/astrostl/slack-buddy-ai/pkg/slack/client.go:605.2,610.8 1 10
github.com/astrostl/slack-buddy-ai/pkg/slack/client.go:613.62,615.16 2 1
github.com/astrostl/slack-buddy-ai/pkg/slack/client.go:615.16,617.3 1 0
github.com/astrostl/slack-buddy-ai/pkg/slack/client.go:622.2,632.26 8 1
github.com/astrostl/slack-buddy-ai/pkg/slack/client.go:635.47,642.66 2 3
github.com/astrostl/slack-buddy-ai/pkg/slack/client.go:642.66,644.3 1 1
github.com/astrostl/slack-buddy-ai/pkg/slack/client.go:645.2,645.13 1 2
github.com/astrostl/slack-buddy-ai/pkg/slack/client.go:648.47,653.2 1 2
github.com/astrostl/slack-buddy-ai/pkg/slack/client.go:655.44,659.2 1 2
github.com/astrostl/slack-buddy-ai/pkg/slack/client.go:661.49,665.2 1 2
github.com/astrostl/slack-buddy-ai/pkg/slack/client.go:667.45,674.66 2 2
github.com/astrostl/slack-buddy-ai/pkg/slack/client.go:674.66,676.3 1 0
github.com/astrostl/slack-buddy-ai/pkg/slack/client.go:677.2,677.13 1 2
github.com/astrostl/slack-buddy-ai/pkg/slack/client.go:680.44,684.66 2 2
github.com/astrostl/slack-buddy-ai/pkg/slack/client.go:684.66,686.3 1 0
github.com/astrostl/slack-buddy-ai/pkg/slack/client.go:687.2,687.13 1 2
github.com/astrostl/slack-buddy-ai/pkg/slack/client.go:690.69,694.2 1 1
github.com/astrostl/slack-buddy-ai/pkg/slack/client.go:697.77,710.16 4 20
github.com/astrostl/slack-buddy-ai/pkg/slack/client.go:710.16,712.3 1 0
github.com/astrostl/slack-buddy-ai/pkg/slack/client.go:717.2,717.35 1 20
github.com/astrostl/slack-buddy-ai/pkg/slack/client.go:717.35,718.32 1 17
github.com/astrostl/slack-buddy-ai/pkg/slack/client.go:718.32,720.4 1 17
github.com/astrostl/slack-buddy-ai/pkg/slack/client.go:723.2,723.62 1 3
github.com/astrostl/slack-buddy-ai/pkg/slack/client.go:726.126,743.16 4 5
github.com/astrostl/slack-buddy-ai/pkg/slack/client.go:743.16,745.3 1 1
github.com/astrostl/slack-buddy-ai/pkg/slack/client.go:748.2,754.33 4 4
github.com/astrostl/slack-buddy-ai/pkg/slack/client.go:754.33,758.32 2 8
github.com/astrostl/slack-buddy-ai/pkg/slack/client.go:758.32,765.12 3 1
github.com/astrostl/slack-buddy-ai/pkg/slack/client.go:769.3,769.35 1 7
github.com/astrostl/slack-buddy-ai/pkg/slack/client.go:769.35,772.12 3 4
github.com/astrostl/slack-buddy-ai/pkg/slack/client.go:776.3,776.48 1 3
github.com/astrostl/slack-buddy-ai/pkg/slack/client.go:776.48,782.12 3 0
github.com/astrostl/slack-buddy-ai/pkg/slack/client.go:785.3,785.52 1 3
github.com/astrostl/slack-buddy-ai/pkg/slack/client.go:788.2,799.16 3 4
github.com/astrostl/slack-buddy-ai/pkg/slack/client.go:799.16,801.3 1 0
github.com/astrostl/slack-buddy-ai/pkg/slack/client.go:802.2,805.39 2 4
github.com/astrostl/slack-buddy-ai/pkg/slack/client.go:805.39,810.17 3 3
github.com/astrostl/slack-buddy-ai/pkg/slack/client.go:810.17,814.90 2 0
github.com/astrostl/slack-buddy-ai/pkg/slack/client.go:814.90,820.5 2 0
github.com/astrostl/slack-buddy-ai/pkg/slack/client.go:822.4,822.50 1 0
github.com/astrostl/slack-buddy-ai/pkg/slack/client.go:822.50,830.5 4 0
github.com/astrostl/slack-buddy-ai/pkg/slack/client.go:830.10,836.13 2 0
github.com/astrostl/slack-buddy-ai/pkg/slack/client.go:840.3,860.17 4 3
github.com/astrostl/slack-buddy-ai/pkg/slack/client.go:860.17,864.62 2 1
github.com/astrostl/slack-buddy-ai/pkg/slack/client.go:864.62,871.5 2 1
github.com/astrostl/slack-buddy-ai/pkg/slack/client.go:872.9,874.64 1 2
github.com/astrostl/slack-buddy-ai/pkg/slack/client.go:874.64,880.5 2 2
github.com/astrostl/slack-buddy-ai/pkg/slack/client.go:884.2,889.31 2 4
github.com/astrostl/slack-buddy-ai/pkg/slack/client.go:893.178,910.16 4 2
github.com/astrostl/slack-buddy-ai/pkg/slack/client.go:910.16,912.3 1 1
github.com/astrostl/slack-buddy-ai/pkg/slack/client.go:915.2,921.33 4 1
github.com/astrostl/slack-buddy-ai/pkg/slack/client.go:921.33,923.35 1 2
github.com/astrostl/slack-buddy-ai/pkg/slack/client.go:923.35,925.12 2 0
github.com/astrostl/slack-buddy-ai/pkg/slack/client.go:929.3,930.32 2 2
github.com/astrostl/slack-buddy-ai/pkg/slack/client.go:930.32,932.12 2 0
github.com/astrostl/slack-buddy-ai/pkg/slack/client.go:936.3,936.48 1 2
github.com/astrostl/slack-buddy-ai/pkg/slack/client.go:936.48,938.12 2 0
github.com/astrostl/slack-buddy-ai/pkg/slack/client.go:941.3,941.52 1 2
github.com/astrostl/slack-buddy-ai/pkg/slack/client.go:944.2,960.16 7 1
github.com/astrostl/slack-buddy-ai/pkg/slack/client.go:960.16,962.3 1 0
github.com/astrostl/slack-buddy-ai/pkg/slack/client.go:963.2,969.39 4 1
github.com/astrostl/slack-buddy-ai/pkg/slack/client.go:969.39,972.17 2 2
github.com/astrostl/slack-buddy-ai/pkg/slack/client.go:972.17,981.90 3 0
github.com/astrostl/slack-buddy-ai/pkg/slack/client.go:981.90,987.16 2 0
github.com/astrostl/slack-buddy-ai/pkg/slack/client.go:987.16,989.6 1 0
github.com/astrostl/slack-buddy-ai/pkg/slack/client.go:990.5,990.70 1 0
github.com/astrostl/slack-buddy-ai/pkg/slack/client.go:993.4,993.15 1 0
github.com/astrostl/slack-buddy-ai/pkg/slack/client.go:993.15,995.5 1 0
github.com/astrostl/slack-buddy-ai/pkg/slack/client.go:996.4,996.12 1 0
github.com/astrostl/slack-buddy-ai/pkg/slack/client.go:999.3,999.14 1 2
github.com/astrostl/slack-buddy-ai/pkg/slack/client.go:999.14,1001.4 1 0
github.com/astrostl/slack-buddy-ai/pkg/slack/client.go:1004.3,1018.28 3 2
github.com/astrostl/slack-buddy-ai/pkg/slack/client.go:1018.28,1022.4 3 0
github.com/astrostl/slack-buddy-ai/pkg/slack/client.go:1022.9,1025.43 3 2
github.com/astrostl/slack-buddy-ai/pkg/slack/client.go:1025.43,1028.5 2 0
github.com/astrostl/slack-buddy-ai/pkg/slack/client.go:1031.3,1034.25 2 2
github.com/astrostl/slack-buddy-ai/pkg/slack/client.go:1034.25,1037.29 2 2
github.com/astrostl/slack-buddy-ai/pkg/slack/client.go:1037.29,1039.5 1 0
github.com/astrostl/slack-buddy-ai/pkg/slack/client.go:1042.4,1045.25 3 2
github.com/astrostl/slack-buddy-ai/pkg/slack/client.go:1045.25,1047.5 1 0
github.com/astrostl/slack-buddy-ai/pkg/slack/client.go:1050.4,1051.24 2 2
github.com/astrostl/slack-buddy-ai/pkg/slack/client.go:1051.24,1053.5 1 0
github.com/astrostl/slack-buddy-ai/pkg/slack/client.go:1055.4,1055.100 1 2
github.com/astrostl/slack-buddy-ai/pkg/slack/client.go:1057.3,1060.17 2 2
github.com/astrostl/slack-buddy-ai/pkg/slack/client.go:1060.17,1064.26 2 0
github.com/astrostl/slack-buddy-ai/pkg/slack/client.go:1064.26,1071.5 2 0
github.com/astrostl/slack-buddy-ai/pkg/slack/client.go:1072.9,1072.70 1 2
github.com/astrostl/slack-buddy-ai/pkg/slack/client.go:1072.70,1080.4 2 1
github.com/astrostl/slack-buddy-ai/pkg/slack/client.go:1083.2,1088.31 2 1
github.com/astrostl/slack-buddy-ai/pkg/slack/client.go:1092.234,1111.16 4 1
github.com/astrostl/slack-buddy-ai/pkg/slack/client.go:1111.16,1113.3 1 0
github.com/astrostl/slack-buddy-ai/pkg/slack/client.go:1116.2,1122.33 4 1
github.com/astrostl/slack-buddy-ai/pkg/slack/client.go:1122.33,1124.83 1 3
github.com/astrostl/slack-buddy-ai/pkg/slack/client.go:1124.83,1126.12 2 2
github.com/astrostl/slack-buddy-ai/pkg/slack/client.go:1130.3,1130.35 1 1
github.com/astrostl/slack-buddy-ai/pkg/slack/client.go:1130.35,1132.12 2 0
github.com/astrostl/slack-buddy-ai/pkg/slack/client.go:1136.3,1137.32 2 1
github.com/astrostl/slack-buddy-ai/pkg/slack/client.go:1137.32,1139.12 2 0
github.com/astrostl/slack-buddy-ai/pkg/slack/client.go:1143.3,1143.48 1 1
github.com/astrostl/slack-buddy-ai/pkg/slack/client.go:1143.48,1145.12 2 0
github.com/astrostl/slack-buddy-ai/pkg/slack/client.go:1148.3,1148.52 1 1
github.com/astrostl/slack-buddy-ai/pkg/slack/client.go:1151.2,1160.13 2 1
github.com/astrostl/slack-buddy-ai/pkg/slack/client.go:1160.13,1165.3 3 0
github.com/astrostl/slack-buddy-ai/pkg/slack/client.go:1168.2,1168.13 1 1
github.com/astrostl/slack-buddy-ai/pkg/slack/client.go:1168.13,1170.3 1 0
github.com/astrostl/slack-buddy-ai/pkg/slack/client.go:1171.2,1172.16 2 1
github.com/astrostl/slack-buddy-ai/pkg/slack/client.go:1172.16,1174.3 1 0
github.com/astrostl/slack-buddy-ai/pkg/slack/client.go:1175.2,1175.13 1 1
github.com/astrostl/slack-buddy-ai/pkg/slack/client.go:1175.13,1177.3 1 0
github.com/astrostl/slack-buddy-ai/pkg/slack/client.go:1179.2,1183.39 3 1
github.com/astrostl/slack-buddy-ai/pkg/slack/client.go:1183.39,1186.17 2 1
github.com/astrostl/slack-buddy-ai/pkg/slack/client.go:1186.17,1195.90 3 0
github.com/astrostl/slack-buddy-ai/pkg/slack/client.go:1195.90,1201.16 2 0
github.com/astrostl/slack-buddy-ai/pkg/slack/client.go:1201.16,1203.6 1 0
github.com/astrostl/slack-buddy-ai/pkg/slack/client.go:1204.5,1204.70 1 0
github.com/astrostl/slack-buddy-ai/pkg/slack/client.go:1207.4,1207.15 1 0
github.com/astrostl/slack-buddy-ai/pkg/slack/client.go:1207.15,1209.5 1 0
github.com/astrostl/slack-buddy-ai/pkg/slack/client.go:1210.4,1210.12 1 0
github.com/astrostl/slack-buddy-ai/pkg/slack/client.go:1213.3,1213.14 1 1
github.com/astrostl/slack-buddy-ai/pkg/slack/client.go:1213.14,1215.4 1 0
github.com/astrostl/slack-buddy-ai/pkg/slack/client.go:1218.3,1232.28 3 1
github.com/astrostl/slack-buddy-ai/pkg/slack/client.go:1232.28,1236.4 3 0
github.com/astrostl/slack-buddy-ai/pkg/slack/client.go:1236.9,1239.43 3 1
github.com/astrostl/slack-buddy-ai/pkg/slack/client.go:1239.43,1242.5 2 0
github.com/astrostl/slack-buddy-ai/pkg/slack/client.go:1245.3,1248.25 2 1
github.com/astrostl/slack-buddy-ai/pkg/slack/client.go:1248.25,1251.29 2 1
github.com/astrostl/slack-buddy-ai/pkg/slack/client.go:1251.29,1253.5 1 0
github.com/astrostl/slack-buddy-ai/pkg/slack/client.go:1256.4,1259.25 3 1
github.com/astrostl/slack-buddy-ai/pkg/slack/client.go:1259.25,1261.5 1 0
github.com/astrostl/slack-buddy-ai/pkg/slack/client.go:1264.4,1265.24 2 1
github.com/astrostl/slack-buddy-ai/pkg/slack/client.go:1265.24,1267.5 1 0
github.com/astrostl/slack-buddy-ai/pkg/slack/client.go:1269.4,1269.100 1 1
github.com/astrostl/slack-buddy-ai/pkg/slack/client.go:1271.3,1274.17 2 1
github.com/astrostl/slack-buddy-ai/pkg/slack/client.go:1274.17,1278.26 2 0
github.com/astrostl/slack-buddy-ai/pkg/slack/client.go:1278.26,1285.5 2 0
github.com/astrostl/slack-buddy-ai/pkg/slack/client.go:1286.9,1286.70 1 1
github.com/astrostl/slack-buddy-ai/pkg/slack/client.go:1286.70,1294.4 2 1
github.com/astrostl/slack-buddy-ai/pkg/slack/client.go:1297.2,1302.31 2 1
github.com/astrostl/slack-buddy-ai/pkg/slack/client.go:1306.118,1308.43 1 13
github.com/astrostl/slack-buddy-ai/pkg/slack/client.go:1308.43,1309.30 1 10
github.com/astrostl/slack-buddy-ai/pkg/slack/client.go:1309.30,1316.4 2 3
github.com/astrostl/slack-buddy-ai/pkg/slack/client.go:1320.2,1320.41 1 10
github.com/astrostl/slack-buddy-ai/pkg/slack/client.go:1320.41,1321.45 1 9
github.com/astrostl/slack-buddy-ai/pkg/slack/client.go:1321.45,1328.4 2 3
github.com/astrostl/slack-buddy-ai/pkg/slack/client.go:1331.2,1331.14 1 7
github.com/astrostl/slack-buddy-ai/pkg/slack/client.go:1335.45,1336.21 1 10
github.com/astrostl/slack-buddy-ai/pkg/slack/client.go:1336.21,1338.19 2 3
github.com/astrostl/slack-buddy-ai/pkg/slack/client.go:1338.19,1340.4 1 1
github.com/astrostl/slack-buddy-ai/pkg/slack/client.go:1341.3,1341.44 1 2
github.com/astrostl/slack-buddy-ai/pkg/slack/client.go:1344.2,1344.19 1 7
github.com/astrostl/slack-buddy-ai/pkg/slack/client.go:1344.19,1346.19 2 4
github.com/astrostl/slack-buddy-ai/pkg/slack/client.go:1346.19,1348.4 1 1
github.com/astrostl/slack-buddy-ai/pkg/slack/client.go:1349.3,1349.44 1 3
github.com/astrostl/slack-buddy-ai/pkg/slack/client.go:1352.2,1352.22 1 3
github.com/astrostl/slack-buddy-ai/pkg/slack/client.go:1352.22,1354.17 2 2
github.com/astrostl/slack-buddy-ai/pkg/slack/client.go:1354.17,1356.4 1 2
github.com/astrostl/slack-buddy-ai/pkg/slack/client.go:1357.3,1357.40 1 0
github.com/astrostl/slack-buddy-ai/pkg/slack/client.go:1360.2,1361.15 2 1
github.com/astrostl/slack-buddy-ai/pkg/slack/client.go:1361.15,1363.3 1 1
github.com/astrostl/slack-buddy-ai/pkg/slack/client.go:1364.2,1364.37 1 0
github.com/astrostl/slack-buddy-ai/pkg/slack/client.go:1367.153,1371.2 1 3
github.com/astrostl/slack-buddy-ai/pkg/slack/client.go:1373.131,1377.53 3 8
github.com/astrostl/slack-buddy-ai/pkg/slack/client.go:1377.53,1390.17 3 8
github.com/astrostl/slack-buddy-ai/pkg/slack/client.go:1390.17,1394.90 2 1
github.com/astrostl/slack-buddy-ai/pkg/slack/client.go:1394.90,1397.29 1 0
github.com/astrostl/slack-buddy-ai/pkg/slack/client.go:1397.29,1400.26 2 0
github.com/astrostl/slack-buddy-ai/pkg/slack/client.go:1400.26,1404.7 2 0
github.com/astrostl/slack-buddy-ai/pkg/slack/client.go:1404.13,1407.7 0 0
github.com/astrostl/slack-buddy-ai/pkg/slack/client.go:1408.6,1408.14 1 0
github.com/astrostl/slack-buddy-ai/pkg/slack/client.go:1412.5,1412.149 1 0
github.com/astrostl/slack-buddy-ai/pkg/slack/client.go:1416.4,1416.96 1 1
github.com/astrostl/slack-buddy-ai/pkg/slack/client.go:1420.3,1420.8 1 7
github.com/astrostl/slack-buddy-ai/pkg/slack/client.go:1424.2,1424.32 1 7
github.com/astrostl/slack-buddy-ai/pkg/slack/client.go:1424.32,1427.3 1 1
github.com/astrostl/slack-buddy-ai/pkg/slack/client.go:1430.2,1434.39 4 6
github.com/astrostl/slack-buddy-ai/pkg/slack/client.go:1434.39,1435.36 1 6
github.com/astrostl/slack-buddy-ai/pkg/slack/client.go:1435.36,1437.70 2 5
github.com/astrostl/slack-buddy-ai/pkg/slack/client.go:1437.70,1439.5 1 5
github.com/astrostl/slack-buddy-ai/pkg/slack/client.go:1440.4,1440.9 1 5
github.com/astrostl/slack-buddy-ai/pkg/slack/client.go:1445.2,1445.24 1 6
github.com/astrostl/slack-buddy-ai/pkg/slack/client.go:1445.24,1447.3 1 1
github.com/astrostl/slack-buddy-ai/pkg/slack/client.go:1450.2,1450.101 1 5
github.com/astrostl/slack-buddy-ai/pkg/slack/client.go:1450.101,1453.3 1 2
github.com/astrostl/slack-buddy-ai/pkg/slack/client.go:1456.2,1456.35 1 3
github.com/astrostl/slack-buddy-ai/pkg/slack/client.go:1456.35,1458.3 1 3
github.com/astrostl/slack-buddy-ai/pkg/slack/client.go:1462.2,1462.59 1 0
github.com/astrostl/slack-buddy-ai/pkg/slack/client.go:1465.150,1469.53 3 3
github.com/astrostl/slack-buddy-ai/pkg/slack/client.go:1469.53,1478.17 3 3
github.com/astrostl/slack-buddy-ai/pkg/slack/client.go:1478.17,1482.90 2 0
github.com/astrostl/slack-buddy-ai/pkg/slack/client.go:1482.90,1494.29 3 0
github.com/astrostl/slack-buddy-ai/pkg/slack/client.go:1494.29,1497.26 2 0
github.com/astrostl/slack-buddy-ai/pkg/slack/client.go:1497.26,1500.7 2 0
github.com/astrostl/slack-buddy-ai/pkg/slack/client.go:1500.12,1503.7 1 0
github.com/astrostl/slack-buddy-ai/pkg/slack/client.go:1504.6,1504.14 1 0
github.com/astrostl/slack-buddy-ai/pkg/slack/client.go:1507.5,1508.158 2 0
github.com/astrostl/slack-buddy-ai/pkg/slack/client.go:1512.4,1512.105 1 0
github.com/astrostl/slack-buddy-ai/pkg/slack/client.go:1516.3,1516.8 1 3
github.com/astrostl/slack-buddy-ai/pkg/slack/client.go:1520.2,1520.32 1 3
github.com/astrostl/slack-buddy-ai/pkg/slack/client.go:1520.32,1522.3 1 0
github.com/astrostl/slack-buddy-ai/pkg/slack/client.go:1525.2,1529.39 4 3
github.com/astrostl/slack-buddy-ai/pkg/slack/client.go:1529.39,1531.17 2 5
github.com/astrostl/slack-buddy-ai/pkg/slack/client.go:1531.17,1532.12 1 0
github.com/astrostl/slack-buddy-ai/pkg/slack/client.go:1536.3,1536.86 1 5
github.com/astrostl/slack-buddy-ai/pkg/slack/client.go:1536.86,1538.40 2 2
github.com/astrostl/slack-buddy-ai/pkg/slack/client.go:1538.40,1540.5 1 2
github.com/astrostl/slack-buddy-ai/pkg/slack/client.go:1544.3,1544.98 1 5
github.com/astrostl/slack-buddy-ai/pkg/slack/client.go:1544.98,1546.4 1 2
github.com/astrostl/slack-buddy-ai/pkg/slack/client.go:1550.2,1550.62 1 3
github.com/astrostl/slack-buddy-ai/pkg/slack/client.go:1550.62,1551.107 1 1
github.com/astrostl/slack-buddy-ai/pkg/slack/client.go:1551.107,1553.4 1 1
github.com/astrostl/slack-buddy-ai/pkg/slack/client.go:1556.2,1556.70 1 3
github.com/astrostl/slack-buddy-ai/pkg/slack/client.go:1559.80,1564.30 4 13
github.com/astrostl/slack-buddy-ai/pkg/slack/client.go:1564.30,1566.19 1 13
github.com/astrostl/slack-buddy-ai/pkg/slack/client.go:1566.19,1569.12 3 1
github.com/astrostl/slack-buddy-ai/pkg/slack/client.go:1574.3,1575.17 2 12
github.com/astrostl/slack-buddy-ai/pkg/slack/client.go:1575.17,1579.48 2 6
github.com/astrostl/slack-buddy-ai/pkg/slack/client.go:1579.48,1581.5 1 1
github.com/astrostl/slack-buddy-ai/pkg/slack/client.go:1584.4,1584.54 1 5
github.com/astrostl/slack-buddy-ai/pkg/slack/client.go:1584.54,1587.13 3 1
github.com/astrostl/slack-buddy-ai/pkg/slack/client.go:1591.4,1591.47 1 4
github.com/astrostl/slack-buddy-ai/pkg/slack/client.go:1591.47,1594.13 3 1
github.com/astrostl/slack-buddy-ai/pkg/slack/client.go:1597.4,1597.47 1 3
github.com/astrostl/slack-buddy-ai/pkg/slack/client.go:1597.47,1600.13 3 1
github.com/astrostl/slack-buddy-ai/pkg/slack/client.go:1604.4,1604.49 1 2
github.com/astrostl/slack-buddy-ai/pkg/slack/client.go:1604.49,1606.5 1 1
github.com/astrostl/slack-buddy-ai/pkg/slack/client.go:1608.4,1608.48 1 1
github.com/astrostl/slack-buddy-ai/pkg/slack/client.go:1608.48,1610.5 1 1
github.com/astrostl/slack-buddy-ai/pkg/slack/client.go:1613.4,1614.12 2 0
github.com/astrostl/slack-buddy-ai/pkg/slack/client.go:1617.4,1618.76 2 6
github.com/astrostl/slack-buddy-ai/pkg/slack/client.go:1621.2,1627.26 2 10
github.com/astrostl/slack-buddy-ai/pkg/slack/client.go:1627.26,1629.3 1 0
github.com/astrostl/slack-buddy-ai/pkg/slack/client.go:1631.2,1631.25 1 10
github.com/astrostl/slack-buddy-ai/pkg/slack/client.go:1634.61,1646.42 3 10
github.com/astrostl/slack-buddy-ai/pkg/slack/client.go:1646.42,1647.43 1 46
github.com/astrostl/slack-buddy-ai/pkg/slack/client.go:1647.43,1649.4 1 4
github.com/astrostl/slack-buddy-ai/pkg/slack/client.go:1651.2,1651.14 1 6
github.com/astrostl/slack-buddy-ai/pkg/slack/client.go:1654.87,1661.15 3 13
github.com/astrostl/slack-buddy-ai/pkg/slack/client.go:1661.15,1663.3 1 6
github.com/astrostl/slack-buddy-ai/pkg/slack/client.go:1665.2,1674.51 2 13
github.com/astrostl/slack-buddy-ai/pkg/slack/client.go:1674.51,1676.17 2 5
github.com/astrostl/slack-buddy-ai/pkg/slack/client.go:1676.17,1683.39 2 4
github.com/astrostl/slack-buddy-ai/pkg/slack/client.go:1683.39,1685.5 1 2
github.com/astrostl/slack-buddy-ai/pkg/slack/client.go:1686.9,1692.4 1 1
github.com/astrostl/slack-buddy-ai/pkg/slack/client.go:1697.2,1697.14 1 11
github.com/astrostl/slack-buddy-ai/pkg/slack/client.go:1700.40,1702.47 1 9
github.com/astrostl/slack-buddy-ai/pkg/slack/client.go:1702.47,1704.3 1 9
github.com/astrostl/slack-buddy-ai/pkg/slack/client.go:1705.2,1705.11 1 0
github.com/astrostl/slack-buddy-ai/pkg/slack/client.go:1708.56,1711.21 2 19
github.com/astrostl/slack-buddy-ai/pkg/slack/client.go:1711.21,1713.3 1 0
github.com/astrostl/slack-buddy-ai/pkg/slack/client.go:1715.2,1716.16 2 19
github.com/astrostl/slack-buddy-ai/pkg/slack/client.go:1716.16,1718.3 1 1
github.com/astrostl/slack-buddy-ai/pkg/slack/client.go:1720.2,1720.35 1 18
github.com/astrostl/slack-buddy-ai/pkg/slack/client.go:1723.94,1725.54 1 2
github.com/astrostl/slack-buddy-ai/pkg/slack/client.go:1725.54,1731.3 2 1
github.com/astrostl/slack-buddy-ai/pkg/slack/client.go:1733.2,1740.54 3 1
github.com/astrostl/slack-buddy-ai/pkg/slack/client.go:1743.60,1749.16 3 7
github.com/astrostl/slack-buddy-ai/pkg/slack/client.go:1749.16,1758.47 3 2
github.com/astrostl/slack-buddy-ai/pkg/slack/client.go:1758.47,1760.4 1 0
github.com/astrostl/slack-buddy-ai/pkg/slack/client.go:1763.3,1763.53 1 2
github.com/astrostl/slack-buddy-ai/pkg/slack/client.go:1763.53,1766.4 2 0
github.com/astrostl/slack-buddy-ai/pkg/slack/client.go:1769.3,1769.48 1 2
github.com/astrostl/slack-buddy-ai/pkg/slack/client.go:1769.48,1771.4 1 0
github.com/astrostl/slack-buddy-ai/pkg/slack/client.go:1773.3,1773.52 1 2
github.com/astrostl/slack-buddy-ai/pkg/slack/client.go:1773.52,1775.4 1 0
github.com/astrostl/slack-buddy-ai/pkg/slack/client.go:1777.3,1777.46 1 2
github.com/astrostl/slack-buddy-ai/pkg/slack/client.go:1777.46,1779.4 1 0
github.com/astrostl/slack-buddy-ai/pkg/slack/client.go:1781.3,1781.46 1 2
github.com/astrostl/slack-buddy-ai/pkg/slack/client.go:1781.46,1784.4 2 0
github.com/astrostl/slack-buddy-ai/pkg/slack/client.go:1787.3,1791.72 2 2
github.com/astrostl/slack-buddy-ai/pkg/slack/client.go:1794.2,1795.12 2 5
github.com/astrostl/slack-buddy-ai/pkg/slack/client.go:1798.74,1808.16 3 12
github.com/astrostl/slack-buddy-ai/pkg/slack/client.go:1808.16,1817.47 3 5
github.com/astrostl/slack-buddy-ai/pkg/slack/client.go:1817.47,1819.4 1 1
github.com/astrostl/slack-buddy-ai/pkg/slack/client.go:1821.3,1821.48 1 4
github.com/astrostl/slack-buddy-ai/pkg/slack/client.go:1821.48,1824.4 2 1
github.com/astrostl/slack-buddy-ai/pkg/slack/client.go:1825.3,1825.52 1 3
github.com/astrostl/slack-buddy-ai/pkg/slack/client.go:1825.52,1828.4 2 1
github.com/astrostl/slack-buddy-ai/pkg/slack/client.go:1829.3,1829.49 1 2
github.com/astrostl/slack-buddy-ai/pkg/slack/client.go:1829.49,1832.4 2 1
github.com/astrostl/slack-buddy-ai/pkg/slack/client.go:1833.3,1833.80 1 1
github.com/astrostl/slack-buddy-ai/pkg/slack/client.go:1838.2,1839.12 2 7
github.com/astrostl/slack-buddy-ai/pkg/slack/client.go:1842.104,1849.23 4 13
github.com/astrostl/slack-buddy-ai/pkg/slack/client.go:1849.23,1851.19 2 11
github.com/astrostl/slack-buddy-ai/pkg/slack/client.go:1851.19,1853.4 1 2
github.com/astrostl/slack-buddy-ai/pkg/slack/client.go:1853.9,1853.26 1 9
github.com/astrostl/slack-buddy-ai/pkg/slack/client.go:1853.26,1855.4 1 2
github.com/astrostl/slack-buddy-ai/pkg/slack/client.go:1855.9,1857.18 2 7
github.com/astrostl/slack-buddy-ai/pkg/slack/client.go:1857.18,1859.5 1 2
github.com/astrostl/slack-buddy-ai/pkg/slack/client.go:1859.10,1859.25 1 5
github.com/astrostl/slack-buddy-ai/pkg/slack/client.go:1859.25,1861.5 1 3
github.com/astrostl/slack-buddy-ai/pkg/slack/client.go:1861.10,1863.18 2 2
github.com/astrostl/slack-buddy-ai/pkg/slack/client.go:1863.18,1865.6 1 1
github.com/astrostl/slack-buddy-ai/pkg/slack/client.go:1865.11,1867.6 1 1
github.com/astrostl/slack-buddy-ai/pkg/slack/client.go:1872.2,1876.26 3 13
github.com/astrostl/slack-buddy-ai/pkg/slack/client.go:1876.26,1878.19 2 11
github.com/astrostl/slack-buddy-ai/pkg/slack/client.go:1878.19,1880.4 1 7
github.com/astrostl/slack-buddy-ai/pkg/slack/client.go:1880.9,1882.4 1 4
github.com/astrostl/slack-buddy-ai/pkg/slack/client.go:1885.2,1894.25 7 13
github.com/astrostl/slack-buddy-ai/pkg/slack/client.go:1897.104,1904.23 4 6
github.com/astrostl/slack-buddy-ai/pkg/slack/client.go:1904.23,1906.19 2 6
github.com/astrostl/slack-buddy-ai/pkg/slack/client.go:1906.19,1908.4 1 0
github.com/astrostl/slack-buddy-ai/pkg/slack/client.go:1908.9,1908.26 1 6
github.com/astrostl/slack-buddy-ai/pkg/slack/client.go:1908.26,1910.4 1 2
github.com/astrostl/slack-buddy-ai/pkg/slack/client.go:1910.9,1912.18 2 4
github.com/astrostl/slack-buddy-ai/pkg/slack/client.go:1912.18,1914.5 1 0
github.com/astrostl/slack-buddy-ai/pkg/slack/client.go:1914.10,1914.25 1 4
github.com/astrostl/slack-buddy-ai/pkg/slack/client.go:1914.25,1916.5 1 4
github.com/astrostl/slack-buddy-ai/pkg/slack/client.go:1916.10,1918.18 2 0
github.com/astrostl/slack-buddy-ai/pkg/slack/client.go:1918.18,1920.6 1 0
github.com/astrostl/slack-buddy-ai/pkg/slack/client.go:1920.11,1922.6 1 0
github.com/astrostl/slack-buddy-ai/pkg/slack/client.go:1928.2,1929.26 2 6
github.com/astrostl/slack-buddy-ai/pkg/slack/client.go:1929.26,1931.19 2 6
github.com/astrostl/slack-buddy-ai/pkg/slack/client.go:1931.19,1933.4 1 2
github.com/astrostl/slack-buddy-ai/pkg/slack/client.go:1933.9,1933.26 1 4
github.com/astrostl/slack-buddy-ai/pkg/slack/client.go:1933.26,1935.4 1 0
github.com/astrostl/slack-buddy-ai/pkg/slack/client.go:1935.9,1937.18 2 4
github.com/astrostl/slack-buddy-ai/pkg/slack/client.go:1937.18,1939.5 1 4
github.com/astrostl/slack-buddy-ai/pkg/slack/client.go:1939.10,1939.25 1 0
github.com/astrostl/slack-buddy-ai/pkg/slack/client.go:1939.25,1941.5 1 0
github.com/astrostl/slack-buddy-ai/pkg/slack/client.go:1941.10,1943.18 2 0
github.com/astrostl/slack-buddy-ai/pkg/slack/client.go:1943.18,1945.6 1 0
github.com/astrostl/slack-buddy-ai/pkg/slack/client.go:1945.11,1947.6 1 0
github.com/astrostl/slack-buddy-ai/pkg/slack/client.go:1952.2,1964.25 9 6
github.com/astrostl/slack-buddy-ai/pkg/slack/client.go:1967.56,1970.2 1 1
github.com/astrostl/slack-buddy-ai/pkg/slack/client.go:1972.103,1976.54 2 5
github.com/astrostl/slack-buddy-ai/pkg/slack/client.go:1976.54,1982.3 1 1
github.com/astrostl/slack-buddy-ai/pkg/slack/client.go:1985.2,1986.78 2 5
github.com/astrostl/slack-buddy-ai/pkg/slack/client.go:1986.78,1992.3 1 0
github.com/astrostl/slack-buddy-ai/pkg/slack/client.go:1992.8,1994.3 1 5
github.com/astrostl/slack-buddy-ai/pkg/slack/client.go:1998.2,1999.16 2 5
github.com/astrostl/slack-buddy-ai/pkg/slack/client.go:1999.16,2008.47 3 2
github.com/astrostl/slack-buddy-ai/pkg/slack/client.go:2008.47,2010.4 1 0
github.com/astrostl/slack-buddy-ai/pkg/slack/client.go:2012.3,2012.48 1 2
github.com/astrostl/slack-buddy-ai/pkg/slack/client.go:2012.48,2014.4 1 1
github.com/astrostl/slack-buddy-ai/pkg/slack/client.go:2016.3,2016.52 1 1
github.com/astrostl/slack-buddy-ai/pkg/slack/client.go:2016.52,2018.4 1 0
github.com/astrostl/slack-buddy-ai/pkg/slack/client.go:2020.3,2020.51 1 1
github.com/astrostl/slack-buddy-ai/pkg/slack/client.go:2020.51,2023.4 2 1
github.com/astrostl/slack-buddy-ai/pkg/slack/client.go:2025.3,2025.75 1 0
github.com/astrostl/slack-buddy-ai/pkg/slack/client.go:2028.2,2029.12 2 3
github.com/astrostl/slack-buddy-ai/pkg/slack/client.go:2032.63,2042.16 3 3
github.com/astrostl/slack-buddy-ai/pkg/slack/client.go:2042.16,2050.47 3 1
github.com/astrostl/slack-buddy-ai/pkg/slack/client.go:2050.47,2052.4 1 0
github.com/astrostl/slack-buddy-ai/pkg/slack/client.go:2054.3,2054.48 1 1
github.com/astrostl/slack-buddy-ai/pkg/slack/client.go:2054.48,2057.4 2 0
github.com/astrostl/slack-buddy-ai/pkg/slack/client.go:2058.3,2058.47 1 1
github.com/astrostl/slack-buddy-ai/pkg/slack/client.go:2058.47,2061.4 2 0
github.com/astrostl/slack-buddy-ai/pkg/slack/client.go:2062.3,2062.65 1 1
github.com/astrostl/slack-buddy-ai/pkg/slack/client.go:2067.2,2070.30 3 2
github.com/astrostl/slack-buddy-ai/pkg/slack/client.go:2070.30,2095.52 3 2
github.com/astrostl/slack-buddy-ai/pkg/slack/client.go:2095.52,2096.79 1 0
github.com/astrostl/slack-buddy-ai/pkg/slack/client.go:2096.79,2098.5 1 0
github.com/astrostl/slack-buddy-ai/pkg/slack/client.go:2102.3,2102.23 1 2
github.com/astrostl/slack-buddy-ai/pkg/slack/client.go:2102.23,2104.4 1 2
github.com/astrostl/slack-buddy-ai/pkg/slack/client.go:2106.3,2115.5 1 2
github.com/astrostl/slack-buddy-ai/pkg/slack/client.go:2118.2,2119.20 2 2
github.com/astrostl/slack-buddy-ai/pkg/slack/client.go:2123.131,2125.2 1 5
github.com/astrostl/slack-buddy-ai/pkg/slack/client.go:2137.168,2141.53 3 3
github.com/astrostl/slack-buddy-ai/pkg/slack/client.go:2141.53,2150.17 3 3
github.com/astrostl/slack-buddy-ai/pkg/slack/client.go:2150.17,2154.90 2 0
github.com/astrostl/slack-buddy-ai/pkg/slack/client.go:2154.90,2157.29 1 0
github.com/astrostl/slack-buddy-ai/pkg/slack/client.go:2157.29,2160.26 2 0
github.com/astrostl/slack-buddy-ai/pkg/slack/client.go:2160.26,2164.7 2 0
github.com/astrostl/slack-buddy-ai/pkg/slack/client.go:2164.13,2167.7 0 0
github.com/astrostl/slack-buddy-ai/pkg/slack/client.go:2168.6,2168.14 1 0
github.com/astrostl/slack-buddy-ai/pkg/slack/client.go:2172.5,2172.154 1 0
github.com/astrostl/slack-buddy-ai/pkg/slack/client.go:2176.4,2176.101 1 0
github.com/astrostl/slack-buddy-ai/pkg/slack/client.go:2180.3,2180.8 1 3
github.com/astrostl/slack-buddy-ai/pkg/slack/client.go:2184.2,2184.32 1 3
github.com/astrostl/slack-buddy-ai/pkg/slack/client.go:2184.32,2187.3 1 0
github.com/astrostl/slack-buddy-ai/pkg/slack/client.go:2190.2,2194.39 4 3
github.com/astrostl/slack-buddy-ai/pkg/slack/client.go:2194.39,2195.36 1 3
github.com/astrostl/slack-buddy-ai/pkg/slack/client.go:2195.36,2197.70 2 3
github.com/astrostl/slack-buddy-ai/pkg/slack/client.go:2197.70,2199.5 1 3
github.com/astrostl/slack-buddy-ai/pkg/slack/client.go:2200.4,2200.9 1 3
github.com/astrostl/slack-buddy-ai/pkg/slack/client.go:2205.2,2205.24 1 3
github.com/astrostl/slack-buddy-ai/pkg/slack/client.go:2205.24,2209.3 1 0
github.com/astrostl/slack-buddy-ai/pkg/slack/client.go:2212.2,2222.23 4 3
github.com/astrostl/slack-buddy-ai/pkg/slack/client.go:2222.23,2224.3 1 0
github.com/astrostl/slack-buddy-ai/pkg/slack/client.go:2226.2,2226.76 1 3
github.com/astrostl/slack-buddy-ai/pkg/slack/client.go:2231.58,2234.27 2 8
github.com/astrostl/slack-buddy-ai/pkg/slack/client.go:2234.27,2236.3 1 2
github.com/astrostl/slack-buddy-ai/pkg/slack/client.go:2239.2,2245.22 5 6
github.com/astrostl/slack-buddy-ai/pkg/slack/client.go:2245.22,2247.3 1 4
github.com/astrostl/slack-buddy-ai/pkg/slack/client.go:2247.8,2249.3 1 2
github.com/astrostl/slack-buddy-ai/pkg/slack/client.go:2252.2,2253.16 2 6
github.com/astrostl/slack-buddy-ai/pkg/slack/client.go:2253.16,2260.3 2 1
github.com/astrostl/slack-buddy-ai/pkg/slack/client.go:2263.2,2265.25 2 5
github.com/astrostl/slack-buddy-ai/pkg/slack/client.go:2270.46,2272.23 2 3
github.com/astrostl/slack-buddy-ai/pkg/slack/client.go:2272.23,2274.3 1 3
github.com/astrostl/slack-buddy-ai/pkg/slack/client.go:2277.2,2278.31 2 0
github.com/astrostl/slack-buddy-ai/pkg/slack/client.go:2278.31,2283.3 3 0
github.com/astrostl/slack-buddy-ai/pkg/slack/client.go:2283.8,2285.3 1 0
github.com/astrostl/slack-buddy-ai/pkg/slack/client.go:2288.2,2288.36 1 0
github.com/astrostl/slack-buddy-ai/pkg/slack/client.go:2288.36,2290.3 1 0
github.com/astrostl/slack-buddy-ai/pkg/slack/client.go:2291.2,2294.54 2 0
github.com/astrostl/slack-buddy-ai/pkg/slack/client.go:2294.54,2299.32 3 0
github.com/astrostl/slack-buddy-ai/pkg/slack/client.go:2299.32,2301.4 1 0
github.com/astrostl/slack-buddy-ai/pkg/slack/client.go:2304.3,2304.37 1 0
github.com/astrostl/slack-buddy-ai/pkg/slack/client.go:2304.37,2305.20 1 0
github.com/astrostl/slack-buddy-ai/pkg/slack/client.go:2305.20,2307.5 1 0
github.com/astrostl/slack-buddy-ai/pkg/slack/client.go:2307.10,2309.5 1 0
github.com/astrostl/slack-buddy-ai/pkg/slack/client.go:2311.3,2311.64 1 0
github.com/astrostl/slack-buddy-ai/pkg/slack/client.go:2315.2,2315.41 1 0
github.com/astrostl/slack-buddy-ai/pkg/slack/client.go:2320.62,2322.23 1 12
github.com/astrostl/slack-buddy-ai/pkg/slack/client.go:2322.23,2344.45 2 2
github.com/astrostl/slack-buddy-ai/pkg/slack/client.go:2344.45,2345.33 1 2
github.com/astrostl/slack-buddy-ai/pkg/slack/client.go:2345.33,2347.5 1 2
github.com/astrostl/slack-buddy-ai/pkg/slack/client.go:2352.2,2367.44 3 10
github.com/astrostl/slack-buddy-ai/pkg/slack/client.go:2367.44,2368.38 1 110
github.com/astrostl/slack-buddy-ai/pkg/slack/client.go:2368.38,2370.4 1 0
github.com/astrostl/slack-buddy-ai/pkg/slack/client.go:2374.2,2374.35 1 10
github.com/astrostl/slack-buddy-ai/pkg/slack/client.go:2374.35,2376.3 1 0
github.com/astrostl/slack-buddy-ai/pkg/slack/client.go:2379.2,2379.13 1 10
github.com/astrostl/slack-buddy-ai/pkg/slack/client.go:2383.58,2387.16 2 4
github.com/astrostl/slack-buddy-ai/pkg/slack/client.go:2387.16,2396.89 3 2
github.com/astrostl/slack-buddy-ai/pkg/slack/client.go:2396.89,2398.4 1 0
github.com/astrostl/slack-buddy-ai/pkg/slack/client.go:2401.3,2401.48 1 2
github.com/astrostl/slack-buddy-ai/pkg/slack/client.go:2401.48,2403.4 1 1
github.com/astrostl/slack-buddy-ai/pkg/slack/client.go:2405.3,2405.57 1 1
github.com/astrostl/slack-buddy-ai/pkg/slack/client.go:2410.2,2411.29 2 2
github.com/astrostl/slack-buddy-ai/pkg/slack/client.go:2411.29,2413.24 2 4
github.com/astrostl/slack-buddy-ai/pkg/slack/client.go:2413.24,2415.4 1 3
github.com/astrostl/slack-buddy-ai/pkg/slack/client.go:2416.3,2416.24 1 4
github.com/astrostl/slack-buddy-ai/pkg/slack/client.go:2416.24,2418.4 1 2
github.com/astrostl/slack-buddy-ai/pkg/slack/client.go:2419.3,2419.24 1 4
github.com/astrostl/slack-buddy-ai/pkg/slack/client.go:2419.24,2421.4 1 2
github.com/astrostl/slack-buddy-ai/pkg/slack/client.go:2422.3,2422.33 1 4
github.com/astrostl/slack-buddy-ai/pkg/slack/client.go:2425.2,2426.21 2 2
github.com/astrostl/slack-buddy-ai/pkg/slack/client.go:2430.58,2432.2 1 4
github.com/astrostl/slack-buddy-ai/pkg/slack/client.go:2435.203,2438.39 2 3
github.com/astrostl/slack-buddy-ai/pkg/slack/client.go:2438.39,2440.3 1 0
github.com/astrostl/slack-buddy-ai/pkg/slack/client.go:2443.2,2444.20 2 3
github.com/astrostl/slack-buddy-ai/pkg/slack/client.go:2444.20,2446.3 1 0
github.com/astrostl/slack-buddy-ai/pkg/slack/client.go:2449.2,2457.68 2 3
github.com/astrostl/slack-buddy-ai/pkg/slack/interface.go:24.50,28.2 1 8
github.com/astrostl/slack-buddy-ai/pkg/slack/interface.go:30.68,32.2 1 2
github.com/astrostl/slack-buddy-ai/pkg/slack/interface.go:34.116,36.2 1 1
github.com/astrostl/slack-buddy-ai/pkg/slack/interface.go:38.142,40.2 1 1
github.com/astrostl/slack-buddy-ai/pkg/slack/interface.go:42.106,44.2 1 1
github.com/astrostl/slack-buddy-ai/pkg/slack/interface.go:46.68,48.2 1 1
github.com/astrostl/slack-buddy-ai/pkg/slack/interface.go:50.101,52.2 1 1
github.com/astrostl/slack-buddy-ai/pkg/slack/interface.go:54.57,56.2 1 1
github.com/astrostl/slack-buddy-ai/pkg/slack/mock.go:43.38,60.2 1 107
github.com/astrostl/slack-buddy-ai/pkg/slack/mock.go:62.68,63.28 1 114
github.com/astrostl/slack-buddy-ai/pkg/slack/mock.go:63.28,65.3 1 4
github.com/astrostl/slack-buddy-ai/pkg/slack/mock.go:66.2,66.32 1 110
github.com/astrostl/slack-buddy-ai/pkg/slack/mock.go:69.116,70.36 1 63
github.com/astrostl/slack-buddy-ai/pkg/slack/mock.go:70.36,72.3 1 14
github.com/astrostl/slack-buddy-ai/pkg/slack/mock.go:73.2,73.28 1 49
github.com/astrostl/slack-buddy-ai/pkg/slack/mock.go:76.142,78.88 1 23
github.com/astrostl/slack-buddy-ai/pkg/slack/mock.go:78.88,80.3 1 2
github.com/astrostl/slack-buddy-ai/pkg/slack/mock.go:83.2,83.42 1 21
github.com/astrostl/slack-buddy-ai/pkg/slack/mock.go:83.42,85.3 1 0
github.com/astrostl/slack-buddy-ai/pkg/slack/mock.go:87.2,88.13 2 21
github.com/astrostl/slack-buddy-ai/pkg/slack/mock.go:88.13,90.3 1 1
github.com/astrostl/slack-buddy-ai/pkg/slack/mock.go:94.2,95.31 2 21
github.com/astrostl/slack-buddy-ai/pkg/slack/mock.go:95.31,97.3 1 24
github.com/astrostl/slack-buddy-ai/pkg/slack/mock.go:99.2,101.8 1 21
github.com/astrostl/slack-buddy-ai/pkg/slack/mock.go:104.106,105.31 1 23
github.com/astrostl/slack-buddy-ai/pkg/slack/mock.go:105.31,107.3 1 11
github.com/astrostl/slack-buddy-ai/pkg/slack/mock.go:111.2,117.49 3 12
github.com/astrostl/slack-buddy-ai/pkg/slack/mock.go:120.68,122.81 1 5
github.com/astrostl/slack-buddy-ai/pkg/slack/mock.go:122.81,124.3 1 2
github.com/astrostl/slack-buddy-ai/pkg/slack/mock.go:127.2,127.39 1 3
github.com/astrostl/slack-buddy-ai/pkg/slack/mock.go:127.39,129.3 1 0
github.com/astrostl/slack-buddy-ai/pkg/slack/mock.go:131.2,132.12 2 3
github.com/astrostl/slack-buddy-ai/pkg/slack/mock.go:135.101,137.78 1 19
github.com/astrostl/slack-buddy-ai/pkg/slack/mock.go:137.78,139.3 1 2
github.com/astrostl/slack-buddy-ai/pkg/slack/mock.go:142.2,142.36 1 17
github.com/astrostl/slack-buddy-ai/pkg/slack/mock.go:142.36,144.3 1 6
github.com/astrostl/slack-buddy-ai/pkg/slack/mock.go:146.2,157.41 3 11
github.com/astrostl/slack-buddy-ai/pkg/slack/mock.go:160.57,161.28 1 6
github.com/astrostl/slack-buddy-ai/pkg/slack/mock.go:161.28,163.3 1 2
github.com/astrostl/slack-buddy-ai/pkg/slack/mock.go:164.2,164.21 1 4
github.com/astrostl/slack-buddy-ai/pkg/slack/mock.go:169.87,171.2 1 37
github.com/astrostl/slack-buddy-ai/pkg/slack/mock.go:173.107,188.2 2 42
github.com/astrostl/slack-buddy-ai/pkg/slack/mock.go:190.52,191.14 1 7
github.com/astrostl/slack-buddy-ai/pkg/slack/mock.go:191.14,193.3 1 6
github.com/astrostl/slack-buddy-ai/pkg/slack/mock.go:193.8,195.3 1 1
github.com/astrostl/slack-buddy-ai/pkg/slack/mock.go:198.64,199.14 1 8
github.com/astrostl/slack-buddy-ai/pkg/slack/mock.go:199.14,201.3 1 7
github.com/astrostl/slack-buddy-ai/pkg/slack/mock.go:201.8,203.3 1 1
github.com/astrostl/slack-buddy-ai/pkg/slack/mock.go:206.91,207.14 1 8
github.com/astrostl/slack-buddy-ai/pkg/slack/mock.go:207.14,208.20 1 6
github.com/astrostl/slack-buddy-ai/pkg/slack/mock.go:208.20,210.4 1 0
github.com/astrostl/slack-buddy-ai/pkg/slack/mock.go:211.3,211.54 1 6
github.com/astrostl/slack-buddy-ai/pkg/slack/mock.go:212.8,214.3 1 2
github.com/astrostl/slack-buddy-ai/pkg/slack/mock.go:217.62,218.19 1 16
github.com/astrostl/slack-buddy-ai/pkg/slack/mock.go:219.20,220.48 1 3
github.com/astrostl/slack-buddy-ai/pkg/slack/mock.go:221.23,222.51 1 3
github.com/astrostl/slack-buddy-ai/pkg/slack/mock.go:223.24,224.52 1 3
github.com/astrostl/slack-buddy-ai/pkg/slack/mock.go:225.22,226.50 1 2
github.com/astrostl/slack-buddy-ai/pkg/slack/mock.go:227.22,228.50 1 1
github.com/astrostl/slack-buddy-ai/pkg/slack/mock.go:229.23,230.51 1 1
github.com/astrostl/slack-buddy-ai/pkg/slack/mock.go:231.10,232.27 1 1
github.com/astrostl/slack-buddy-ai/pkg/slack/mock.go:233.10,234.51 1 2
github.com/astrostl/slack-buddy-ai/pkg/slack/mock.go:238.55,239.19 1 6
github.com/astrostl/slack-buddy-ai/pkg/slack/mock.go:240.22,241.55 1 1
github.com/astrostl/slack-buddy-ai/pkg/slack/mock.go:242.20,243.53 1 1
github.com/astrostl/slack-buddy-ai/pkg/slack/mock.go:244.22,245.55 1 1
github.com/astrostl/slack-buddy-ai/pkg/slack/mock.go:246.28,247.61 1 1
github.com/astrostl/slack-buddy-ai/pkg/slack/mock.go:248.21,249.54 1 1
github.com/astrostl/slack-buddy-ai/pkg/slack/mock.go:250.21,251.54 1 1
github.com/astrostl/slack-buddy-ai/pkg/slack/mock.go:252.10,253.32 1 0
github.com/astrostl/slack-buddy-ai/pkg/slack/mock.go:254.10,255.56 1 0
github.com/astrostl/slack-buddy-ai/pkg/slack/mock.go:260.60,261.14 1 4
github.com/astrostl/slack-buddy-ai/pkg/slack/mock.go:261.14,263.3 1 3
github.com/astrostl/slack-buddy-ai/pkg/slack/mock.go:263.8,265.3 1 1
github.com/astrostl/slack-buddy-ai/pkg/slack/mock.go:268.59,269.14 1 3
github.com/astrostl/slack-buddy-ai/pkg/slack/mock.go:269.14,271.3 1 2
github.com/astrostl/slack-buddy-ai/pkg/slack/mock.go:271.8,273.3 1 1
github.com/astrostl/slack-buddy-ai/pkg/slack/mock.go:276.58,278.2 1 8
github.com/astrostl/slack-buddy-ai/pkg/slack/mock.go:280.46,282.2 1 1
github.com/astrostl/slack-buddy-ai/pkg/slack/mock.go:284.92,285.34 1 8
github.com/astrostl/slack-buddy-ai/pkg/slack/mock.go:285.34,287.3 1 0
github.com/astrostl/slack-buddy-ai/pkg/slack/mock.go:289.2,298.86 2 8
github.com/astrostl/slack-buddy-ai/pkg/slack/mock.go:301.67,302.14 1 0
github.com/astrostl/slack-buddy-ai/pkg/slack/mock.go:302.14,304.3 1 0
github.com/astrostl/slack-buddy-ai/pkg/slack/mock.go:304.8,306.3 1 0
github.com/astrostl/slack-buddy-ai/pkg/slack/mock.go:310.52,312.2 1 1
github.com/astrostl/slack-buddy-ai/pkg/slack/mock.go:314.51,316.2 1 1
github.com/astrostl/slack-buddy-ai/pkg/slack/mock.go:318.55,320.2 1 1
github.com/astrostl/slack-buddy-ai/pkg/slack/mock.go:322.52,324.2 1 1
github.com/astrostl/slack-buddy-ai/pkg/slack/mock.go:326.70,327.19 1 0
github.com/astrostl/slack-buddy-ai/pkg/slack/mock.go:328.23,329.59 1 0
github.com/astrostl/slack-buddy-ai/pkg/slack/mock.go:330.27,331.63 1 0
github.com/astrostl/slack-buddy-ai/pkg/slack/mock.go:332.26,333.62 1 0
github.com/astrostl/slack-buddy-ai/pkg/slack/mock.go:334.10,335.35 1 0
github.com/astrostl/slack-buddy-ai/pkg/slack/mock.go:336.10,337.59 1 0
github.com/astrostl/slack-buddy-ai/pkg/slack/mock.go:341.55,343.2 1 0
github.com/astrostl/slack-buddy-ai/pkg/slack/mock.go:345.48,347.2 1 0
github.com/astrostl/slack-buddy-ai/pkg/slack/mock.go:349.67,350.19 1 0
github.com/astrostl/slack-buddy-ai/pkg/slack/mock.go:351.23,352.56 1 0
github.com/astrostl/slack-buddy-ai/pkg/slack/mock.go:353.27,354.60 1 0
github.com/astrostl/slack-buddy-ai/pkg/slack/mock.go:355.28,356.61 1 0
github.com/astrostl/slack-buddy-ai/pkg/slack/mock.go:357.10,358.32 1 0
github.com/astrostl/slack-buddy-ai/pkg/slack/mock.go:359.10,360.56 1 0
github.com/astrostl/slack-buddy-ai/pkg/slack/mock.go:364.53,366.2 1 0
github.com/astrostl/slack-buddy-ai/pkg/slack/mock.go:368.46,370.2 1 0
github.com/astrostl/slack-buddy-ai/pkg/slack/mock.go:372.59,382.2 2 4
github.com/astrostl/slack-buddy-ai/pkg/slack/mock.go:384.59,385.19 1 2
github.com/astrostl/slack-buddy-ai/pkg/slack/mock.go:386.23,387.48 1 1
github.com/astrostl/slack-buddy-ai/pkg/slack/mock.go:388.10,389.24 1 0
github.com/astrostl/slack-buddy-ai/pkg/slack/mock.go:390.10,391.48 1 1
github.com/astrostl/slack-buddy-ai/pkg/slack/mock.go:406.91,407.34 1 16
github.com/astrostl/slack-buddy-ai/pkg/slack/mock.go:407.34,409.3 1 0
github.com/astrostl/slack-buddy-ai/pkg/slack/mock.go:411.2,412.31 2 16
github.com/astrostl/slack-buddy-ai/pkg/slack/mock.go:412.31,422.3 1 17
github.com/astrostl/slack-buddy-ai/pkg/slack/mock.go:424.2,424.50 1 16
github.com/astrostl/slack-buddy-ai/pkg/slack/mock.go:428.52,429.31 1 2
github.com/astrostl/slack-buddy-ai/pkg/slack/mock.go:429.31,431.3 1 0
github.com/astrostl/slack-buddy-ai/pkg/slack/mock.go:432.2,432.36 1 2
github.com/astrostl/slack-buddy-ai/pkg/slack/mock.go:436.88,437.40 1 2
github.com/astrostl/slack-buddy-ai/pkg/slack/mock.go:437.40,439.3 1 0
github.com/astrostl/slack-buddy-ai/pkg/slack/mock.go:441.2,441.14 1 2
github.com/astrostl/slack-buddy-ai/pkg/slack/mock.go:441.14,443.3 1 2
github.com/astrostl/slack-buddy-ai/pkg/slack/mock.go:443.8,445.3 1 0
github.com/astrostl/slack-buddy-ai/pkg/slack/mock.go:449.92,450.37 1 2
github.com/astrostl/slack-buddy-ai/pkg/slack/mock.go:450.37,452.3 1 0
github.com/astrostl/slack-buddy-ai/pkg/slack/mock.go:454.2,454.14 1 2
github.com/astrostl/slack-buddy-ai/pkg/slack/mock.go:454.14,456.3 1 2
github.com/astrostl/slack-buddy-ai/pkg/slack/mock.go:456.8,458.3 1 0
github.com/astrostl/slack-buddy-ai/pkg/slack/mock.go:462.114,463.40 1 2
github.com/astrostl/slack-buddy-ai/pkg/slack/mock.go:463.40,465.3 1 0
github.com/astrostl/slack-buddy-ai/pkg/slack/mock.go:467.2,467.14 1 2
github.com/astrostl/slack-buddy-ai/pkg/slack/mock.go:467.14,468.20 1 2
github.com/astrostl/slack-buddy-ai/pkg/slack/mock.go:469.24,470.72 1 1
github.com/astrostl/slack-buddy-ai/pkg/slack/mock.go:471.28,472.76 1 0
github.com/astrostl/slack-buddy-ai/pkg/slack/mock.go:473.27,474.75 1 1
github.com/astrostl/slack-buddy-ai/pkg/slack/mock.go:475.11,476.72 1 0
github.com/astrostl/slack-buddy-ai/pkg/slack/mock.go:478.8,480.3 1 0
github.com/astrostl/slack-buddy-ai/pkg/slack/security.go:10.45,11.17 1 9
github.com/astrostl/slack-buddy-ai/pkg/slack/security.go:11.17,13.3 1 2
github.com/astrostl/slack-buddy-ai/pkg/slack/security.go:16.2,16.82 1 7
github.com/astrostl/slack-buddy-ai/pkg/slack/security.go:16.82,18.3 1 2
github.com/astrostl/slack-buddy-ai/pkg/slack/security.go:21.2,21.40 1 5
github.com/astrostl/slack-buddy-ai/pkg/slack/security.go:21.40,23.3 1 2
github.com/astrostl/slack-buddy-ai/pkg/slack/security.go:26.2,27.41 2 3
github.com/astrostl/slack-buddy-ai/pkg/slack/security.go:27.41,29.3 1 3
github.com/astrostl/slack-buddy-ai/pkg/slack/security.go:32.2,32.21 1 0
github.com/astrostl/slack-buddy-ai/pkg/slack/security.go:32.21,34.3 1 0
github.com/astrostl/slack-buddy-ai/pkg/slack/security.go:36.2,36.12 1 0
github.com/astrostl/slack-buddy-ai/pkg/slack/security.go:40.46,50.2 5 4
github.com/astrostl/slack-buddy-ai/pkg/slack/security.go:53.52,54.23 1 20
github.com/astrostl/slack-buddy-ai/pkg/slack/security.go:54.23,56.3 1 2
github.com/astrostl/slack-buddy-ai/pkg/slack/security.go:59.2,62.16 2 18
github.com/astrostl/slack-buddy-ai/pkg/slack/security.go:62.16,64.3 1 1
github.com/astrostl/slack-buddy-ai/pkg/slack/security.go:67.2,68.39 2 17
github.com/astrostl/slack-buddy-ai/pkg/slack/security.go:68.39,70.3 1 2
github.com/astrostl/slack-buddy-ai/pkg/slack/security.go:72.2,72.20 1 15
github.com/astrostl/slack-buddy-ai/pkg/slack/security.go:72.20,74.3 1 1
github.com/astrostl/slack-buddy-ai/pkg/slack/security.go:76.2,76.12 1 14
github.com/astrostl/slack-buddy-ai/pkg/logger/logger.go:14.13,22.15 4 1
github.com/astrostl/slack-buddy-ai/pkg/logger/logger.go:23.15,24.34 1 0
github.com/astrostl/slack-buddy-ai/pkg/logger/logger.go:25.14,26.33 1 0
github.com/astrostl/slack-buddy-ai/pkg/logger/logger.go:27.15,28.34 1 0
github.com/astrostl/slack-buddy-ai/pkg/logger/logger.go:29.10,30.33 1 1
github.com/astrostl/slack-buddy-ai/pkg/logger/logger.go:34.2,35.22 2 1
github.com/astrostl/slack-buddy-ai/pkg/logger/logger.go:35.22,39.3 1 0
github.com/astrostl/slack-buddy-ai/pkg/logger/logger.go:39.8,45.3 1 1
github.com/astrostl/slack-buddy-ai/pkg/logger/logger.go:49.33,51.2 1 1
github.com/astrostl/slack-buddy-ai/pkg/logger/logger.go:54.53,56.2 1 1
github.com/astrostl/slack-buddy-ai/pkg/logger/logger.go:59.61,61.2 1 1
github.com/astrostl/slack-buddy-ai/pkg/logger/logger.go:64.23,66.2 1 1
github.com/astrostl/slack-buddy-ai/pkg/logger/logger.go:69.24,71.2 1 1
github.com/astrostl/slack-buddy-ai/pkg/logger/logger.go:74.23,76.2 1 1
github.com/astrostl/slack-buddy-ai/pkg/logger/logger.go:79.24,81.2 1 1
github.com/astrostl/slack-buddy-ai/pkg/logger/logger.go:84.24,86.2 1 0
github.com/astrostl/slack-buddy-ai/cmd/channels.go:65.13,79.2 11 1
github.com/astrostl/slack-buddy-ai/cmd/channels.go:81.57,83.17 2 5
github.com/astrostl/slack-buddy-ai/cmd/channels.go:83.17,85.3 1 1
github.com/astrostl/slack-buddy-ai/cmd/channels.go:88.2,88.22 1 4
github.com/astrostl/slack-buddy-ai/cmd/channels.go:88.22,90.3 1 0
github.com/astrostl/slack-buddy-ai/cmd/channels.go:92.2,93.16 2 4
github.com/astrostl/slack-buddy-ai/cmd/channels.go:93.16,95.3 1 1
github.com/astrostl/slack-buddy-ai/cmd/channels.go:97.2,97.14 1 3
github.com/astrostl/slack-buddy-ai/cmd/channels.go:97.14,99.3 1 0
github.com/astrostl/slack-buddy-ai/cmd/channels.go:101.2,105.16 4 3
github.com/astrostl/slack-buddy-ai/cmd/channels.go:105.16,107.3 1 3
github.com/astrostl/slack-buddy-ai/cmd/channels.go:110.2,111.16 2 0
github.com/astrostl/slack-buddy-ai/cmd/channels.go:111.16,113.3 1 0
github.com/astrostl/slack-buddy-ai/cmd/channels.go:115.2,115.69 1 0
github.com/astrostl/slack-buddy-ai/cmd/channels.go:118.115,120.16 2 13
github.com/astrostl/slack-buddy-ai/cmd/channels.go:120.16,122.3 1 1
github.com/astrostl/slack-buddy-ai/cmd/channels.go:124.2,124.27 1 12
github.com/astrostl/slack-buddy-ai/cmd/channels.go:124.27,126.3 1 2
github.com/astrostl/slack-buddy-ai/cmd/channels.go:129.2,130.38 2 10
github.com/astrostl/slack-buddy-ai/cmd/channels.go:130.38,132.3 1 11
github.com/astrostl/slack-buddy-ai/cmd/channels.go:133.2,135.27 2 10
github.com/astrostl/slack-buddy-ai/cmd/channels.go:135.27,140.39 3 7
github.com/astrostl/slack-buddy-ai/cmd/channels.go:140.39,142.4 1 7
github.com/astrostl/slack-buddy-ai/cmd/channels.go:145.3,147.17 3 7
github.com/astrostl/slack-buddy-ai/cmd/channels.go:147.17,152.4 1 0
github.com/astrostl/slack-buddy-ai/cmd/channels.go:154.3,157.18 3 7
github.com/astrostl/slack-buddy-ai/cmd/channels.go:157.18,160.45 2 1
github.com/astrostl/slack-buddy-ai/cmd/channels.go:160.45,162.52 2 1
github.com/astrostl/slack-buddy-ai/cmd/channels.go:162.52,163.39 1 1
github.com/astrostl/slack-buddy-ai/cmd/channels.go:163.39,165.12 2 1
github.com/astrostl/slack-buddy-ai/cmd/channels.go:168.5,168.17 1 1
github.com/astrostl/slack-buddy-ai/cmd/channels.go:168.17,170.6 1 0
github.com/astrostl/slack-buddy-ai/cmd/channels.go:173.4,173.32 1 1
github.com/astrostl/slack-buddy-ai/cmd/channels.go:173.32,175.5 1 1
github.com/astrostl/slack-buddy-ai/cmd/channels.go:178.4,178.39 1 1
github.com/astrostl/slack-buddy-ai/cmd/channels.go:178.39,181.5 2 1
github.com/astrostl/slack-buddy-ai/cmd/channels.go:184.4,185.40 2 0
github.com/astrostl/slack-buddy-ai/cmd/channels.go:185.40,186.58 1 0
github.com/astrostl/slack-buddy-ai/cmd/channels.go:186.58,187.40 1 0
github.com/astrostl/slack-buddy-ai/cmd/channels.go:187.40,189.12 2 0
github.com/astrostl/slack-buddy-ai/cmd/channels.go:193.4,197.38 3 0
github.com/astrostl/slack-buddy-ai/cmd/channels.go:197.38,199.55 2 0
github.com/astrostl/slack-buddy-ai/cmd/channels.go:199.55,201.6 1 0
github.com/astrostl/slack-buddy-ai/cmd/channels.go:202.5,202.133 1 0
github.com/astrostl/slack-buddy-ai/cmd/channels.go:204.9,207.4 2 6
github.com/astrostl/slack-buddy-ai/cmd/channels.go:209.3,209.15 1 6
github.com/astrostl/slack-buddy-ai/cmd/channels.go:209.15,218.4 6 2
github.com/astrostl/slack-buddy-ai/cmd/channels.go:218.9,219.76 1 4
github.com/astrostl/slack-buddy-ai/cmd/channels.go:219.76,225.5 2 1
github.com/astrostl/slack-buddy-ai/cmd/channels.go:226.4,226.62 1 3
github.com/astrostl/slack-buddy-ai/cmd/channels.go:228.8,228.21 1 3
github.com/astrostl/slack-buddy-ai/cmd/channels.go:228.21,235.3 5 2
github.com/astrostl/slack-buddy-ai/cmd/channels.go:237.2,237.12 1 8
github.com/astrostl/slack-buddy-ai/cmd/channels.go:240.58,242.17 2 3
github.com/astrostl/slack-buddy-ai/cmd/channels.go:242.17,244.3 1 1
github.com/astrostl/slack-buddy-ai/cmd/channels.go:246.2,246.22 1 2
github.com/astrostl/slack-buddy-ai/cmd/channels.go:246.22,248.3 1 1
github.com/astrostl/slack-buddy-ai/cmd/channels.go:250.2,250.25 1 1
github.com/astrostl/slack-buddy-ai/cmd/channels.go:250.25,252.3 1 1
github.com/astrostl/slack-buddy-ai/cmd/channels.go:254.2,255.16 2 0
github.com/astrostl/slack-buddy-ai/cmd/channels.go:255.16,257.3 1 0
github.com/astrostl/slack-buddy-ai/cmd/channels.go:259.2,259.109 1 0
github.com/astrostl/slack-buddy-ai/cmd/channels.go:262.144,265.13 2 7
github.com/astrostl/slack-buddy-ai/cmd/channels.go:265.13,271.3 1 0
github.com/astrostl/slack-buddy-ai/cmd/channels.go:273.2,276.13 2 7
github.com/astrostl/slack-buddy-ai/cmd/channels.go:276.13,278.3 1 0
github.com/astrostl/slack-buddy-ai/cmd/channels.go:279.2,280.16 2 7
github.com/astrostl/slack-buddy-ai/cmd/channels.go:280.16,281.99 1 0
github.com/astrostl/slack-buddy-ai/cmd/channels.go:281.99,285.4 3 0
github.com/astrostl/slack-buddy-ai/cmd/channels.go:286.3,286.100 1 0
github.com/astrostl/slack-buddy-ai/cmd/channels.go:286.100,291.4 4 0
github.com/astrostl/slack-buddy-ai/cmd/channels.go:292.3,292.52 1 0
github.com/astrostl/slack-buddy-ai/cmd/channels.go:294.2,294.13 1 7
github.com/astrostl/slack-buddy-ai/cmd/channels.go:294.13,296.3 1 0
github.com/astrostl/slack-buddy-ai/cmd/channels.go:299.2,302.27 3 7
github.com/astrostl/slack-buddy-ai/cmd/channels.go:302.27,303.63 1 0
github.com/astrostl/slack-buddy-ai/cmd/channels.go:303.63,306.39 2 0
github.com/astrostl/slack-buddy-ai/cmd/channels.go:306.39,308.5 1 0
github.com/astrostl/slack-buddy-ai/cmd/channels.go:309.4,309.21 1 0
github.com/astrostl/slack-buddy-ai/cmd/channels.go:309.21,311.5 1 0
github.com/astrostl/slack-buddy-ai/cmd/channels.go:315.2,315.27 1 7
github.com/astrostl/slack-buddy-ai/cmd/channels.go:315.27,316.62 1 0
github.com/astrostl/slack-buddy-ai/cmd/channels.go:316.62,319.38 2 0
github.com/astrostl/slack-buddy-ai/cmd/channels.go:319.38,321.5 1 0
github.com/astrostl/slack-buddy-ai/cmd/channels.go:322.4,322.20 1 0
github.com/astrostl/slack-buddy-ai/cmd/channels.go:322.20,324.5 1 0
github.com/astrostl/slack-buddy-ai/cmd/channels.go:329.2,329.66 1 7
github.com/astrostl/slack-buddy-ai/cmd/channels.go:329.66,331.35 2 0
github.com/astrostl/slack-buddy-ai/cmd/channels.go:331.35,333.4 1 0
github.com/astrostl/slack-buddy-ai/cmd/channels.go:334.3,334.35 1 0
github.com/astrostl/slack-buddy-ai/cmd/channels.go:334.35,336.4 1 0
github.com/astrostl/slack-buddy-ai/cmd/channels.go:337.3,337.16 1 0
github.com/astrostl/slack-buddy-ai/cmd/channels.go:340.2,341.16 2 7
github.com/astrostl/slack-buddy-ai/cmd/channels.go:341.16,343.99 1 1
github.com/astrostl/slack-buddy-ai/cmd/channels.go:343.99,350.4 6 0
github.com/astrostl/slack-buddy-ai/cmd/channels.go:351.3,351.68 1 1
github.com/astrostl/slack-buddy-ai/cmd/channels.go:355.2,361.21 5 6
github.com/astrostl/slack-buddy-ai/cmd/channels.go:361.21,363.34 2 3
github.com/astrostl/slack-buddy-ai/cmd/channels.go:363.34,370.34 2 3
github.com/astrostl/slack-buddy-ai/cmd/channels.go:370.34,372.30 2 3
github.com/astrostl/slack-buddy-ai/cmd/channels.go:372.30,374.6 1 0
github.com/astrostl/slack-buddy-ai/cmd/channels.go:375.5,378.25 3 3
github.com/astrostl/slack-buddy-ai/cmd/channels.go:378.25,380.6 1 0
github.com/astrostl/slack-buddy-ai/cmd/channels.go:382.5,383.34 2 3
github.com/astrostl/slack-buddy-ai/cmd/channels.go:383.34,385.6 1 0
github.com/astrostl/slack-buddy-ai/cmd/channels.go:387.5,387.101 1 3
github.com/astrostl/slack-buddy-ai/cmd/channels.go:390.3,392.15 2 3
github.com/astrostl/slack-buddy-ai/cmd/channels.go:392.15,395.23 3 2
github.com/astrostl/slack-buddy-ai/cmd/channels.go:395.23,399.5 3 2
github.com/astrostl/slack-buddy-ai/cmd/channels.go:400.4,400.41 1 2
github.com/astrostl/slack-buddy-ai/cmd/channels.go:401.9,404.35 3 1
github.com/astrostl/slack-buddy-ai/cmd/channels.go:404.35,405.92 1 1
github.com/astrostl/slack-buddy-ai/cmd/channels.go:405.92,411.6 2 0
github.com/astrostl/slack-buddy-ai/cmd/channels.go:411.11,415.6 3 1
github.com/astrostl/slack-buddy-ai/cmd/channels.go:417.4,417.69 1 1
github.com/astrostl/slack-buddy-ai/cmd/channels.go:422.2,422.24 1 6
github.com/astrostl/slack-buddy-ai/cmd/channels.go:422.24,424.37 2 3
github.com/astrostl/slack-buddy-ai/cmd/channels.go:424.37,431.34 2 3
github.com/astrostl/slack-buddy-ai/cmd/channels.go:431.34,433.30 2 3
github.com/astrostl/slack-buddy-ai/cmd/channels.go:433.30,435.6 1 3
github.com/astrostl/slack-buddy-ai/cmd/channels.go:436.5,439.25 3 3
github.com/astrostl/slack-buddy-ai/cmd/channels.go:439.25,441.6 1 0
github.com/astrostl/slack-buddy-ai/cmd/channels.go:443.5,444.34 2 3
github.com/astrostl/slack-buddy-ai/cmd/channels.go:444.34,446.6 1 3
github.com/astrostl/slack-buddy-ai/cmd/channels.go:448.5,448.101 1 3
github.com/astrostl/slack-buddy-ai/cmd/channels.go:451.3,453.15 2 3
github.com/astrostl/slack-buddy-ai/cmd/channels.go:453.15,456.26 3 2
github.com/astrostl/slack-buddy-ai/cmd/channels.go:456.26,460.5 3 2
github.com/astrostl/slack-buddy-ai/cmd/channels.go:461.4,461.41 1 2
github.com/astrostl/slack-buddy-ai/cmd/channels.go:462.9,465.38 3 1
github.com/astrostl/slack-buddy-ai/cmd/channels.go:465.38,466.101 1 1
github.com/astrostl/slack-buddy-ai/cmd/channels.go:466.101,472.6 2 0
github.com/astrostl/slack-buddy-ai/cmd/channels.go:472.11,476.6 3 1
github.com/astrostl/slack-buddy-ai/cmd/channels.go:478.4,478.72 1 1
github.com/astrostl/slack-buddy-ai/cmd/channels.go:482.2,482.45 1 6
github.com/astrostl/slack-buddy-ai/cmd/channels.go:482.45,484.3 1 2
github.com/astrostl/slack-buddy-ai/cmd/channels.go:486.2,486.12 1 6
github.com/astrostl/slack-buddy-ai/cmd/health.go:33.13,36.2 2 1
github.com/astrostl/slack-buddy-ai/cmd/health.go:38.57,45.17 5 12
github.com/astrostl/slack-buddy-ai/cmd/health.go:45.17,50.3 4 3
github.com/astrostl/slack-buddy-ai/cmd/health.go:51.2,52.19 2 9
github.com/astrostl/slack-buddy-ai/cmd/health.go:52.19,54.3 1 5
github.com/astrostl/slack-buddy-ai/cmd/health.go:57.2,58.32 2 9
github.com/astrostl/slack-buddy-ai/cmd/health.go:58.32,63.3 4 4
github.com/astrostl/slack-buddy-ai/cmd/health.go:64.2,69.16 4 5
github.com/astrostl/slack-buddy-ai/cmd/health.go:69.16,73.3 3 5
github.com/astrostl/slack-buddy-ai/cmd/health.go:74.2,79.16 4 0
github.com/astrostl/slack-buddy-ai/cmd/health.go:79.16,84.3 4 0
github.com/astrostl/slack-buddy-ai/cmd/health.go:85.2,86.19 2 0
github.com/astrostl/slack-buddy-ai/cmd/health.go:86.19,89.3 2 0
github.com/astrostl/slack-buddy-ai/cmd/health.go:92.2,93.19 2 0
github.com/astrostl/slack-buddy-ai/cmd/health.go:93.19,97.3 3 0
github.com/astrostl/slack-buddy-ai/cmd/health.go:98.2,99.16 2 0
github.com/astrostl/slack-buddy-ai/cmd/health.go:99.16,103.3 3 0
github.com/astrostl/slack-buddy-ai/cmd/health.go:105.2,119.36 5 0
github.com/astrostl/slack-buddy-ai/cmd/health.go:119.36,120.21 1 0
github.com/astrostl/slack-buddy-ai/cmd/health.go:120.21,122.4 1 0
github.com/astrostl/slack-buddy-ai/cmd/health.go:125.2,125.36 1 0
github.com/astrostl/slack-buddy-ai/cmd/health.go:125.36,126.21 1 0
github.com/astrostl/slack-buddy-ai/cmd/health.go:126.21,128.4 1 0
github.com/astrostl/slack-buddy-ai/cmd/health.go:131.2,131.30 1 0
github.com/astrostl/slack-buddy-ai/cmd/health.go:131.30,134.41 3 0
github.com/astrostl/slack-buddy-ai/cmd/health.go:134.41,136.4 1 0
github.com/astrostl/slack-buddy-ai/cmd/health.go:137.3,137.31 1 0
github.com/astrostl/slack-buddy-ai/cmd/health.go:137.31,139.42 2 0
github.com/astrostl/slack-buddy-ai/cmd/health.go:139.42,141.5 1 0
github.com/astrostl/slack-buddy-ai/cmd/health.go:143.3,144.53 2 0
github.com/astrostl/slack-buddy-ai/cmd/health.go:147.2,148.19 2 0
github.com/astrostl/slack-buddy-ai/cmd/health.go:148.19,153.37 3 0
github.com/astrostl/slack-buddy-ai/cmd/health.go:153.37,155.21 2 0
github.com/astrostl/slack-buddy-ai/cmd/health.go:155.21,157.5 1 0
github.com/astrostl/slack-buddy-ai/cmd/health.go:158.4,159.17 2 0
github.com/astrostl/slack-buddy-ai/cmd/health.go:160.25,161.50 1 0
github.com/astrostl/slack-buddy-ai/cmd/health.go:162.25,163.50 1 0
github.com/astrostl/slack-buddy-ai/cmd/health.go:164.22,165.45 1 0
github.com/astrostl/slack-buddy-ai/cmd/health.go:166.27,167.53 1 0
github.com/astrostl/slack-buddy-ai/cmd/health.go:168.22,169.42 1 0
github.com/astrostl/slack-buddy-ai/cmd/health.go:171.4,171.63 1 0
github.com/astrostl/slack-buddy-ai/cmd/health.go:175.3,176.37 2 0
github.com/astrostl/slack-buddy-ai/cmd/health.go:176.37,178.21 2 0
github.com/astrostl/slack-buddy-ai/cmd/health.go:178.21,180.5 1 0
github.com/astrostl/slack-buddy-ai/cmd/health.go:181.4,182.17 2 0
github.com/astrostl/slack-buddy-ai/cmd/health.go:183.23,184.65 1 0
github.com/astrostl/slack-buddy-ai/cmd/health.go:186.4,186.63 1 0
github.com/astrostl/slack-buddy-ai/cmd/health.go:190.2,190.30 1 0
github.com/astrostl/slack-buddy-ai/cmd/health.go:190.30,192.3 1 0
github.com/astrostl/slack-buddy-ai/cmd/health.go:195.2,196.55 2 0
github.com/astrostl/slack-buddy-ai/cmd/health.go:196.55,200.3 3 0
github.com/astrostl/slack-buddy-ai/cmd/health.go:200.8,202.3 1 0
github.com/astrostl/slack-buddy-ai/cmd/health.go:204.2,209.12 5 0
github.com/astrostl/slack-buddy-ai/cmd/health.go:212.44,214.2 1 17
github.com/astrostl/slack-buddy-ai/cmd/health.go:216.57,222.16 4 7
github.com/astrostl/slack-buddy-ai/cmd/health.go:222.16,224.3 1 2
github.com/astrostl/slack-buddy-ai/cmd/health.go:226.2,226.19 1 5
github.com/astrostl/slack-buddy-ai/cmd/health.go:226.19,228.3 1 4
github.com/astrostl/slack-buddy-ai/cmd/health.go:230.2,230.12 1 5
github.com/astrostl/slack-buddy-ai/cmd/health.go:233.38,242.2 1 21
github.com/astrostl/slack-buddy-ai/cmd/health.go:244.47,245.43 1 13
github.com/astrostl/slack-buddy-ai/cmd/health.go:245.43,246.35 1 32
github.com/astrostl/slack-buddy-ai/cmd/health.go:246.35,248.4 1 8
github.com/astrostl/slack-buddy-ai/cmd/health.go:250.2,250.14 1 5
github.com/astrostl/slack-buddy-ai/cmd/root.go:25.47,27.68 1 1
github.com/astrostl/slack-buddy-ai/cmd/root.go:27.68,29.30 2 1
github.com/astrostl/slack-buddy-ai/cmd/root.go:29.30,31.5 1 1
github.com/astrostl/slack-buddy-ai/cmd/root.go:32.4,32.30 1 1
github.com/astrostl/slack-buddy-ai/cmd/root.go:32.30,34.5 1 1
github.com/astrostl/slack-buddy-ai/cmd/root.go:35.4,35.10 1 1
github.com/astrostl/slack-buddy-ai/cmd/root.go:38.3,38.17 1 0
github.com/astrostl/slack-buddy-ai/cmd/root.go:45.41,51.42 4 3
github.com/astrostl/slack-buddy-ai/cmd/root.go:51.42,54.3 1 0
github.com/astrostl/slack-buddy-ai/cmd/root.go:57.13,66.92 5 1
github.com/astrostl/slack-buddy-ai/cmd/root.go:66.92,68.3 1 0
github.com/astrostl/slack-buddy-ai/cmd/root.go:69.2,69.92 1 1
github.com/astrostl/slack-buddy-ai/cmd/root.go:69.92,71.3 1 0
github.com/astrostl/slack-buddy-ai/cmd/root.go:75.19,84.28 5 17
github.com/astrostl/slack-buddy-ai/cmd/root.go:84.28,86.3 1 0
github.com/astrostl/slack-buddy-ai/cmd/root.go:86.8,88.3 1 17
github.com/astrostl/slack-buddy-ai/cmd/version.go:13.47,15.29 2 2
github.com/astrostl/slack-buddy-ai/cmd/version.go:15.29,17.4 1 1
github.com/astrostl/slack-buddy-ai/cmd/version.go:18.3,18.29 1 2
github.com/astrostl/slack-buddy-ai/cmd/version.go:18.29,20.4 1 1
github.com/astrostl/slack-buddy-ai/cmd/version.go:24.13,26.2 1 1
github.com/astrostl/slack-buddy-ai/main.go:14.13,16.2 1 0
