mode: set
github.com/astrostl/slack-buddy-ai/pkg/logger/logger.go:14.13,22.15 4 1
github.com/astrostl/slack-buddy-ai/pkg/logger/logger.go:23.15,24.34 1 0
github.com/astrostl/slack-buddy-ai/pkg/logger/logger.go:25.14,26.33 1 0
github.com/astrostl/slack-buddy-ai/pkg/logger/logger.go:27.15,28.34 1 0
github.com/astrostl/slack-buddy-ai/pkg/logger/logger.go:29.10,30.33 1 1
github.com/astrostl/slack-buddy-ai/pkg/logger/logger.go:34.2,35.22 2 1
github.com/astrostl/slack-buddy-ai/pkg/logger/logger.go:35.22,39.3 1 0
github.com/astrostl/slack-buddy-ai/pkg/logger/logger.go:39.8,45.3 1 1
github.com/astrostl/slack-buddy-ai/pkg/logger/logger.go:49.33,51.2 1 1
github.com/astrostl/slack-buddy-ai/pkg/logger/logger.go:54.53,56.2 1 1
github.com/astrostl/slack-buddy-ai/pkg/logger/logger.go:59.61,61.2 1 1
github.com/astrostl/slack-buddy-ai/pkg/logger/logger.go:64.23,66.2 1 1
github.com/astrostl/slack-buddy-ai/pkg/logger/logger.go:69.24,71.2 1 1
github.com/astrostl/slack-buddy-ai/pkg/logger/logger.go:74.23,76.2 1 1
github.com/astrostl/slack-buddy-ai/pkg/logger/logger.go:79.24,81.2 1 1
github.com/astrostl/slack-buddy-ai/pkg/logger/logger.go:84.24,86.2 1 0
github.com/astrostl/slack-buddy-ai/main.go:14.13,16.2 1 0
github.com/astrostl/slack-buddy-ai/pkg/slack/client.go:56.47,58.50 1 1
github.com/astrostl/slack-buddy-ai/pkg/slack/client.go:58.50,60.3 1 1
github.com/astrostl/slack-buddy-ai/pkg/slack/client.go:62.2,65.16 3 1
github.com/astrostl/slack-buddy-ai/pkg/slack/client.go:65.16,67.3 1 1
github.com/astrostl/slack-buddy-ai/pkg/slack/client.go:69.2,80.8 2 0
github.com/astrostl/slack-buddy-ai/pkg/slack/client.go:84.54,85.16 1 1
github.com/astrostl/slack-buddy-ai/pkg/slack/client.go:85.16,87.3 1 1
github.com/astrostl/slack-buddy-ai/pkg/slack/client.go:89.2,90.16 2 1
github.com/astrostl/slack-buddy-ai/pkg/slack/client.go:90.16,92.3 1 1
github.com/astrostl/slack-buddy-ai/pkg/slack/client.go:94.2,105.8 2 1
github.com/astrostl/slack-buddy-ai/pkg/slack/client.go:108.56,117.25 6 1
github.com/astrostl/slack-buddy-ai/pkg/slack/client.go:117.25,120.31 3 1
github.com/astrostl/slack-buddy-ai/pkg/slack/client.go:120.31,122.4 1 0
github.com/astrostl/slack-buddy-ai/pkg/slack/client.go:125.2,125.37 1 1
github.com/astrostl/slack-buddy-ai/pkg/slack/client.go:125.37,132.10 3 1
github.com/astrostl/slack-buddy-ai/pkg/slack/client.go:133.21,134.20 1 1
github.com/astrostl/slack-buddy-ai/pkg/slack/client.go:135.32,135.32 0 1
github.com/astrostl/slack-buddy-ai/pkg/slack/client.go:139.2,140.12 2 1
github.com/astrostl/slack-buddy-ai/pkg/slack/client.go:143.36,148.25 3 1
github.com/astrostl/slack-buddy-ai/pkg/slack/client.go:148.25,151.3 2 1
github.com/astrostl/slack-buddy-ai/pkg/slack/client.go:154.43,159.25 4 1
github.com/astrostl/slack-buddy-ai/pkg/slack/client.go:159.25,161.3 1 1
github.com/astrostl/slack-buddy-ai/pkg/slack/client.go:163.2,163.118 1 1
github.com/astrostl/slack-buddy-ai/pkg/slack/client.go:166.69,172.48 4 1
github.com/astrostl/slack-buddy-ai/pkg/slack/client.go:172.48,174.3 1 0
github.com/astrostl/slack-buddy-ai/pkg/slack/client.go:176.2,180.16 2 1
github.com/astrostl/slack-buddy-ai/pkg/slack/client.go:180.16,188.47 3 1
github.com/astrostl/slack-buddy-ai/pkg/slack/client.go:188.47,191.4 2 1
github.com/astrostl/slack-buddy-ai/pkg/slack/client.go:193.3,193.48 1 1
github.com/astrostl/slack-buddy-ai/pkg/slack/client.go:193.48,196.4 2 1
github.com/astrostl/slack-buddy-ai/pkg/slack/client.go:197.3,197.47 1 1
github.com/astrostl/slack-buddy-ai/pkg/slack/client.go:197.47,200.4 2 1
github.com/astrostl/slack-buddy-ai/pkg/slack/client.go:201.3,201.65 1 1
github.com/astrostl/slack-buddy-ai/pkg/slack/client.go:205.2,210.30 4 1
github.com/astrostl/slack-buddy-ai/pkg/slack/client.go:210.30,212.27 2 1
github.com/astrostl/slack-buddy-ai/pkg/slack/client.go:212.27,226.4 2 1
github.com/astrostl/slack-buddy-ai/pkg/slack/client.go:229.2,230.25 2 1
github.com/astrostl/slack-buddy-ai/pkg/slack/client.go:233.101,240.16 3 0
github.com/astrostl/slack-buddy-ai/pkg/slack/client.go:240.16,242.3 1 0
github.com/astrostl/slack-buddy-ai/pkg/slack/client.go:244.2,247.30 3 0
github.com/astrostl/slack-buddy-ai/pkg/slack/client.go:247.30,249.27 2 0
github.com/astrostl/slack-buddy-ai/pkg/slack/client.go:249.27,263.4 2 0
github.com/astrostl/slack-buddy-ai/pkg/slack/client.go:266.2,267.35 2 0
github.com/astrostl/slack-buddy-ai/pkg/slack/client.go:270.91,278.24 3 1
github.com/astrostl/slack-buddy-ai/pkg/slack/client.go:278.24,280.3 1 1
github.com/astrostl/slack-buddy-ai/pkg/slack/client.go:280.8,282.3 1 1
github.com/astrostl/slack-buddy-ai/pkg/slack/client.go:284.2,286.30 2 1
github.com/astrostl/slack-buddy-ai/pkg/slack/client.go:286.30,290.23 2 1
github.com/astrostl/slack-buddy-ai/pkg/slack/client.go:290.23,292.4 1 1
github.com/astrostl/slack-buddy-ai/pkg/slack/client.go:294.3,294.23 1 1
github.com/astrostl/slack-buddy-ai/pkg/slack/client.go:294.23,296.4 1 1
github.com/astrostl/slack-buddy-ai/pkg/slack/client.go:299.3,299.26 1 1
github.com/astrostl/slack-buddy-ai/pkg/slack/client.go:299.26,301.4 1 1
github.com/astrostl/slack-buddy-ai/pkg/slack/client.go:301.9,303.4 1 1
github.com/astrostl/slack-buddy-ai/pkg/slack/client.go:306.2,306.25 1 1
github.com/astrostl/slack-buddy-ai/pkg/slack/client.go:309.97,312.16 2 0
github.com/astrostl/slack-buddy-ai/pkg/slack/client.go:312.16,315.3 1 0
github.com/astrostl/slack-buddy-ai/pkg/slack/client.go:317.2,319.24 2 0
github.com/astrostl/slack-buddy-ai/pkg/slack/client.go:319.24,321.3 1 0
github.com/astrostl/slack-buddy-ai/pkg/slack/client.go:321.8,323.3 1 0
github.com/astrostl/slack-buddy-ai/pkg/slack/client.go:325.2,327.30 2 0
github.com/astrostl/slack-buddy-ai/pkg/slack/client.go:327.30,331.23 2 0
github.com/astrostl/slack-buddy-ai/pkg/slack/client.go:331.23,333.73 2 0
github.com/astrostl/slack-buddy-ai/pkg/slack/client.go:333.73,335.5 1 0
github.com/astrostl/slack-buddy-ai/pkg/slack/client.go:336.4,336.67 1 0
github.com/astrostl/slack-buddy-ai/pkg/slack/client.go:339.3,339.23 1 0
github.com/astrostl/slack-buddy-ai/pkg/slack/client.go:339.23,341.4 1 0
github.com/astrostl/slack-buddy-ai/pkg/slack/client.go:344.3,344.26 1 0
github.com/astrostl/slack-buddy-ai/pkg/slack/client.go:344.26,346.4 1 0
github.com/astrostl/slack-buddy-ai/pkg/slack/client.go:346.9,348.4 1 0
github.com/astrostl/slack-buddy-ai/pkg/slack/client.go:351.2,351.25 1 0
github.com/astrostl/slack-buddy-ai/pkg/slack/client.go:354.113,359.2 3 0
github.com/astrostl/slack-buddy-ai/pkg/slack/client.go:361.156,364.2 1 0
github.com/astrostl/slack-buddy-ai/pkg/slack/client.go:366.196,374.16 3 0
github.com/astrostl/slack-buddy-ai/pkg/slack/client.go:374.16,376.3 1 0
github.com/astrostl/slack-buddy-ai/pkg/slack/client.go:379.2,380.24 2 0
github.com/astrostl/slack-buddy-ai/pkg/slack/client.go:380.24,383.34 2 0
github.com/astrostl/slack-buddy-ai/pkg/slack/client.go:383.34,385.4 1 0
github.com/astrostl/slack-buddy-ai/pkg/slack/client.go:386.8,390.17 3 0
github.com/astrostl/slack-buddy-ai/pkg/slack/client.go:390.17,395.4 2 0
github.com/astrostl/slack-buddy-ai/pkg/slack/client.go:399.2,400.16 2 0
github.com/astrostl/slack-buddy-ai/pkg/slack/client.go:400.16,402.3 1 0
github.com/astrostl/slack-buddy-ai/pkg/slack/client.go:406.2,415.53 4 0
github.com/astrostl/slack-buddy-ai/pkg/slack/client.go:415.53,418.17 3 0
github.com/astrostl/slack-buddy-ai/pkg/slack/client.go:418.17,421.90 2 0
github.com/astrostl/slack-buddy-ai/pkg/slack/client.go:421.90,422.29 1 0
github.com/astrostl/slack-buddy-ai/pkg/slack/client.go:422.29,425.26 2 0
github.com/astrostl/slack-buddy-ai/pkg/slack/client.go:425.26,434.15 5 0
github.com/astrostl/slack-buddy-ai/pkg/slack/client.go:439.4,443.26 2 0
github.com/astrostl/slack-buddy-ai/pkg/slack/client.go:446.3,446.8 1 0
github.com/astrostl/slack-buddy-ai/pkg/slack/client.go:450.2,454.43 3 0
github.com/astrostl/slack-buddy-ai/pkg/slack/client.go:454.43,456.74 1 0
github.com/astrostl/slack-buddy-ai/pkg/slack/client.go:456.74,457.12 1 0
github.com/astrostl/slack-buddy-ai/pkg/slack/client.go:459.3,459.140 1 0
github.com/astrostl/slack-buddy-ai/pkg/slack/client.go:459.140,467.49 2 0
github.com/astrostl/slack-buddy-ai/pkg/slack/client.go:467.49,470.51 2 0
github.com/astrostl/slack-buddy-ai/pkg/slack/client.go:470.51,471.32 1 0
github.com/astrostl/slack-buddy-ai/pkg/slack/client.go:471.32,473.12 2 0
github.com/astrostl/slack-buddy-ai/pkg/slack/client.go:476.5,476.23 1 0
github.com/astrostl/slack-buddy-ai/pkg/slack/client.go:476.23,478.6 1 0
github.com/astrostl/slack-buddy-ai/pkg/slack/client.go:480.4,480.26 1 0
github.com/astrostl/slack-buddy-ai/pkg/slack/client.go:484.2,484.21 1 0
github.com/astrostl/slack-buddy-ai/pkg/slack/client.go:484.21,486.3 1 0
github.com/astrostl/slack-buddy-ai/pkg/slack/client.go:488.2,492.24 2 0
github.com/astrostl/slack-buddy-ai/pkg/slack/client.go:495.94,497.2 1 0
github.com/astrostl/slack-buddy-ai/pkg/slack/client.go:499.101,502.2 1 0
github.com/astrostl/slack-buddy-ai/pkg/slack/client.go:504.143,507.43 2 0
github.com/astrostl/slack-buddy-ai/pkg/slack/client.go:507.43,509.53 1 0
github.com/astrostl/slack-buddy-ai/pkg/slack/client.go:509.53,511.12 2 0
github.com/astrostl/slack-buddy-ai/pkg/slack/client.go:515.3,515.64 1 0
github.com/astrostl/slack-buddy-ai/pkg/slack/client.go:515.64,516.57 1 0
github.com/astrostl/slack-buddy-ai/pkg/slack/client.go:516.57,518.5 1 0
github.com/astrostl/slack-buddy-ai/pkg/slack/client.go:522.2,522.19 1 0
github.com/astrostl/slack-buddy-ai/pkg/slack/client.go:525.72,530.48 3 0
github.com/astrostl/slack-buddy-ai/pkg/slack/client.go:530.48,532.3 1 0
github.com/astrostl/slack-buddy-ai/pkg/slack/client.go:535.2,541.16 3 0
github.com/astrostl/slack-buddy-ai/pkg/slack/client.go:541.16,544.3 2 0
github.com/astrostl/slack-buddy-ai/pkg/slack/client.go:546.2,550.35 3 0
github.com/astrostl/slack-buddy-ai/pkg/slack/client.go:550.35,552.3 1 0
github.com/astrostl/slack-buddy-ai/pkg/slack/client.go:554.2,554.22 1 0
github.com/astrostl/slack-buddy-ai/pkg/slack/client.go:557.61,564.53 2 1
github.com/astrostl/slack-buddy-ai/pkg/slack/client.go:564.53,570.3 2 1
github.com/astrostl/slack-buddy-ai/pkg/slack/client.go:573.2,574.16 2 1
github.com/astrostl/slack-buddy-ai/pkg/slack/client.go:574.16,576.3 1 1
github.com/astrostl/slack-buddy-ai/pkg/slack/client.go:579.2,582.48 3 1
github.com/astrostl/slack-buddy-ai/pkg/slack/client.go:582.48,584.3 1 0
github.com/astrostl/slack-buddy-ai/pkg/slack/client.go:586.2,587.16 2 1
github.com/astrostl/slack-buddy-ai/pkg/slack/client.go:587.16,596.47 3 1
github.com/astrostl/slack-buddy-ai/pkg/slack/client.go:596.47,599.4 2 1
github.com/astrostl/slack-buddy-ai/pkg/slack/client.go:601.3,601.48 1 1
github.com/astrostl/slack-buddy-ai/pkg/slack/client.go:601.48,604.4 2 1
github.com/astrostl/slack-buddy-ai/pkg/slack/client.go:605.3,605.52 1 1
github.com/astrostl/slack-buddy-ai/pkg/slack/client.go:605.52,608.4 2 0
github.com/astrostl/slack-buddy-ai/pkg/slack/client.go:609.3,609.49 1 1
github.com/astrostl/slack-buddy-ai/pkg/slack/client.go:609.49,612.4 2 1
github.com/astrostl/slack-buddy-ai/pkg/slack/client.go:613.3,613.70 1 1
github.com/astrostl/slack-buddy-ai/pkg/slack/client.go:617.2,620.12 3 1
github.com/astrostl/slack-buddy-ai/pkg/slack/client.go:623.48,625.16 2 1
github.com/astrostl/slack-buddy-ai/pkg/slack/client.go:625.16,627.3 1 0
github.com/astrostl/slack-buddy-ai/pkg/slack/client.go:629.2,634.8 1 1
github.com/astrostl/slack-buddy-ai/pkg/slack/client.go:637.62,639.16 2 1
github.com/astrostl/slack-buddy-ai/pkg/slack/client.go:639.16,641.3 1 0
github.com/astrostl/slack-buddy-ai/pkg/slack/client.go:646.2,656.26 8 1
github.com/astrostl/slack-buddy-ai/pkg/slack/client.go:659.47,666.66 2 1
github.com/astrostl/slack-buddy-ai/pkg/slack/client.go:666.66,668.3 1 1
github.com/astrostl/slack-buddy-ai/pkg/slack/client.go:669.2,669.13 1 1
github.com/astrostl/slack-buddy-ai/pkg/slack/client.go:672.47,677.2 1 1
github.com/astrostl/slack-buddy-ai/pkg/slack/client.go:679.44,683.2 1 1
github.com/astrostl/slack-buddy-ai/pkg/slack/client.go:685.49,689.2 1 1
github.com/astrostl/slack-buddy-ai/pkg/slack/client.go:691.45,698.66 2 1
github.com/astrostl/slack-buddy-ai/pkg/slack/client.go:698.66,700.3 1 0
github.com/astrostl/slack-buddy-ai/pkg/slack/client.go:701.2,701.13 1 1
github.com/astrostl/slack-buddy-ai/pkg/slack/client.go:704.44,708.66 2 1
github.com/astrostl/slack-buddy-ai/pkg/slack/client.go:708.66,710.3 1 0
github.com/astrostl/slack-buddy-ai/pkg/slack/client.go:711.2,711.13 1 1
github.com/astrostl/slack-buddy-ai/pkg/slack/client.go:714.69,718.2 1 1
github.com/astrostl/slack-buddy-ai/pkg/slack/client.go:721.77,729.48 4 1
github.com/astrostl/slack-buddy-ai/pkg/slack/client.go:729.48,731.3 1 0
github.com/astrostl/slack-buddy-ai/pkg/slack/client.go:734.2,740.16 3 1
github.com/astrostl/slack-buddy-ai/pkg/slack/client.go:740.16,743.3 2 0
github.com/astrostl/slack-buddy-ai/pkg/slack/client.go:746.2,749.35 2 1
github.com/astrostl/slack-buddy-ai/pkg/slack/client.go:749.35,750.32 1 1
github.com/astrostl/slack-buddy-ai/pkg/slack/client.go:750.32,752.4 1 1
github.com/astrostl/slack-buddy-ai/pkg/slack/client.go:755.2,755.62 1 1
github.com/astrostl/slack-buddy-ai/pkg/slack/client.go:758.126,771.48 5 1
github.com/astrostl/slack-buddy-ai/pkg/slack/client.go:771.48,773.3 1 0
github.com/astrostl/slack-buddy-ai/pkg/slack/client.go:775.2,780.16 2 1
github.com/astrostl/slack-buddy-ai/pkg/slack/client.go:780.16,782.3 1 1
github.com/astrostl/slack-buddy-ai/pkg/slack/client.go:784.2,792.33 5 1
github.com/astrostl/slack-buddy-ai/pkg/slack/client.go:792.33,796.32 2 1
github.com/astrostl/slack-buddy-ai/pkg/slack/client.go:796.32,803.12 3 1
github.com/astrostl/slack-buddy-ai/pkg/slack/client.go:807.3,807.35 1 1
github.com/astrostl/slack-buddy-ai/pkg/slack/client.go:807.35,810.12 3 1
github.com/astrostl/slack-buddy-ai/pkg/slack/client.go:814.3,814.48 1 1
github.com/astrostl/slack-buddy-ai/pkg/slack/client.go:814.48,820.12 3 0
github.com/astrostl/slack-buddy-ai/pkg/slack/client.go:823.3,823.52 1 1
github.com/astrostl/slack-buddy-ai/pkg/slack/client.go:826.2,837.16 3 1
github.com/astrostl/slack-buddy-ai/pkg/slack/client.go:837.16,839.3 1 0
github.com/astrostl/slack-buddy-ai/pkg/slack/client.go:840.2,843.39 2 1
github.com/astrostl/slack-buddy-ai/pkg/slack/client.go:843.39,848.17 3 1
github.com/astrostl/slack-buddy-ai/pkg/slack/client.go:848.17,852.90 2 0
github.com/astrostl/slack-buddy-ai/pkg/slack/client.go:852.90,858.5 2 0
github.com/astrostl/slack-buddy-ai/pkg/slack/client.go:860.4,860.50 1 0
github.com/astrostl/slack-buddy-ai/pkg/slack/client.go:860.50,868.5 4 0
github.com/astrostl/slack-buddy-ai/pkg/slack/client.go:868.10,874.13 2 0
github.com/astrostl/slack-buddy-ai/pkg/slack/client.go:878.3,898.17 4 1
github.com/astrostl/slack-buddy-ai/pkg/slack/client.go:898.17,902.62 2 1
github.com/astrostl/slack-buddy-ai/pkg/slack/client.go:902.62,909.5 2 1
github.com/astrostl/slack-buddy-ai/pkg/slack/client.go:910.9,912.64 1 1
github.com/astrostl/slack-buddy-ai/pkg/slack/client.go:912.64,918.5 2 1
github.com/astrostl/slack-buddy-ai/pkg/slack/client.go:922.2,927.31 2 1
github.com/astrostl/slack-buddy-ai/pkg/slack/client.go:931.164,944.48 5 1
github.com/astrostl/slack-buddy-ai/pkg/slack/client.go:944.48,946.3 1 0
github.com/astrostl/slack-buddy-ai/pkg/slack/client.go:948.2,953.16 2 1
github.com/astrostl/slack-buddy-ai/pkg/slack/client.go:953.16,955.3 1 1
github.com/astrostl/slack-buddy-ai/pkg/slack/client.go:957.2,965.33 5 1
github.com/astrostl/slack-buddy-ai/pkg/slack/client.go:965.33,967.35 1 1
github.com/astrostl/slack-buddy-ai/pkg/slack/client.go:967.35,969.12 2 0
github.com/astrostl/slack-buddy-ai/pkg/slack/client.go:973.3,974.32 2 1
github.com/astrostl/slack-buddy-ai/pkg/slack/client.go:974.32,976.12 2 0
github.com/astrostl/slack-buddy-ai/pkg/slack/client.go:980.3,980.48 1 1
github.com/astrostl/slack-buddy-ai/pkg/slack/client.go:980.48,982.12 2 0
github.com/astrostl/slack-buddy-ai/pkg/slack/client.go:985.3,985.52 1 1
github.com/astrostl/slack-buddy-ai/pkg/slack/client.go:988.2,1004.16 7 1
github.com/astrostl/slack-buddy-ai/pkg/slack/client.go:1004.16,1006.3 1 0
github.com/astrostl/slack-buddy-ai/pkg/slack/client.go:1007.2,1013.39 4 1
github.com/astrostl/slack-buddy-ai/pkg/slack/client.go:1013.39,1016.17 2 1
github.com/astrostl/slack-buddy-ai/pkg/slack/client.go:1016.17,1025.90 3 0
github.com/astrostl/slack-buddy-ai/pkg/slack/client.go:1025.90,1033.5 3 0
github.com/astrostl/slack-buddy-ai/pkg/slack/client.go:1035.4,1036.12 2 0
github.com/astrostl/slack-buddy-ai/pkg/slack/client.go:1039.3,1056.28 4 1
github.com/astrostl/slack-buddy-ai/pkg/slack/client.go:1056.28,1060.4 3 0
github.com/astrostl/slack-buddy-ai/pkg/slack/client.go:1060.9,1063.43 3 1
github.com/astrostl/slack-buddy-ai/pkg/slack/client.go:1063.43,1066.5 2 0
github.com/astrostl/slack-buddy-ai/pkg/slack/client.go:1069.3,1072.25 2 1
github.com/astrostl/slack-buddy-ai/pkg/slack/client.go:1072.25,1075.29 2 1
github.com/astrostl/slack-buddy-ai/pkg/slack/client.go:1075.29,1077.5 1 0
github.com/astrostl/slack-buddy-ai/pkg/slack/client.go:1080.4,1083.25 3 1
github.com/astrostl/slack-buddy-ai/pkg/slack/client.go:1083.25,1085.5 1 0
github.com/astrostl/slack-buddy-ai/pkg/slack/client.go:1088.4,1089.24 2 1
github.com/astrostl/slack-buddy-ai/pkg/slack/client.go:1089.24,1091.5 1 0
github.com/astrostl/slack-buddy-ai/pkg/slack/client.go:1093.4,1093.100 1 1
github.com/astrostl/slack-buddy-ai/pkg/slack/client.go:1095.3,1098.17 2 1
github.com/astrostl/slack-buddy-ai/pkg/slack/client.go:1098.17,1102.26 2 0
github.com/astrostl/slack-buddy-ai/pkg/slack/client.go:1102.26,1109.5 2 0
github.com/astrostl/slack-buddy-ai/pkg/slack/client.go:1110.9,1110.70 1 1
github.com/astrostl/slack-buddy-ai/pkg/slack/client.go:1110.70,1118.4 2 1
github.com/astrostl/slack-buddy-ai/pkg/slack/client.go:1121.2,1126.31 2 1
github.com/astrostl/slack-buddy-ai/pkg/slack/client.go:1130.220,1145.48 5 1
github.com/astrostl/slack-buddy-ai/pkg/slack/client.go:1145.48,1147.3 1 0
github.com/astrostl/slack-buddy-ai/pkg/slack/client.go:1149.2,1154.16 2 1
github.com/astrostl/slack-buddy-ai/pkg/slack/client.go:1154.16,1156.3 1 0
github.com/astrostl/slack-buddy-ai/pkg/slack/client.go:1158.2,1166.33 5 1
github.com/astrostl/slack-buddy-ai/pkg/slack/client.go:1166.33,1168.83 1 1
github.com/astrostl/slack-buddy-ai/pkg/slack/client.go:1168.83,1170.12 2 1
github.com/astrostl/slack-buddy-ai/pkg/slack/client.go:1174.3,1174.35 1 1
github.com/astrostl/slack-buddy-ai/pkg/slack/client.go:1174.35,1176.12 2 0
github.com/astrostl/slack-buddy-ai/pkg/slack/client.go:1180.3,1181.32 2 1
github.com/astrostl/slack-buddy-ai/pkg/slack/client.go:1181.32,1183.12 2 0
github.com/astrostl/slack-buddy-ai/pkg/slack/client.go:1187.3,1187.48 1 1
github.com/astrostl/slack-buddy-ai/pkg/slack/client.go:1187.48,1189.12 2 0
github.com/astrostl/slack-buddy-ai/pkg/slack/client.go:1192.3,1192.52 1 1
github.com/astrostl/slack-buddy-ai/pkg/slack/client.go:1195.2,1212.16 7 1
github.com/astrostl/slack-buddy-ai/pkg/slack/client.go:1212.16,1214.3 1 0
github.com/astrostl/slack-buddy-ai/pkg/slack/client.go:1215.2,1221.39 4 1
github.com/astrostl/slack-buddy-ai/pkg/slack/client.go:1221.39,1224.17 2 1
github.com/astrostl/slack-buddy-ai/pkg/slack/client.go:1224.17,1233.90 3 0
github.com/astrostl/slack-buddy-ai/pkg/slack/client.go:1233.90,1241.5 3 0
github.com/astrostl/slack-buddy-ai/pkg/slack/client.go:1243.4,1244.12 2 0
github.com/astrostl/slack-buddy-ai/pkg/slack/client.go:1247.3,1264.28 4 1
github.com/astrostl/slack-buddy-ai/pkg/slack/client.go:1264.28,1268.4 3 0
github.com/astrostl/slack-buddy-ai/pkg/slack/client.go:1268.9,1271.43 3 1
github.com/astrostl/slack-buddy-ai/pkg/slack/client.go:1271.43,1274.5 2 0
github.com/astrostl/slack-buddy-ai/pkg/slack/client.go:1277.3,1280.25 2 1
github.com/astrostl/slack-buddy-ai/pkg/slack/client.go:1280.25,1283.29 2 1
github.com/astrostl/slack-buddy-ai/pkg/slack/client.go:1283.29,1285.5 1 0
github.com/astrostl/slack-buddy-ai/pkg/slack/client.go:1288.4,1291.25 3 1
github.com/astrostl/slack-buddy-ai/pkg/slack/client.go:1291.25,1293.5 1 0
github.com/astrostl/slack-buddy-ai/pkg/slack/client.go:1296.4,1297.24 2 1
github.com/astrostl/slack-buddy-ai/pkg/slack/client.go:1297.24,1299.5 1 0
github.com/astrostl/slack-buddy-ai/pkg/slack/client.go:1301.4,1301.100 1 1
github.com/astrostl/slack-buddy-ai/pkg/slack/client.go:1303.3,1306.17 2 1
github.com/astrostl/slack-buddy-ai/pkg/slack/client.go:1306.17,1310.26 2 0
github.com/astrostl/slack-buddy-ai/pkg/slack/client.go:1310.26,1317.5 2 0
github.com/astrostl/slack-buddy-ai/pkg/slack/client.go:1318.9,1318.70 1 1
github.com/astrostl/slack-buddy-ai/pkg/slack/client.go:1318.70,1326.4 2 1
github.com/astrostl/slack-buddy-ai/pkg/slack/client.go:1329.2,1334.31 2 1
github.com/astrostl/slack-buddy-ai/pkg/slack/client.go:1338.118,1340.43 1 1
github.com/astrostl/slack-buddy-ai/pkg/slack/client.go:1340.43,1341.30 1 1
github.com/astrostl/slack-buddy-ai/pkg/slack/client.go:1341.30,1348.4 2 1
github.com/astrostl/slack-buddy-ai/pkg/slack/client.go:1352.2,1352.41 1 1
github.com/astrostl/slack-buddy-ai/pkg/slack/client.go:1352.41,1353.45 1 1
github.com/astrostl/slack-buddy-ai/pkg/slack/client.go:1353.45,1360.4 2 1
github.com/astrostl/slack-buddy-ai/pkg/slack/client.go:1363.2,1363.14 1 1
github.com/astrostl/slack-buddy-ai/pkg/slack/client.go:1367.45,1368.21 1 1
github.com/astrostl/slack-buddy-ai/pkg/slack/client.go:1368.21,1370.19 2 1
github.com/astrostl/slack-buddy-ai/pkg/slack/client.go:1370.19,1372.4 1 1
github.com/astrostl/slack-buddy-ai/pkg/slack/client.go:1373.3,1373.44 1 1
github.com/astrostl/slack-buddy-ai/pkg/slack/client.go:1376.2,1376.19 1 1
github.com/astrostl/slack-buddy-ai/pkg/slack/client.go:1376.19,1378.19 2 1
github.com/astrostl/slack-buddy-ai/pkg/slack/client.go:1378.19,1380.4 1 1
github.com/astrostl/slack-buddy-ai/pkg/slack/client.go:1381.3,1381.44 1 1
github.com/astrostl/slack-buddy-ai/pkg/slack/client.go:1384.2,1384.22 1 1
github.com/astrostl/slack-buddy-ai/pkg/slack/client.go:1384.22,1386.17 2 1
github.com/astrostl/slack-buddy-ai/pkg/slack/client.go:1386.17,1388.4 1 1
github.com/astrostl/slack-buddy-ai/pkg/slack/client.go:1389.3,1389.40 1 0
github.com/astrostl/slack-buddy-ai/pkg/slack/client.go:1392.2,1393.15 2 1
github.com/astrostl/slack-buddy-ai/pkg/slack/client.go:1393.15,1395.3 1 1
github.com/astrostl/slack-buddy-ai/pkg/slack/client.go:1396.2,1396.37 1 0
github.com/astrostl/slack-buddy-ai/pkg/slack/client.go:1399.153,1403.2 1 1
github.com/astrostl/slack-buddy-ai/pkg/slack/client.go:1405.131,1409.53 3 1
github.com/astrostl/slack-buddy-ai/pkg/slack/client.go:1409.53,1413.49 2 1
github.com/astrostl/slack-buddy-ai/pkg/slack/client.go:1413.49,1416.4 2 0
github.com/astrostl/slack-buddy-ai/pkg/slack/client.go:1417.3,1430.17 4 1
github.com/astrostl/slack-buddy-ai/pkg/slack/client.go:1430.17,1434.90 2 1
github.com/astrostl/slack-buddy-ai/pkg/slack/client.go:1434.90,1438.29 1 0
github.com/astrostl/slack-buddy-ai/pkg/slack/client.go:1438.29,1441.26 2 0
github.com/astrostl/slack-buddy-ai/pkg/slack/client.go:1441.26,1444.7 1 0
github.com/astrostl/slack-buddy-ai/pkg/slack/client.go:1444.12,1448.7 1 0
github.com/astrostl/slack-buddy-ai/pkg/slack/client.go:1449.6,1449.14 1 0
github.com/astrostl/slack-buddy-ai/pkg/slack/client.go:1453.5,1453.149 1 0
github.com/astrostl/slack-buddy-ai/pkg/slack/client.go:1457.4,1457.96 1 1
github.com/astrostl/slack-buddy-ai/pkg/slack/client.go:1461.3,1461.8 1 1
github.com/astrostl/slack-buddy-ai/pkg/slack/client.go:1464.2,1466.32 2 1
github.com/astrostl/slack-buddy-ai/pkg/slack/client.go:1466.32,1469.3 1 1
github.com/astrostl/slack-buddy-ai/pkg/slack/client.go:1472.2,1476.39 4 1
github.com/astrostl/slack-buddy-ai/pkg/slack/client.go:1476.39,1477.36 1 1
github.com/astrostl/slack-buddy-ai/pkg/slack/client.go:1477.36,1479.70 2 1
github.com/astrostl/slack-buddy-ai/pkg/slack/client.go:1479.70,1481.5 1 1
github.com/astrostl/slack-buddy-ai/pkg/slack/client.go:1482.4,1482.9 1 1
github.com/astrostl/slack-buddy-ai/pkg/slack/client.go:1487.2,1487.24 1 1
github.com/astrostl/slack-buddy-ai/pkg/slack/client.go:1487.24,1489.3 1 1
github.com/astrostl/slack-buddy-ai/pkg/slack/client.go:1492.2,1492.101 1 1
github.com/astrostl/slack-buddy-ai/pkg/slack/client.go:1492.101,1495.3 1 1
github.com/astrostl/slack-buddy-ai/pkg/slack/client.go:1498.2,1498.35 1 1
github.com/astrostl/slack-buddy-ai/pkg/slack/client.go:1498.35,1500.3 1 1
github.com/astrostl/slack-buddy-ai/pkg/slack/client.go:1504.2,1504.59 1 0
github.com/astrostl/slack-buddy-ai/pkg/slack/client.go:1507.150,1511.53 3 1
github.com/astrostl/slack-buddy-ai/pkg/slack/client.go:1511.53,1515.49 2 1
github.com/astrostl/slack-buddy-ai/pkg/slack/client.go:1515.49,1518.4 2 0
github.com/astrostl/slack-buddy-ai/pkg/slack/client.go:1519.3,1528.17 4 1
github.com/astrostl/slack-buddy-ai/pkg/slack/client.go:1528.17,1532.90 2 0
github.com/astrostl/slack-buddy-ai/pkg/slack/client.go:1532.90,1544.29 3 0
github.com/astrostl/slack-buddy-ai/pkg/slack/client.go:1544.29,1547.26 2 0
github.com/astrostl/slack-buddy-ai/pkg/slack/client.go:1547.26,1550.7 2 0
github.com/astrostl/slack-buddy-ai/pkg/slack/client.go:1550.12,1554.7 2 0
github.com/astrostl/slack-buddy-ai/pkg/slack/client.go:1555.6,1555.14 1 0
github.com/astrostl/slack-buddy-ai/pkg/slack/client.go:1558.5,1559.158 2 0
github.com/astrostl/slack-buddy-ai/pkg/slack/client.go:1563.4,1563.105 1 0
github.com/astrostl/slack-buddy-ai/pkg/slack/client.go:1567.3,1567.8 1 1
github.com/astrostl/slack-buddy-ai/pkg/slack/client.go:1570.2,1572.32 2 1
github.com/astrostl/slack-buddy-ai/pkg/slack/client.go:1572.32,1574.3 1 0
github.com/astrostl/slack-buddy-ai/pkg/slack/client.go:1577.2,1581.39 4 1
github.com/astrostl/slack-buddy-ai/pkg/slack/client.go:1581.39,1583.17 2 1
github.com/astrostl/slack-buddy-ai/pkg/slack/client.go:1583.17,1584.12 1 0
github.com/astrostl/slack-buddy-ai/pkg/slack/client.go:1588.3,1588.86 1 1
github.com/astrostl/slack-buddy-ai/pkg/slack/client.go:1588.86,1590.40 2 1
github.com/astrostl/slack-buddy-ai/pkg/slack/client.go:1590.40,1592.5 1 1
github.com/astrostl/slack-buddy-ai/pkg/slack/client.go:1596.3,1596.98 1 1
github.com/astrostl/slack-buddy-ai/pkg/slack/client.go:1596.98,1598.4 1 1
github.com/astrostl/slack-buddy-ai/pkg/slack/client.go:1602.2,1602.62 1 1
github.com/astrostl/slack-buddy-ai/pkg/slack/client.go:1602.62,1603.107 1 1
github.com/astrostl/slack-buddy-ai/pkg/slack/client.go:1603.107,1605.4 1 1
github.com/astrostl/slack-buddy-ai/pkg/slack/client.go:1608.2,1608.70 1 1
github.com/astrostl/slack-buddy-ai/pkg/slack/client.go:1611.80,1616.30 4 1
github.com/astrostl/slack-buddy-ai/pkg/slack/client.go:1616.30,1618.19 1 1
github.com/astrostl/slack-buddy-ai/pkg/slack/client.go:1618.19,1621.12 3 1
github.com/astrostl/slack-buddy-ai/pkg/slack/client.go:1625.3,1626.49 2 1
github.com/astrostl/slack-buddy-ai/pkg/slack/client.go:1626.49,1629.4 2 0
github.com/astrostl/slack-buddy-ai/pkg/slack/client.go:1630.3,1634.17 3 1
github.com/astrostl/slack-buddy-ai/pkg/slack/client.go:1634.17,1638.48 2 1
github.com/astrostl/slack-buddy-ai/pkg/slack/client.go:1638.48,1641.5 2 1
github.com/astrostl/slack-buddy-ai/pkg/slack/client.go:1644.4,1644.54 1 1
github.com/astrostl/slack-buddy-ai/pkg/slack/client.go:1644.54,1648.13 4 1
github.com/astrostl/slack-buddy-ai/pkg/slack/client.go:1652.4,1652.47 1 1
github.com/astrostl/slack-buddy-ai/pkg/slack/client.go:1652.47,1656.13 4 1
github.com/astrostl/slack-buddy-ai/pkg/slack/client.go:1659.4,1659.47 1 1
github.com/astrostl/slack-buddy-ai/pkg/slack/client.go:1659.47,1663.13 4 1
github.com/astrostl/slack-buddy-ai/pkg/slack/client.go:1667.4,1667.49 1 1
github.com/astrostl/slack-buddy-ai/pkg/slack/client.go:1667.49,1669.5 1 1
github.com/astrostl/slack-buddy-ai/pkg/slack/client.go:1671.4,1671.48 1 1
github.com/astrostl/slack-buddy-ai/pkg/slack/client.go:1671.48,1673.5 1 1
github.com/astrostl/slack-buddy-ai/pkg/slack/client.go:1676.4,1677.12 2 0
github.com/astrostl/slack-buddy-ai/pkg/slack/client.go:1680.3,1682.76 3 1
github.com/astrostl/slack-buddy-ai/pkg/slack/client.go:1685.2,1691.26 2 1
github.com/astrostl/slack-buddy-ai/pkg/slack/client.go:1691.26,1693.3 1 0
github.com/astrostl/slack-buddy-ai/pkg/slack/client.go:1695.2,1695.25 1 1
github.com/astrostl/slack-buddy-ai/pkg/slack/client.go:1698.61,1710.42 3 1
github.com/astrostl/slack-buddy-ai/pkg/slack/client.go:1710.42,1711.43 1 1
github.com/astrostl/slack-buddy-ai/pkg/slack/client.go:1711.43,1713.4 1 1
github.com/astrostl/slack-buddy-ai/pkg/slack/client.go:1715.2,1715.14 1 1
github.com/astrostl/slack-buddy-ai/pkg/slack/client.go:1718.87,1725.15 3 1
github.com/astrostl/slack-buddy-ai/pkg/slack/client.go:1725.15,1727.3 1 1
github.com/astrostl/slack-buddy-ai/pkg/slack/client.go:1729.2,1738.51 2 1
github.com/astrostl/slack-buddy-ai/pkg/slack/client.go:1738.51,1740.17 2 1
github.com/astrostl/slack-buddy-ai/pkg/slack/client.go:1740.17,1747.39 2 1
github.com/astrostl/slack-buddy-ai/pkg/slack/client.go:1747.39,1749.5 1 1
github.com/astrostl/slack-buddy-ai/pkg/slack/client.go:1750.9,1756.4 1 1
github.com/astrostl/slack-buddy-ai/pkg/slack/client.go:1761.2,1761.14 1 1
github.com/astrostl/slack-buddy-ai/pkg/slack/client.go:1764.40,1766.47 1 1
github.com/astrostl/slack-buddy-ai/pkg/slack/client.go:1766.47,1768.3 1 1
github.com/astrostl/slack-buddy-ai/pkg/slack/client.go:1769.2,1769.11 1 0
github.com/astrostl/slack-buddy-ai/pkg/slack/client.go:1772.56,1775.21 2 1
github.com/astrostl/slack-buddy-ai/pkg/slack/client.go:1775.21,1777.3 1 0
github.com/astrostl/slack-buddy-ai/pkg/slack/client.go:1779.2,1780.16 2 1
github.com/astrostl/slack-buddy-ai/pkg/slack/client.go:1780.16,1782.3 1 1
github.com/astrostl/slack-buddy-ai/pkg/slack/client.go:1784.2,1784.35 1 1
github.com/astrostl/slack-buddy-ai/pkg/slack/client.go:1787.94,1789.54 1 1
github.com/astrostl/slack-buddy-ai/pkg/slack/client.go:1789.54,1795.3 2 1
github.com/astrostl/slack-buddy-ai/pkg/slack/client.go:1797.2,1804.54 3 1
github.com/astrostl/slack-buddy-ai/pkg/slack/client.go:1807.60,1814.48 4 1
github.com/astrostl/slack-buddy-ai/pkg/slack/client.go:1814.48,1816.3 1 0
github.com/astrostl/slack-buddy-ai/pkg/slack/client.go:1818.2,1819.16 2 1
github.com/astrostl/slack-buddy-ai/pkg/slack/client.go:1819.16,1828.47 3 1
github.com/astrostl/slack-buddy-ai/pkg/slack/client.go:1828.47,1831.4 2 0
github.com/astrostl/slack-buddy-ai/pkg/slack/client.go:1834.3,1834.53 1 1
github.com/astrostl/slack-buddy-ai/pkg/slack/client.go:1834.53,1838.4 3 0
github.com/astrostl/slack-buddy-ai/pkg/slack/client.go:1841.3,1841.48 1 1
github.com/astrostl/slack-buddy-ai/pkg/slack/client.go:1841.48,1843.4 1 0
github.com/astrostl/slack-buddy-ai/pkg/slack/client.go:1845.3,1845.52 1 1
github.com/astrostl/slack-buddy-ai/pkg/slack/client.go:1845.52,1847.4 1 0
github.com/astrostl/slack-buddy-ai/pkg/slack/client.go:1849.3,1849.46 1 1
github.com/astrostl/slack-buddy-ai/pkg/slack/client.go:1849.46,1851.4 1 0
github.com/astrostl/slack-buddy-ai/pkg/slack/client.go:1853.3,1853.46 1 1
github.com/astrostl/slack-buddy-ai/pkg/slack/client.go:1853.46,1856.4 2 0
github.com/astrostl/slack-buddy-ai/pkg/slack/client.go:1859.3,1863.72 2 1
github.com/astrostl/slack-buddy-ai/pkg/slack/client.go:1866.2,1868.12 3 1
github.com/astrostl/slack-buddy-ai/pkg/slack/client.go:1871.74,1881.48 4 1
github.com/astrostl/slack-buddy-ai/pkg/slack/client.go:1881.48,1883.3 1 0
github.com/astrostl/slack-buddy-ai/pkg/slack/client.go:1885.2,1886.16 2 1
github.com/astrostl/slack-buddy-ai/pkg/slack/client.go:1886.16,1895.47 3 1
github.com/astrostl/slack-buddy-ai/pkg/slack/client.go:1895.47,1898.4 2 1
github.com/astrostl/slack-buddy-ai/pkg/slack/client.go:1900.3,1900.48 1 1
github.com/astrostl/slack-buddy-ai/pkg/slack/client.go:1900.48,1903.4 2 1
github.com/astrostl/slack-buddy-ai/pkg/slack/client.go:1904.3,1904.52 1 1
github.com/astrostl/slack-buddy-ai/pkg/slack/client.go:1904.52,1907.4 2 1
github.com/astrostl/slack-buddy-ai/pkg/slack/client.go:1908.3,1908.49 1 1
github.com/astrostl/slack-buddy-ai/pkg/slack/client.go:1908.49,1911.4 2 1
github.com/astrostl/slack-buddy-ai/pkg/slack/client.go:1912.3,1912.80 1 1
github.com/astrostl/slack-buddy-ai/pkg/slack/client.go:1916.2,1919.12 3 1
github.com/astrostl/slack-buddy-ai/pkg/slack/client.go:1922.104,1929.23 4 1
github.com/astrostl/slack-buddy-ai/pkg/slack/client.go:1929.23,1931.19 2 1
github.com/astrostl/slack-buddy-ai/pkg/slack/client.go:1931.19,1933.4 1 1
github.com/astrostl/slack-buddy-ai/pkg/slack/client.go:1933.9,1933.26 1 1
github.com/astrostl/slack-buddy-ai/pkg/slack/client.go:1933.26,1935.4 1 1
github.com/astrostl/slack-buddy-ai/pkg/slack/client.go:1935.9,1937.18 2 1
github.com/astrostl/slack-buddy-ai/pkg/slack/client.go:1937.18,1939.5 1 1
github.com/astrostl/slack-buddy-ai/pkg/slack/client.go:1939.10,1939.25 1 1
github.com/astrostl/slack-buddy-ai/pkg/slack/client.go:1939.25,1941.5 1 1
github.com/astrostl/slack-buddy-ai/pkg/slack/client.go:1941.10,1943.18 2 1
github.com/astrostl/slack-buddy-ai/pkg/slack/client.go:1943.18,1945.6 1 1
github.com/astrostl/slack-buddy-ai/pkg/slack/client.go:1945.11,1947.6 1 1
github.com/astrostl/slack-buddy-ai/pkg/slack/client.go:1952.2,1956.26 3 1
github.com/astrostl/slack-buddy-ai/pkg/slack/client.go:1956.26,1958.19 2 1
github.com/astrostl/slack-buddy-ai/pkg/slack/client.go:1958.19,1960.4 1 1
github.com/astrostl/slack-buddy-ai/pkg/slack/client.go:1960.9,1962.4 1 1
github.com/astrostl/slack-buddy-ai/pkg/slack/client.go:1965.2,1974.25 7 1
github.com/astrostl/slack-buddy-ai/pkg/slack/client.go:1977.104,1984.23 4 1
github.com/astrostl/slack-buddy-ai/pkg/slack/client.go:1984.23,1986.19 2 1
github.com/astrostl/slack-buddy-ai/pkg/slack/client.go:1986.19,1988.4 1 0
github.com/astrostl/slack-buddy-ai/pkg/slack/client.go:1988.9,1988.26 1 1
github.com/astrostl/slack-buddy-ai/pkg/slack/client.go:1988.26,1990.4 1 1
github.com/astrostl/slack-buddy-ai/pkg/slack/client.go:1990.9,1992.18 2 1
github.com/astrostl/slack-buddy-ai/pkg/slack/client.go:1992.18,1994.5 1 0
github.com/astrostl/slack-buddy-ai/pkg/slack/client.go:1994.10,1994.25 1 1
github.com/astrostl/slack-buddy-ai/pkg/slack/client.go:1994.25,1996.5 1 1
github.com/astrostl/slack-buddy-ai/pkg/slack/client.go:1996.10,1998.18 2 0
github.com/astrostl/slack-buddy-ai/pkg/slack/client.go:1998.18,2000.6 1 0
github.com/astrostl/slack-buddy-ai/pkg/slack/client.go:2000.11,2002.6 1 0
github.com/astrostl/slack-buddy-ai/pkg/slack/client.go:2008.2,2009.26 2 1
github.com/astrostl/slack-buddy-ai/pkg/slack/client.go:2009.26,2011.19 2 1
github.com/astrostl/slack-buddy-ai/pkg/slack/client.go:2011.19,2013.4 1 1
github.com/astrostl/slack-buddy-ai/pkg/slack/client.go:2013.9,2013.26 1 1
github.com/astrostl/slack-buddy-ai/pkg/slack/client.go:2013.26,2015.4 1 0
github.com/astrostl/slack-buddy-ai/pkg/slack/client.go:2015.9,2017.18 2 1
github.com/astrostl/slack-buddy-ai/pkg/slack/client.go:2017.18,2019.5 1 1
github.com/astrostl/slack-buddy-ai/pkg/slack/client.go:2019.10,2019.25 1 0
github.com/astrostl/slack-buddy-ai/pkg/slack/client.go:2019.25,2021.5 1 0
github.com/astrostl/slack-buddy-ai/pkg/slack/client.go:2021.10,2023.18 2 0
github.com/astrostl/slack-buddy-ai/pkg/slack/client.go:2023.18,2025.6 1 0
github.com/astrostl/slack-buddy-ai/pkg/slack/client.go:2025.11,2027.6 1 0
github.com/astrostl/slack-buddy-ai/pkg/slack/client.go:2032.2,2044.25 9 1
github.com/astrostl/slack-buddy-ai/pkg/slack/client.go:2047.56,2050.2 1 1
github.com/astrostl/slack-buddy-ai/pkg/slack/client.go:2052.103,2056.54 2 1
github.com/astrostl/slack-buddy-ai/pkg/slack/client.go:2056.54,2062.3 1 1
github.com/astrostl/slack-buddy-ai/pkg/slack/client.go:2065.2,2066.78 2 1
github.com/astrostl/slack-buddy-ai/pkg/slack/client.go:2066.78,2072.3 1 0
github.com/astrostl/slack-buddy-ai/pkg/slack/client.go:2072.8,2074.3 1 1
github.com/astrostl/slack-buddy-ai/pkg/slack/client.go:2077.2,2080.48 3 1
github.com/astrostl/slack-buddy-ai/pkg/slack/client.go:2080.48,2082.3 1 0
github.com/astrostl/slack-buddy-ai/pkg/slack/client.go:2084.2,2085.16 2 1
github.com/astrostl/slack-buddy-ai/pkg/slack/client.go:2085.16,2094.47 3 1
github.com/astrostl/slack-buddy-ai/pkg/slack/client.go:2094.47,2097.4 2 0
github.com/astrostl/slack-buddy-ai/pkg/slack/client.go:2099.3,2099.48 1 1
github.com/astrostl/slack-buddy-ai/pkg/slack/client.go:2099.48,2101.4 1 1
github.com/astrostl/slack-buddy-ai/pkg/slack/client.go:2103.3,2103.52 1 1
github.com/astrostl/slack-buddy-ai/pkg/slack/client.go:2103.52,2105.4 1 0
github.com/astrostl/slack-buddy-ai/pkg/slack/client.go:2107.3,2107.51 1 1
github.com/astrostl/slack-buddy-ai/pkg/slack/client.go:2107.51,2110.4 2 1
github.com/astrostl/slack-buddy-ai/pkg/slack/client.go:2112.3,2112.75 1 0
github.com/astrostl/slack-buddy-ai/pkg/slack/client.go:2115.2,2117.12 3 1
github.com/astrostl/slack-buddy-ai/pkg/slack/client.go:2120.63,2127.48 4 1
github.com/astrostl/slack-buddy-ai/pkg/slack/client.go:2127.48,2129.3 1 0
github.com/astrostl/slack-buddy-ai/pkg/slack/client.go:2131.2,2135.16 2 1
github.com/astrostl/slack-buddy-ai/pkg/slack/client.go:2135.16,2143.47 3 1
github.com/astrostl/slack-buddy-ai/pkg/slack/client.go:2143.47,2146.4 2 0
github.com/astrostl/slack-buddy-ai/pkg/slack/client.go:2148.3,2148.48 1 1
github.com/astrostl/slack-buddy-ai/pkg/slack/client.go:2148.48,2151.4 2 0
github.com/astrostl/slack-buddy-ai/pkg/slack/client.go:2152.3,2152.47 1 1
github.com/astrostl/slack-buddy-ai/pkg/slack/client.go:2152.47,2155.4 2 0
github.com/astrostl/slack-buddy-ai/pkg/slack/client.go:2156.3,2156.65 1 1
github.com/astrostl/slack-buddy-ai/pkg/slack/client.go:2160.2,2165.30 4 1
github.com/astrostl/slack-buddy-ai/pkg/slack/client.go:2165.30,2190.52 3 1
github.com/astrostl/slack-buddy-ai/pkg/slack/client.go:2190.52,2191.79 1 0
github.com/astrostl/slack-buddy-ai/pkg/slack/client.go:2191.79,2193.5 1 0
github.com/astrostl/slack-buddy-ai/pkg/slack/client.go:2197.3,2197.23 1 1
github.com/astrostl/slack-buddy-ai/pkg/slack/client.go:2197.23,2199.4 1 1
github.com/astrostl/slack-buddy-ai/pkg/slack/client.go:2201.3,2210.5 1 1
github.com/astrostl/slack-buddy-ai/pkg/slack/client.go:2213.2,2214.20 2 1
github.com/astrostl/slack-buddy-ai/pkg/slack/client.go:2218.131,2220.2 1 1
github.com/astrostl/slack-buddy-ai/pkg/slack/client.go:2232.168,2236.53 3 1
github.com/astrostl/slack-buddy-ai/pkg/slack/client.go:2236.53,2240.49 2 1
github.com/astrostl/slack-buddy-ai/pkg/slack/client.go:2240.49,2243.4 2 0
github.com/astrostl/slack-buddy-ai/pkg/slack/client.go:2244.3,2253.17 4 1
github.com/astrostl/slack-buddy-ai/pkg/slack/client.go:2253.17,2257.90 2 0
github.com/astrostl/slack-buddy-ai/pkg/slack/client.go:2257.90,2261.29 1 0
github.com/astrostl/slack-buddy-ai/pkg/slack/client.go:2261.29,2264.26 2 0
github.com/astrostl/slack-buddy-ai/pkg/slack/client.go:2264.26,2267.7 1 0
github.com/astrostl/slack-buddy-ai/pkg/slack/client.go:2267.12,2271.7 1 0
github.com/astrostl/slack-buddy-ai/pkg/slack/client.go:2272.6,2272.14 1 0
github.com/astrostl/slack-buddy-ai/pkg/slack/client.go:2276.5,2276.154 1 0
github.com/astrostl/slack-buddy-ai/pkg/slack/client.go:2280.4,2280.101 1 0
github.com/astrostl/slack-buddy-ai/pkg/slack/client.go:2284.3,2284.8 1 1
github.com/astrostl/slack-buddy-ai/pkg/slack/client.go:2287.2,2289.32 2 1
github.com/astrostl/slack-buddy-ai/pkg/slack/client.go:2289.32,2292.3 1 0
github.com/astrostl/slack-buddy-ai/pkg/slack/client.go:2295.2,2299.39 4 1
github.com/astrostl/slack-buddy-ai/pkg/slack/client.go:2299.39,2300.36 1 1
github.com/astrostl/slack-buddy-ai/pkg/slack/client.go:2300.36,2302.70 2 1
github.com/astrostl/slack-buddy-ai/pkg/slack/client.go:2302.70,2304.5 1 1
github.com/astrostl/slack-buddy-ai/pkg/slack/client.go:2305.4,2305.9 1 1
github.com/astrostl/slack-buddy-ai/pkg/slack/client.go:2310.2,2310.24 1 1
github.com/astrostl/slack-buddy-ai/pkg/slack/client.go:2310.24,2314.3 1 0
github.com/astrostl/slack-buddy-ai/pkg/slack/client.go:2317.2,2327.23 4 1
github.com/astrostl/slack-buddy-ai/pkg/slack/client.go:2327.23,2329.3 1 0
github.com/astrostl/slack-buddy-ai/pkg/slack/client.go:2331.2,2331.76 1 1
github.com/astrostl/slack-buddy-ai/pkg/slack/client.go:2336.58,2339.27 2 1
github.com/astrostl/slack-buddy-ai/pkg/slack/client.go:2339.27,2341.3 1 1
github.com/astrostl/slack-buddy-ai/pkg/slack/client.go:2344.2,2350.22 5 1
github.com/astrostl/slack-buddy-ai/pkg/slack/client.go:2350.22,2352.3 1 1
github.com/astrostl/slack-buddy-ai/pkg/slack/client.go:2352.8,2354.3 1 1
github.com/astrostl/slack-buddy-ai/pkg/slack/client.go:2357.2,2358.16 2 1
github.com/astrostl/slack-buddy-ai/pkg/slack/client.go:2358.16,2365.3 2 1
github.com/astrostl/slack-buddy-ai/pkg/slack/client.go:2368.2,2371.25 2 1
github.com/astrostl/slack-buddy-ai/pkg/slack/client.go:2376.46,2378.23 2 1
github.com/astrostl/slack-buddy-ai/pkg/slack/client.go:2378.23,2380.3 1 1
github.com/astrostl/slack-buddy-ai/pkg/slack/client.go:2383.2,2384.31 2 0
github.com/astrostl/slack-buddy-ai/pkg/slack/client.go:2384.31,2389.3 3 0
github.com/astrostl/slack-buddy-ai/pkg/slack/client.go:2389.8,2391.3 1 0
github.com/astrostl/slack-buddy-ai/pkg/slack/client.go:2394.2,2394.36 1 0
github.com/astrostl/slack-buddy-ai/pkg/slack/client.go:2394.36,2396.3 1 0
github.com/astrostl/slack-buddy-ai/pkg/slack/client.go:2397.2,2400.54 2 0
github.com/astrostl/slack-buddy-ai/pkg/slack/client.go:2400.54,2405.32 3 0
github.com/astrostl/slack-buddy-ai/pkg/slack/client.go:2405.32,2407.4 1 0
github.com/astrostl/slack-buddy-ai/pkg/slack/client.go:2410.3,2410.37 1 0
github.com/astrostl/slack-buddy-ai/pkg/slack/client.go:2410.37,2411.20 1 0
github.com/astrostl/slack-buddy-ai/pkg/slack/client.go:2411.20,2413.5 1 0
github.com/astrostl/slack-buddy-ai/pkg/slack/client.go:2413.10,2415.5 1 0
github.com/astrostl/slack-buddy-ai/pkg/slack/client.go:2417.3,2417.64 1 0
github.com/astrostl/slack-buddy-ai/pkg/slack/client.go:2421.2,2421.41 1 0
github.com/astrostl/slack-buddy-ai/pkg/slack/client.go:2426.62,2428.23 1 1
github.com/astrostl/slack-buddy-ai/pkg/slack/client.go:2428.23,2450.45 2 1
github.com/astrostl/slack-buddy-ai/pkg/slack/client.go:2450.45,2451.33 1 1
github.com/astrostl/slack-buddy-ai/pkg/slack/client.go:2451.33,2453.5 1 1
github.com/astrostl/slack-buddy-ai/pkg/slack/client.go:2458.2,2473.44 3 1
github.com/astrostl/slack-buddy-ai/pkg/slack/client.go:2473.44,2474.38 1 1
github.com/astrostl/slack-buddy-ai/pkg/slack/client.go:2474.38,2476.4 1 0
github.com/astrostl/slack-buddy-ai/pkg/slack/client.go:2480.2,2480.35 1 1
github.com/astrostl/slack-buddy-ai/pkg/slack/client.go:2480.35,2482.3 1 0
github.com/astrostl/slack-buddy-ai/pkg/slack/client.go:2485.2,2485.13 1 1
github.com/astrostl/slack-buddy-ai/pkg/slack/client.go:2489.58,2494.48 3 1
github.com/astrostl/slack-buddy-ai/pkg/slack/client.go:2494.48,2496.3 1 0
github.com/astrostl/slack-buddy-ai/pkg/slack/client.go:2498.2,2499.16 2 1
github.com/astrostl/slack-buddy-ai/pkg/slack/client.go:2499.16,2508.89 3 1
github.com/astrostl/slack-buddy-ai/pkg/slack/client.go:2508.89,2511.4 2 0
github.com/astrostl/slack-buddy-ai/pkg/slack/client.go:2514.3,2514.48 1 1
github.com/astrostl/slack-buddy-ai/pkg/slack/client.go:2514.48,2516.4 1 1
github.com/astrostl/slack-buddy-ai/pkg/slack/client.go:2518.3,2518.57 1 1
github.com/astrostl/slack-buddy-ai/pkg/slack/client.go:2521.2,2525.29 3 1
github.com/astrostl/slack-buddy-ai/pkg/slack/client.go:2525.29,2527.24 2 1
github.com/astrostl/slack-buddy-ai/pkg/slack/client.go:2527.24,2529.4 1 1
github.com/astrostl/slack-buddy-ai/pkg/slack/client.go:2530.3,2530.24 1 1
github.com/astrostl/slack-buddy-ai/pkg/slack/client.go:2530.24,2532.4 1 1
github.com/astrostl/slack-buddy-ai/pkg/slack/client.go:2533.3,2533.24 1 1
github.com/astrostl/slack-buddy-ai/pkg/slack/client.go:2533.24,2535.4 1 1
github.com/astrostl/slack-buddy-ai/pkg/slack/client.go:2536.3,2536.33 1 1
github.com/astrostl/slack-buddy-ai/pkg/slack/client.go:2539.2,2540.21 2 1
github.com/astrostl/slack-buddy-ai/pkg/slack/client.go:2544.58,2546.2 1 1
github.com/astrostl/slack-buddy-ai/pkg/slack/client.go:2549.203,2552.39 2 1
github.com/astrostl/slack-buddy-ai/pkg/slack/client.go:2552.39,2554.3 1 0
github.com/astrostl/slack-buddy-ai/pkg/slack/client.go:2557.2,2558.20 2 1
github.com/astrostl/slack-buddy-ai/pkg/slack/client.go:2558.20,2560.3 1 0
github.com/astrostl/slack-buddy-ai/pkg/slack/client.go:2563.2,2571.68 2 1
github.com/astrostl/slack-buddy-ai/pkg/slack/interface.go:24.50,28.2 1 1
github.com/astrostl/slack-buddy-ai/pkg/slack/interface.go:30.68,32.2 1 1
github.com/astrostl/slack-buddy-ai/pkg/slack/interface.go:34.116,36.2 1 1
github.com/astrostl/slack-buddy-ai/pkg/slack/interface.go:38.142,40.2 1 1
github.com/astrostl/slack-buddy-ai/pkg/slack/interface.go:42.106,44.2 1 1
github.com/astrostl/slack-buddy-ai/pkg/slack/interface.go:46.68,48.2 1 1
github.com/astrostl/slack-buddy-ai/pkg/slack/interface.go:50.101,52.2 1 1
github.com/astrostl/slack-buddy-ai/pkg/slack/interface.go:54.57,56.2 1 1
github.com/astrostl/slack-buddy-ai/pkg/slack/mock.go:43.38,60.2 1 1
github.com/astrostl/slack-buddy-ai/pkg/slack/mock.go:62.68,63.28 1 1
github.com/astrostl/slack-buddy-ai/pkg/slack/mock.go:63.28,65.3 1 1
github.com/astrostl/slack-buddy-ai/pkg/slack/mock.go:66.2,66.32 1 1
github.com/astrostl/slack-buddy-ai/pkg/slack/mock.go:69.116,70.36 1 1
github.com/astrostl/slack-buddy-ai/pkg/slack/mock.go:70.36,72.3 1 1
github.com/astrostl/slack-buddy-ai/pkg/slack/mock.go:73.2,73.28 1 1
github.com/astrostl/slack-buddy-ai/pkg/slack/mock.go:76.142,78.88 1 1
github.com/astrostl/slack-buddy-ai/pkg/slack/mock.go:78.88,80.3 1 1
github.com/astrostl/slack-buddy-ai/pkg/slack/mock.go:83.2,83.42 1 1
github.com/astrostl/slack-buddy-ai/pkg/slack/mock.go:83.42,85.3 1 0
github.com/astrostl/slack-buddy-ai/pkg/slack/mock.go:87.2,88.13 2 1
github.com/astrostl/slack-buddy-ai/pkg/slack/mock.go:88.13,90.3 1 0
github.com/astrostl/slack-buddy-ai/pkg/slack/mock.go:94.2,95.31 2 1
github.com/astrostl/slack-buddy-ai/pkg/slack/mock.go:95.31,97.3 1 1
github.com/astrostl/slack-buddy-ai/pkg/slack/mock.go:99.2,101.8 1 1
github.com/astrostl/slack-buddy-ai/pkg/slack/mock.go:104.106,105.31 1 1
github.com/astrostl/slack-buddy-ai/pkg/slack/mock.go:105.31,107.3 1 1
github.com/astrostl/slack-buddy-ai/pkg/slack/mock.go:111.2,117.49 3 1
github.com/astrostl/slack-buddy-ai/pkg/slack/mock.go:120.68,122.81 1 1
github.com/astrostl/slack-buddy-ai/pkg/slack/mock.go:122.81,124.3 1 1
github.com/astrostl/slack-buddy-ai/pkg/slack/mock.go:127.2,127.39 1 1
github.com/astrostl/slack-buddy-ai/pkg/slack/mock.go:127.39,129.3 1 0
github.com/astrostl/slack-buddy-ai/pkg/slack/mock.go:131.2,132.12 2 1
github.com/astrostl/slack-buddy-ai/pkg/slack/mock.go:135.101,137.78 1 1
github.com/astrostl/slack-buddy-ai/pkg/slack/mock.go:137.78,139.3 1 1
github.com/astrostl/slack-buddy-ai/pkg/slack/mock.go:142.2,142.36 1 1
github.com/astrostl/slack-buddy-ai/pkg/slack/mock.go:142.36,144.3 1 1
github.com/astrostl/slack-buddy-ai/pkg/slack/mock.go:146.2,157.41 3 1
github.com/astrostl/slack-buddy-ai/pkg/slack/mock.go:160.57,161.28 1 1
github.com/astrostl/slack-buddy-ai/pkg/slack/mock.go:161.28,163.3 1 1
github.com/astrostl/slack-buddy-ai/pkg/slack/mock.go:164.2,164.21 1 1
github.com/astrostl/slack-buddy-ai/pkg/slack/mock.go:169.87,171.2 1 1
github.com/astrostl/slack-buddy-ai/pkg/slack/mock.go:173.107,188.2 2 1
github.com/astrostl/slack-buddy-ai/pkg/slack/mock.go:190.52,191.14 1 1
github.com/astrostl/slack-buddy-ai/pkg/slack/mock.go:191.14,193.3 1 1
github.com/astrostl/slack-buddy-ai/pkg/slack/mock.go:193.8,195.3 1 1
github.com/astrostl/slack-buddy-ai/pkg/slack/mock.go:198.64,199.14 1 1
github.com/astrostl/slack-buddy-ai/pkg/slack/mock.go:199.14,201.3 1 1
github.com/astrostl/slack-buddy-ai/pkg/slack/mock.go:201.8,203.3 1 1
github.com/astrostl/slack-buddy-ai/pkg/slack/mock.go:206.91,207.14 1 1
github.com/astrostl/slack-buddy-ai/pkg/slack/mock.go:207.14,208.20 1 1
github.com/astrostl/slack-buddy-ai/pkg/slack/mock.go:208.20,210.4 1 0
github.com/astrostl/slack-buddy-ai/pkg/slack/mock.go:211.3,211.54 1 1
github.com/astrostl/slack-buddy-ai/pkg/slack/mock.go:212.8,214.3 1 1
github.com/astrostl/slack-buddy-ai/pkg/slack/mock.go:217.62,218.19 1 1
github.com/astrostl/slack-buddy-ai/pkg/slack/mock.go:219.20,220.48 1 1
github.com/astrostl/slack-buddy-ai/pkg/slack/mock.go:221.23,222.51 1 1
github.com/astrostl/slack-buddy-ai/pkg/slack/mock.go:223.24,224.52 1 1
github.com/astrostl/slack-buddy-ai/pkg/slack/mock.go:225.22,226.50 1 1
github.com/astrostl/slack-buddy-ai/pkg/slack/mock.go:227.22,228.50 1 1
github.com/astrostl/slack-buddy-ai/pkg/slack/mock.go:229.23,230.51 1 1
github.com/astrostl/slack-buddy-ai/pkg/slack/mock.go:231.10,232.27 1 1
github.com/astrostl/slack-buddy-ai/pkg/slack/mock.go:233.10,234.51 1 1
github.com/astrostl/slack-buddy-ai/pkg/slack/mock.go:238.55,239.19 1 1
github.com/astrostl/slack-buddy-ai/pkg/slack/mock.go:240.22,241.55 1 1
github.com/astrostl/slack-buddy-ai/pkg/slack/mock.go:242.20,243.53 1 1
github.com/astrostl/slack-buddy-ai/pkg/slack/mock.go:244.22,245.55 1 1
github.com/astrostl/slack-buddy-ai/pkg/slack/mock.go:246.28,247.61 1 1
github.com/astrostl/slack-buddy-ai/pkg/slack/mock.go:248.21,249.54 1 1
github.com/astrostl/slack-buddy-ai/pkg/slack/mock.go:250.21,251.54 1 1
github.com/astrostl/slack-buddy-ai/pkg/slack/mock.go:252.10,253.32 1 0
github.com/astrostl/slack-buddy-ai/pkg/slack/mock.go:254.10,255.56 1 0
github.com/astrostl/slack-buddy-ai/pkg/slack/mock.go:260.60,261.14 1 1
github.com/astrostl/slack-buddy-ai/pkg/slack/mock.go:261.14,263.3 1 1
github.com/astrostl/slack-buddy-ai/pkg/slack/mock.go:263.8,265.3 1 1
github.com/astrostl/slack-buddy-ai/pkg/slack/mock.go:268.59,269.14 1 1
github.com/astrostl/slack-buddy-ai/pkg/slack/mock.go:269.14,271.3 1 1
github.com/astrostl/slack-buddy-ai/pkg/slack/mock.go:271.8,273.3 1 1
github.com/astrostl/slack-buddy-ai/pkg/slack/mock.go:276.58,278.2 1 1
github.com/astrostl/slack-buddy-ai/pkg/slack/mock.go:280.46,282.2 1 1
github.com/astrostl/slack-buddy-ai/pkg/slack/mock.go:284.92,285.34 1 0
github.com/astrostl/slack-buddy-ai/pkg/slack/mock.go:285.34,287.3 1 0
github.com/astrostl/slack-buddy-ai/pkg/slack/mock.go:289.2,298.86 2 0
github.com/astrostl/slack-buddy-ai/pkg/slack/mock.go:301.67,302.14 1 0
github.com/astrostl/slack-buddy-ai/pkg/slack/mock.go:302.14,304.3 1 0
github.com/astrostl/slack-buddy-ai/pkg/slack/mock.go:304.8,306.3 1 0
github.com/astrostl/slack-buddy-ai/pkg/slack/mock.go:310.52,312.2 1 1
github.com/astrostl/slack-buddy-ai/pkg/slack/mock.go:314.51,316.2 1 1
github.com/astrostl/slack-buddy-ai/pkg/slack/mock.go:318.55,320.2 1 1
github.com/astrostl/slack-buddy-ai/pkg/slack/mock.go:322.52,324.2 1 1
github.com/astrostl/slack-buddy-ai/pkg/slack/mock.go:326.70,327.19 1 0
github.com/astrostl/slack-buddy-ai/pkg/slack/mock.go:328.23,329.59 1 0
github.com/astrostl/slack-buddy-ai/pkg/slack/mock.go:330.27,331.63 1 0
github.com/astrostl/slack-buddy-ai/pkg/slack/mock.go:332.26,333.62 1 0
github.com/astrostl/slack-buddy-ai/pkg/slack/mock.go:334.10,335.35 1 0
github.com/astrostl/slack-buddy-ai/pkg/slack/mock.go:336.10,337.59 1 0
github.com/astrostl/slack-buddy-ai/pkg/slack/mock.go:341.55,343.2 1 0
github.com/astrostl/slack-buddy-ai/pkg/slack/mock.go:345.48,347.2 1 0
github.com/astrostl/slack-buddy-ai/pkg/slack/mock.go:349.67,350.19 1 0
github.com/astrostl/slack-buddy-ai/pkg/slack/mock.go:351.23,352.56 1 0
github.com/astrostl/slack-buddy-ai/pkg/slack/mock.go:353.27,354.60 1 0
github.com/astrostl/slack-buddy-ai/pkg/slack/mock.go:355.28,356.61 1 0
github.com/astrostl/slack-buddy-ai/pkg/slack/mock.go:357.10,358.32 1 0
github.com/astrostl/slack-buddy-ai/pkg/slack/mock.go:359.10,360.56 1 0
github.com/astrostl/slack-buddy-ai/pkg/slack/mock.go:364.53,366.2 1 0
github.com/astrostl/slack-buddy-ai/pkg/slack/mock.go:368.46,370.2 1 0
github.com/astrostl/slack-buddy-ai/pkg/slack/mock.go:372.59,382.2 2 1
github.com/astrostl/slack-buddy-ai/pkg/slack/mock.go:384.59,385.19 1 1
github.com/astrostl/slack-buddy-ai/pkg/slack/mock.go:386.23,387.48 1 1
github.com/astrostl/slack-buddy-ai/pkg/slack/mock.go:388.10,389.24 1 0
github.com/astrostl/slack-buddy-ai/pkg/slack/mock.go:390.10,391.48 1 1
github.com/astrostl/slack-buddy-ai/pkg/slack/mock.go:406.91,407.34 1 1
github.com/astrostl/slack-buddy-ai/pkg/slack/mock.go:407.34,409.3 1 0
github.com/astrostl/slack-buddy-ai/pkg/slack/mock.go:411.2,412.31 2 1
github.com/astrostl/slack-buddy-ai/pkg/slack/mock.go:412.31,422.3 1 1
github.com/astrostl/slack-buddy-ai/pkg/slack/mock.go:424.2,424.50 1 1
github.com/astrostl/slack-buddy-ai/pkg/slack/mock.go:428.52,429.31 1 1
github.com/astrostl/slack-buddy-ai/pkg/slack/mock.go:429.31,431.3 1 0
github.com/astrostl/slack-buddy-ai/pkg/slack/mock.go:432.2,432.36 1 1
github.com/astrostl/slack-buddy-ai/pkg/slack/mock.go:436.88,437.40 1 1
github.com/astrostl/slack-buddy-ai/pkg/slack/mock.go:437.40,439.3 1 0
github.com/astrostl/slack-buddy-ai/pkg/slack/mock.go:441.2,441.14 1 1
github.com/astrostl/slack-buddy-ai/pkg/slack/mock.go:441.14,443.3 1 1
github.com/astrostl/slack-buddy-ai/pkg/slack/mock.go:443.8,445.3 1 0
github.com/astrostl/slack-buddy-ai/pkg/slack/mock.go:449.92,450.37 1 1
github.com/astrostl/slack-buddy-ai/pkg/slack/mock.go:450.37,452.3 1 0
github.com/astrostl/slack-buddy-ai/pkg/slack/mock.go:454.2,454.14 1 1
github.com/astrostl/slack-buddy-ai/pkg/slack/mock.go:454.14,456.3 1 1
github.com/astrostl/slack-buddy-ai/pkg/slack/mock.go:456.8,458.3 1 0
github.com/astrostl/slack-buddy-ai/pkg/slack/mock.go:462.114,463.40 1 1
github.com/astrostl/slack-buddy-ai/pkg/slack/mock.go:463.40,465.3 1 0
github.com/astrostl/slack-buddy-ai/pkg/slack/mock.go:467.2,467.14 1 1
github.com/astrostl/slack-buddy-ai/pkg/slack/mock.go:467.14,468.20 1 1
github.com/astrostl/slack-buddy-ai/pkg/slack/mock.go:469.24,470.72 1 1
github.com/astrostl/slack-buddy-ai/pkg/slack/mock.go:471.28,472.76 1 0
github.com/astrostl/slack-buddy-ai/pkg/slack/mock.go:473.27,474.75 1 1
github.com/astrostl/slack-buddy-ai/pkg/slack/mock.go:475.11,476.72 1 0
github.com/astrostl/slack-buddy-ai/pkg/slack/mock.go:478.8,480.3 1 0
github.com/astrostl/slack-buddy-ai/pkg/slack/security.go:10.45,11.17 1 1
github.com/astrostl/slack-buddy-ai/pkg/slack/security.go:11.17,13.3 1 1
github.com/astrostl/slack-buddy-ai/pkg/slack/security.go:16.2,16.82 1 1
github.com/astrostl/slack-buddy-ai/pkg/slack/security.go:16.82,18.3 1 1
github.com/astrostl/slack-buddy-ai/pkg/slack/security.go:21.2,21.40 1 1
github.com/astrostl/slack-buddy-ai/pkg/slack/security.go:21.40,23.3 1 1
github.com/astrostl/slack-buddy-ai/pkg/slack/security.go:26.2,27.41 2 1
github.com/astrostl/slack-buddy-ai/pkg/slack/security.go:27.41,29.3 1 1
github.com/astrostl/slack-buddy-ai/pkg/slack/security.go:32.2,32.21 1 0
github.com/astrostl/slack-buddy-ai/pkg/slack/security.go:32.21,34.3 1 0
github.com/astrostl/slack-buddy-ai/pkg/slack/security.go:36.2,36.12 1 0
github.com/astrostl/slack-buddy-ai/pkg/slack/security.go:40.46,50.2 5 1
github.com/astrostl/slack-buddy-ai/pkg/slack/security.go:53.52,54.23 1 1
github.com/astrostl/slack-buddy-ai/pkg/slack/security.go:54.23,56.3 1 1
github.com/astrostl/slack-buddy-ai/pkg/slack/security.go:59.2,62.16 2 1
github.com/astrostl/slack-buddy-ai/pkg/slack/security.go:62.16,64.3 1 1
github.com/astrostl/slack-buddy-ai/pkg/slack/security.go:67.2,68.39 2 1
github.com/astrostl/slack-buddy-ai/pkg/slack/security.go:68.39,70.3 1 1
github.com/astrostl/slack-buddy-ai/pkg/slack/security.go:72.2,72.20 1 1
github.com/astrostl/slack-buddy-ai/pkg/slack/security.go:72.20,74.3 1 1
github.com/astrostl/slack-buddy-ai/pkg/slack/security.go:76.2,76.12 1 1
github.com/astrostl/slack-buddy-ai/cmd/channels.go:65.13,79.2 11 1
github.com/astrostl/slack-buddy-ai/cmd/channels.go:81.57,83.17 2 1
github.com/astrostl/slack-buddy-ai/cmd/channels.go:83.17,85.3 1 1
github.com/astrostl/slack-buddy-ai/cmd/channels.go:88.2,88.22 1 1
github.com/astrostl/slack-buddy-ai/cmd/channels.go:88.22,90.3 1 0
github.com/astrostl/slack-buddy-ai/cmd/channels.go:92.2,93.16 2 1
github.com/astrostl/slack-buddy-ai/cmd/channels.go:93.16,95.3 1 1
github.com/astrostl/slack-buddy-ai/cmd/channels.go:97.2,97.14 1 1
github.com/astrostl/slack-buddy-ai/cmd/channels.go:97.14,99.3 1 0
github.com/astrostl/slack-buddy-ai/cmd/channels.go:101.2,105.16 4 1
github.com/astrostl/slack-buddy-ai/cmd/channels.go:105.16,107.3 1 1
github.com/astrostl/slack-buddy-ai/cmd/channels.go:110.2,111.16 2 0
github.com/astrostl/slack-buddy-ai/cmd/channels.go:111.16,113.3 1 0
github.com/astrostl/slack-buddy-ai/cmd/channels.go:115.2,115.69 1 0
github.com/astrostl/slack-buddy-ai/cmd/channels.go:118.115,120.16 2 1
github.com/astrostl/slack-buddy-ai/cmd/channels.go:120.16,122.3 1 1
github.com/astrostl/slack-buddy-ai/cmd/channels.go:124.2,124.27 1 1
github.com/astrostl/slack-buddy-ai/cmd/channels.go:124.27,126.3 1 1
github.com/astrostl/slack-buddy-ai/cmd/channels.go:129.2,130.38 2 1
github.com/astrostl/slack-buddy-ai/cmd/channels.go:130.38,132.3 1 1
github.com/astrostl/slack-buddy-ai/cmd/channels.go:133.2,135.27 2 1
github.com/astrostl/slack-buddy-ai/cmd/channels.go:135.27,140.39 3 1
github.com/astrostl/slack-buddy-ai/cmd/channels.go:140.39,142.4 1 1
github.com/astrostl/slack-buddy-ai/cmd/channels.go:145.3,147.17 3 1
github.com/astrostl/slack-buddy-ai/cmd/channels.go:147.17,152.4 1 0
github.com/astrostl/slack-buddy-ai/cmd/channels.go:154.3,157.18 3 1
github.com/astrostl/slack-buddy-ai/cmd/channels.go:157.18,160.45 2 1
github.com/astrostl/slack-buddy-ai/cmd/channels.go:160.45,162.52 2 1
github.com/astrostl/slack-buddy-ai/cmd/channels.go:162.52,163.39 1 1
github.com/astrostl/slack-buddy-ai/cmd/channels.go:163.39,165.12 2 1
github.com/astrostl/slack-buddy-ai/cmd/channels.go:168.5,168.17 1 1
github.com/astrostl/slack-buddy-ai/cmd/channels.go:168.17,170.6 1 0
github.com/astrostl/slack-buddy-ai/cmd/channels.go:173.4,173.32 1 1
github.com/astrostl/slack-buddy-ai/cmd/channels.go:173.32,175.5 1 1
github.com/astrostl/slack-buddy-ai/cmd/channels.go:178.4,178.39 1 1
github.com/astrostl/slack-buddy-ai/cmd/channels.go:178.39,181.5 2 1
github.com/astrostl/slack-buddy-ai/cmd/channels.go:184.4,185.40 2 0
github.com/astrostl/slack-buddy-ai/cmd/channels.go:185.40,186.58 1 0
github.com/astrostl/slack-buddy-ai/cmd/channels.go:186.58,187.40 1 0
github.com/astrostl/slack-buddy-ai/cmd/channels.go:187.40,189.12 2 0
github.com/astrostl/slack-buddy-ai/cmd/channels.go:193.4,197.38 3 0
github.com/astrostl/slack-buddy-ai/cmd/channels.go:197.38,199.55 2 0
github.com/astrostl/slack-buddy-ai/cmd/channels.go:199.55,201.6 1 0
github.com/astrostl/slack-buddy-ai/cmd/channels.go:202.5,202.133 1 0
github.com/astrostl/slack-buddy-ai/cmd/channels.go:204.9,207.4 2 1
github.com/astrostl/slack-buddy-ai/cmd/channels.go:209.3,209.15 1 1
github.com/astrostl/slack-buddy-ai/cmd/channels.go:209.15,218.4 6 1
github.com/astrostl/slack-buddy-ai/cmd/channels.go:218.9,219.76 1 1
github.com/astrostl/slack-buddy-ai/cmd/channels.go:219.76,225.5 2 1
github.com/astrostl/slack-buddy-ai/cmd/channels.go:226.4,226.62 1 1
github.com/astrostl/slack-buddy-ai/cmd/channels.go:228.8,228.21 1 1
github.com/astrostl/slack-buddy-ai/cmd/channels.go:228.21,235.3 5 1
github.com/astrostl/slack-buddy-ai/cmd/channels.go:237.2,237.12 1 1
github.com/astrostl/slack-buddy-ai/cmd/channels.go:240.58,242.17 2 1
github.com/astrostl/slack-buddy-ai/cmd/channels.go:242.17,244.3 1 1
github.com/astrostl/slack-buddy-ai/cmd/channels.go:246.2,246.22 1 1
github.com/astrostl/slack-buddy-ai/cmd/channels.go:246.22,248.3 1 1
github.com/astrostl/slack-buddy-ai/cmd/channels.go:250.2,250.25 1 1
github.com/astrostl/slack-buddy-ai/cmd/channels.go:250.25,252.3 1 1
github.com/astrostl/slack-buddy-ai/cmd/channels.go:254.2,255.16 2 0
github.com/astrostl/slack-buddy-ai/cmd/channels.go:255.16,257.3 1 0
github.com/astrostl/slack-buddy-ai/cmd/channels.go:259.2,259.109 1 0
github.com/astrostl/slack-buddy-ai/cmd/channels.go:262.144,274.16 5 1
github.com/astrostl/slack-buddy-ai/cmd/channels.go:274.16,275.99 1 0
github.com/astrostl/slack-buddy-ai/cmd/channels.go:275.99,279.4 3 0
github.com/astrostl/slack-buddy-ai/cmd/channels.go:280.3,280.100 1 0
github.com/astrostl/slack-buddy-ai/cmd/channels.go:280.100,285.4 4 0
github.com/astrostl/slack-buddy-ai/cmd/channels.go:286.3,286.52 1 0
github.com/astrostl/slack-buddy-ai/cmd/channels.go:288.2,294.27 4 1
github.com/astrostl/slack-buddy-ai/cmd/channels.go:294.27,295.63 1 0
github.com/astrostl/slack-buddy-ai/cmd/channels.go:295.63,298.39 2 0
github.com/astrostl/slack-buddy-ai/cmd/channels.go:298.39,300.5 1 0
github.com/astrostl/slack-buddy-ai/cmd/channels.go:301.4,301.21 1 0
github.com/astrostl/slack-buddy-ai/cmd/channels.go:301.21,303.5 1 0
github.com/astrostl/slack-buddy-ai/cmd/channels.go:307.2,307.27 1 1
github.com/astrostl/slack-buddy-ai/cmd/channels.go:307.27,308.62 1 0
github.com/astrostl/slack-buddy-ai/cmd/channels.go:308.62,311.38 2 0
github.com/astrostl/slack-buddy-ai/cmd/channels.go:311.38,313.5 1 0
github.com/astrostl/slack-buddy-ai/cmd/channels.go:314.4,314.20 1 0
github.com/astrostl/slack-buddy-ai/cmd/channels.go:314.20,316.5 1 0
github.com/astrostl/slack-buddy-ai/cmd/channels.go:321.2,321.66 1 1
github.com/astrostl/slack-buddy-ai/cmd/channels.go:321.66,323.35 2 0
github.com/astrostl/slack-buddy-ai/cmd/channels.go:323.35,325.4 1 0
github.com/astrostl/slack-buddy-ai/cmd/channels.go:326.3,326.35 1 0
github.com/astrostl/slack-buddy-ai/cmd/channels.go:326.35,328.4 1 0
github.com/astrostl/slack-buddy-ai/cmd/channels.go:329.3,329.16 1 0
github.com/astrostl/slack-buddy-ai/cmd/channels.go:332.2,333.16 2 1
github.com/astrostl/slack-buddy-ai/cmd/channels.go:333.16,335.99 1 1
github.com/astrostl/slack-buddy-ai/cmd/channels.go:335.99,342.4 6 0
github.com/astrostl/slack-buddy-ai/cmd/channels.go:343.3,343.68 1 1
github.com/astrostl/slack-buddy-ai/cmd/channels.go:347.2,353.21 5 1
github.com/astrostl/slack-buddy-ai/cmd/channels.go:353.21,355.34 2 1
github.com/astrostl/slack-buddy-ai/cmd/channels.go:355.34,362.34 2 1
github.com/astrostl/slack-buddy-ai/cmd/channels.go:362.34,364.30 2 1
github.com/astrostl/slack-buddy-ai/cmd/channels.go:364.30,366.6 1 0
github.com/astrostl/slack-buddy-ai/cmd/channels.go:367.5,370.25 3 1
github.com/astrostl/slack-buddy-ai/cmd/channels.go:370.25,372.6 1 0
github.com/astrostl/slack-buddy-ai/cmd/channels.go:374.5,375.34 2 1
github.com/astrostl/slack-buddy-ai/cmd/channels.go:375.34,377.6 1 0
github.com/astrostl/slack-buddy-ai/cmd/channels.go:379.5,379.101 1 1
github.com/astrostl/slack-buddy-ai/cmd/channels.go:382.3,384.15 2 1
github.com/astrostl/slack-buddy-ai/cmd/channels.go:384.15,387.23 3 1
github.com/astrostl/slack-buddy-ai/cmd/channels.go:387.23,391.5 3 1
github.com/astrostl/slack-buddy-ai/cmd/channels.go:392.4,392.41 1 1
github.com/astrostl/slack-buddy-ai/cmd/channels.go:393.9,396.35 3 1
github.com/astrostl/slack-buddy-ai/cmd/channels.go:396.35,397.92 1 1
github.com/astrostl/slack-buddy-ai/cmd/channels.go:397.92,403.6 2 0
github.com/astrostl/slack-buddy-ai/cmd/channels.go:403.11,407.6 3 1
github.com/astrostl/slack-buddy-ai/cmd/channels.go:409.4,409.69 1 1
github.com/astrostl/slack-buddy-ai/cmd/channels.go:414.2,414.24 1 1
github.com/astrostl/slack-buddy-ai/cmd/channels.go:414.24,416.37 2 1
github.com/astrostl/slack-buddy-ai/cmd/channels.go:416.37,423.34 2 1
github.com/astrostl/slack-buddy-ai/cmd/channels.go:423.34,425.30 2 1
github.com/astrostl/slack-buddy-ai/cmd/channels.go:425.30,427.6 1 1
github.com/astrostl/slack-buddy-ai/cmd/channels.go:428.5,431.25 3 1
github.com/astrostl/slack-buddy-ai/cmd/channels.go:431.25,433.6 1 0
github.com/astrostl/slack-buddy-ai/cmd/channels.go:435.5,436.34 2 1
github.com/astrostl/slack-buddy-ai/cmd/channels.go:436.34,438.6 1 1
github.com/astrostl/slack-buddy-ai/cmd/channels.go:440.5,440.101 1 1
github.com/astrostl/slack-buddy-ai/cmd/channels.go:443.3,445.15 2 1
github.com/astrostl/slack-buddy-ai/cmd/channels.go:445.15,448.26 3 1
github.com/astrostl/slack-buddy-ai/cmd/channels.go:448.26,452.5 3 1
github.com/astrostl/slack-buddy-ai/cmd/channels.go:453.4,453.41 1 1
github.com/astrostl/slack-buddy-ai/cmd/channels.go:454.9,457.38 3 1
github.com/astrostl/slack-buddy-ai/cmd/channels.go:457.38,458.101 1 1
github.com/astrostl/slack-buddy-ai/cmd/channels.go:458.101,464.6 2 0
github.com/astrostl/slack-buddy-ai/cmd/channels.go:464.11,468.6 3 1
github.com/astrostl/slack-buddy-ai/cmd/channels.go:470.4,470.72 1 1
github.com/astrostl/slack-buddy-ai/cmd/channels.go:474.2,474.45 1 1
github.com/astrostl/slack-buddy-ai/cmd/channels.go:474.45,476.3 1 1
github.com/astrostl/slack-buddy-ai/cmd/channels.go:478.2,478.12 1 1
github.com/astrostl/slack-buddy-ai/cmd/health.go:33.13,36.2 2 1
github.com/astrostl/slack-buddy-ai/cmd/health.go:38.57,45.17 5 1
github.com/astrostl/slack-buddy-ai/cmd/health.go:45.17,50.3 4 1
github.com/astrostl/slack-buddy-ai/cmd/health.go:51.2,52.19 2 1
github.com/astrostl/slack-buddy-ai/cmd/health.go:52.19,54.3 1 1
github.com/astrostl/slack-buddy-ai/cmd/health.go:57.2,58.32 2 1
github.com/astrostl/slack-buddy-ai/cmd/health.go:58.32,63.3 4 1
github.com/astrostl/slack-buddy-ai/cmd/health.go:64.2,69.16 4 1
github.com/astrostl/slack-buddy-ai/cmd/health.go:69.16,73.3 3 1
github.com/astrostl/slack-buddy-ai/cmd/health.go:74.2,79.16 4 0
github.com/astrostl/slack-buddy-ai/cmd/health.go:79.16,84.3 4 0
github.com/astrostl/slack-buddy-ai/cmd/health.go:85.2,86.19 2 0
github.com/astrostl/slack-buddy-ai/cmd/health.go:86.19,89.3 2 0
github.com/astrostl/slack-buddy-ai/cmd/health.go:92.2,93.19 2 0
github.com/astrostl/slack-buddy-ai/cmd/health.go:93.19,97.3 3 0
github.com/astrostl/slack-buddy-ai/cmd/health.go:98.2,99.16 2 0
github.com/astrostl/slack-buddy-ai/cmd/health.go:99.16,103.3 3 0
github.com/astrostl/slack-buddy-ai/cmd/health.go:105.2,119.36 5 0
github.com/astrostl/slack-buddy-ai/cmd/health.go:119.36,120.21 1 0
github.com/astrostl/slack-buddy-ai/cmd/health.go:120.21,122.4 1 0
github.com/astrostl/slack-buddy-ai/cmd/health.go:125.2,125.36 1 0
github.com/astrostl/slack-buddy-ai/cmd/health.go:125.36,126.21 1 0
github.com/astrostl/slack-buddy-ai/cmd/health.go:126.21,128.4 1 0
github.com/astrostl/slack-buddy-ai/cmd/health.go:131.2,131.30 1 0
github.com/astrostl/slack-buddy-ai/cmd/health.go:131.30,134.41 3 0
github.com/astrostl/slack-buddy-ai/cmd/health.go:134.41,136.4 1 0
github.com/astrostl/slack-buddy-ai/cmd/health.go:137.3,137.31 1 0
github.com/astrostl/slack-buddy-ai/cmd/health.go:137.31,139.42 2 0
github.com/astrostl/slack-buddy-ai/cmd/health.go:139.42,141.5 1 0
github.com/astrostl/slack-buddy-ai/cmd/health.go:143.3,144.53 2 0
github.com/astrostl/slack-buddy-ai/cmd/health.go:147.2,148.19 2 0
github.com/astrostl/slack-buddy-ai/cmd/health.go:148.19,153.37 3 0
github.com/astrostl/slack-buddy-ai/cmd/health.go:153.37,155.21 2 0
github.com/astrostl/slack-buddy-ai/cmd/health.go:155.21,157.5 1 0
github.com/astrostl/slack-buddy-ai/cmd/health.go:158.4,159.17 2 0
github.com/astrostl/slack-buddy-ai/cmd/health.go:160.25,161.50 1 0
github.com/astrostl/slack-buddy-ai/cmd/health.go:162.25,163.50 1 0
github.com/astrostl/slack-buddy-ai/cmd/health.go:164.22,165.45 1 0
github.com/astrostl/slack-buddy-ai/cmd/health.go:166.27,167.53 1 0
github.com/astrostl/slack-buddy-ai/cmd/health.go:168.22,169.42 1 0
github.com/astrostl/slack-buddy-ai/cmd/health.go:171.4,171.63 1 0
github.com/astrostl/slack-buddy-ai/cmd/health.go:175.3,176.37 2 0
github.com/astrostl/slack-buddy-ai/cmd/health.go:176.37,178.21 2 0
github.com/astrostl/slack-buddy-ai/cmd/health.go:178.21,180.5 1 0
github.com/astrostl/slack-buddy-ai/cmd/health.go:181.4,182.17 2 0
github.com/astrostl/slack-buddy-ai/cmd/health.go:183.23,184.65 1 0
github.com/astrostl/slack-buddy-ai/cmd/health.go:186.4,186.63 1 0
github.com/astrostl/slack-buddy-ai/cmd/health.go:190.2,190.30 1 0
github.com/astrostl/slack-buddy-ai/cmd/health.go:190.30,192.3 1 0
github.com/astrostl/slack-buddy-ai/cmd/health.go:195.2,196.55 2 0
github.com/astrostl/slack-buddy-ai/cmd/health.go:196.55,200.3 3 0
github.com/astrostl/slack-buddy-ai/cmd/health.go:200.8,202.3 1 0
github.com/astrostl/slack-buddy-ai/cmd/health.go:204.2,209.12 5 0
github.com/astrostl/slack-buddy-ai/cmd/health.go:212.44,214.2 1 1
github.com/astrostl/slack-buddy-ai/cmd/health.go:216.57,222.16 4 1
github.com/astrostl/slack-buddy-ai/cmd/health.go:222.16,224.3 1 1
github.com/astrostl/slack-buddy-ai/cmd/health.go:226.2,226.19 1 1
github.com/astrostl/slack-buddy-ai/cmd/health.go:226.19,228.3 1 1
github.com/astrostl/slack-buddy-ai/cmd/health.go:230.2,230.12 1 1
github.com/astrostl/slack-buddy-ai/cmd/health.go:233.38,242.2 1 1
github.com/astrostl/slack-buddy-ai/cmd/health.go:244.47,245.43 1 1
github.com/astrostl/slack-buddy-ai/cmd/health.go:245.43,246.35 1 1
github.com/astrostl/slack-buddy-ai/cmd/health.go:246.35,248.4 1 1
github.com/astrostl/slack-buddy-ai/cmd/health.go:250.2,250.14 1 1
github.com/astrostl/slack-buddy-ai/cmd/root.go:25.47,27.68 1 1
github.com/astrostl/slack-buddy-ai/cmd/root.go:27.68,29.30 2 1
github.com/astrostl/slack-buddy-ai/cmd/root.go:29.30,31.5 1 1
github.com/astrostl/slack-buddy-ai/cmd/root.go:32.4,32.30 1 1
github.com/astrostl/slack-buddy-ai/cmd/root.go:32.30,34.5 1 1
github.com/astrostl/slack-buddy-ai/cmd/root.go:35.4,35.10 1 1
github.com/astrostl/slack-buddy-ai/cmd/root.go:38.3,38.17 1 0
github.com/astrostl/slack-buddy-ai/cmd/root.go:45.41,51.42 4 1
github.com/astrostl/slack-buddy-ai/cmd/root.go:51.42,54.3 1 0
github.com/astrostl/slack-buddy-ai/cmd/root.go:57.13,66.92 5 1
github.com/astrostl/slack-buddy-ai/cmd/root.go:66.92,68.3 1 0
github.com/astrostl/slack-buddy-ai/cmd/root.go:69.2,69.92 1 1
github.com/astrostl/slack-buddy-ai/cmd/root.go:69.92,71.3 1 0
github.com/astrostl/slack-buddy-ai/cmd/root.go:75.19,84.28 5 1
github.com/astrostl/slack-buddy-ai/cmd/root.go:84.28,86.3 1 0
github.com/astrostl/slack-buddy-ai/cmd/root.go:86.8,88.3 1 1
github.com/astrostl/slack-buddy-ai/cmd/version.go:13.47,15.29 2 1
github.com/astrostl/slack-buddy-ai/cmd/version.go:15.29,17.4 1 1
github.com/astrostl/slack-buddy-ai/cmd/version.go:18.3,18.29 1 1
github.com/astrostl/slack-buddy-ai/cmd/version.go:18.29,20.4 1 1
github.com/astrostl/slack-buddy-ai/cmd/version.go:24.13,26.2 1 1
