mode: set
github.com/astrostl/slack-buddy-ai/cmd/channels.go:64.13,78.2 11 1
github.com/astrostl/slack-buddy-ai/cmd/channels.go:80.57,82.17 2 0
github.com/astrostl/slack-buddy-ai/cmd/channels.go:82.17,84.3 1 0
github.com/astrostl/slack-buddy-ai/cmd/channels.go:86.2,87.16 2 0
github.com/astrostl/slack-buddy-ai/cmd/channels.go:87.16,89.3 1 0
github.com/astrostl/slack-buddy-ai/cmd/channels.go:91.2,91.14 1 0
github.com/astrostl/slack-buddy-ai/cmd/channels.go:91.14,93.3 1 0
github.com/astrostl/slack-buddy-ai/cmd/channels.go:95.2,99.16 4 0
github.com/astrostl/slack-buddy-ai/cmd/channels.go:99.16,101.3 1 0
github.com/astrostl/slack-buddy-ai/cmd/channels.go:103.2,103.68 1 0
github.com/astrostl/slack-buddy-ai/cmd/channels.go:106.115,108.16 2 0
github.com/astrostl/slack-buddy-ai/cmd/channels.go:108.16,110.3 1 0
github.com/astrostl/slack-buddy-ai/cmd/channels.go:112.2,112.27 1 0
github.com/astrostl/slack-buddy-ai/cmd/channels.go:112.27,117.3 2 0
github.com/astrostl/slack-buddy-ai/cmd/channels.go:119.2,124.38 2 0
github.com/astrostl/slack-buddy-ai/cmd/channels.go:124.38,130.3 2 0
github.com/astrostl/slack-buddy-ai/cmd/channels.go:133.2,133.26 1 0
github.com/astrostl/slack-buddy-ai/cmd/channels.go:133.26,136.39 3 0
github.com/astrostl/slack-buddy-ai/cmd/channels.go:136.39,138.4 1 0
github.com/astrostl/slack-buddy-ai/cmd/channels.go:141.2,141.27 1 0
github.com/astrostl/slack-buddy-ai/cmd/channels.go:141.27,144.15 2 0
github.com/astrostl/slack-buddy-ai/cmd/channels.go:144.15,150.4 5 0
github.com/astrostl/slack-buddy-ai/cmd/channels.go:150.9,151.71 1 0
github.com/astrostl/slack-buddy-ai/cmd/channels.go:151.71,157.5 2 0
github.com/astrostl/slack-buddy-ai/cmd/channels.go:158.4,159.62 2 0
github.com/astrostl/slack-buddy-ai/cmd/channels.go:161.8,161.21 1 0
github.com/astrostl/slack-buddy-ai/cmd/channels.go:161.21,168.3 5 0
github.com/astrostl/slack-buddy-ai/cmd/channels.go:170.2,170.12 1 0
github.com/astrostl/slack-buddy-ai/cmd/channels.go:173.58,175.17 2 0
github.com/astrostl/slack-buddy-ai/cmd/channels.go:175.17,177.3 1 0
github.com/astrostl/slack-buddy-ai/cmd/channels.go:179.2,179.22 1 0
github.com/astrostl/slack-buddy-ai/cmd/channels.go:179.22,181.3 1 0
github.com/astrostl/slack-buddy-ai/cmd/channels.go:183.2,183.25 1 0
github.com/astrostl/slack-buddy-ai/cmd/channels.go:183.25,185.3 1 0
github.com/astrostl/slack-buddy-ai/cmd/channels.go:187.2,188.16 2 0
github.com/astrostl/slack-buddy-ai/cmd/channels.go:188.16,190.3 1 0
github.com/astrostl/slack-buddy-ai/cmd/channels.go:192.2,192.108 1 0
github.com/astrostl/slack-buddy-ai/cmd/channels.go:195.144,207.16 5 0
github.com/astrostl/slack-buddy-ai/cmd/channels.go:207.16,208.99 1 0
github.com/astrostl/slack-buddy-ai/cmd/channels.go:208.99,212.4 3 0
github.com/astrostl/slack-buddy-ai/cmd/channels.go:213.3,213.100 1 0
github.com/astrostl/slack-buddy-ai/cmd/channels.go:213.100,218.4 4 0
github.com/astrostl/slack-buddy-ai/cmd/channels.go:219.3,219.52 1 0
github.com/astrostl/slack-buddy-ai/cmd/channels.go:221.2,227.27 4 0
github.com/astrostl/slack-buddy-ai/cmd/channels.go:227.27,228.63 1 0
github.com/astrostl/slack-buddy-ai/cmd/channels.go:228.63,231.39 2 0
github.com/astrostl/slack-buddy-ai/cmd/channels.go:231.39,233.5 1 0
github.com/astrostl/slack-buddy-ai/cmd/channels.go:234.4,234.21 1 0
github.com/astrostl/slack-buddy-ai/cmd/channels.go:234.21,236.5 1 0
github.com/astrostl/slack-buddy-ai/cmd/channels.go:240.2,240.27 1 0
github.com/astrostl/slack-buddy-ai/cmd/channels.go:240.27,241.62 1 0
github.com/astrostl/slack-buddy-ai/cmd/channels.go:241.62,244.38 2 0
github.com/astrostl/slack-buddy-ai/cmd/channels.go:244.38,246.5 1 0
github.com/astrostl/slack-buddy-ai/cmd/channels.go:247.4,247.20 1 0
github.com/astrostl/slack-buddy-ai/cmd/channels.go:247.20,249.5 1 0
github.com/astrostl/slack-buddy-ai/cmd/channels.go:254.2,254.66 1 0
github.com/astrostl/slack-buddy-ai/cmd/channels.go:254.66,256.35 2 0
github.com/astrostl/slack-buddy-ai/cmd/channels.go:256.35,258.4 1 0
github.com/astrostl/slack-buddy-ai/cmd/channels.go:259.3,259.35 1 0
github.com/astrostl/slack-buddy-ai/cmd/channels.go:259.35,261.4 1 0
github.com/astrostl/slack-buddy-ai/cmd/channels.go:262.3,262.16 1 0
github.com/astrostl/slack-buddy-ai/cmd/channels.go:265.2,266.16 2 0
github.com/astrostl/slack-buddy-ai/cmd/channels.go:266.16,268.99 1 0
github.com/astrostl/slack-buddy-ai/cmd/channels.go:268.99,275.4 6 0
github.com/astrostl/slack-buddy-ai/cmd/channels.go:276.3,276.68 1 0
github.com/astrostl/slack-buddy-ai/cmd/channels.go:280.2,286.21 5 0
github.com/astrostl/slack-buddy-ai/cmd/channels.go:286.21,288.34 2 0
github.com/astrostl/slack-buddy-ai/cmd/channels.go:288.34,295.34 2 0
github.com/astrostl/slack-buddy-ai/cmd/channels.go:295.34,297.30 2 0
github.com/astrostl/slack-buddy-ai/cmd/channels.go:297.30,299.6 1 0
github.com/astrostl/slack-buddy-ai/cmd/channels.go:300.5,303.25 3 0
github.com/astrostl/slack-buddy-ai/cmd/channels.go:303.25,305.6 1 0
github.com/astrostl/slack-buddy-ai/cmd/channels.go:307.5,308.34 2 0
github.com/astrostl/slack-buddy-ai/cmd/channels.go:308.34,310.6 1 0
github.com/astrostl/slack-buddy-ai/cmd/channels.go:312.5,312.101 1 0
github.com/astrostl/slack-buddy-ai/cmd/channels.go:315.3,317.15 2 0
github.com/astrostl/slack-buddy-ai/cmd/channels.go:317.15,320.23 3 0
github.com/astrostl/slack-buddy-ai/cmd/channels.go:320.23,324.5 3 0
github.com/astrostl/slack-buddy-ai/cmd/channels.go:325.4,325.41 1 0
github.com/astrostl/slack-buddy-ai/cmd/channels.go:326.9,329.35 3 0
github.com/astrostl/slack-buddy-ai/cmd/channels.go:329.35,330.92 1 0
github.com/astrostl/slack-buddy-ai/cmd/channels.go:330.92,336.6 2 0
github.com/astrostl/slack-buddy-ai/cmd/channels.go:336.11,340.6 3 0
github.com/astrostl/slack-buddy-ai/cmd/channels.go:342.4,342.69 1 0
github.com/astrostl/slack-buddy-ai/cmd/channels.go:347.2,347.24 1 0
github.com/astrostl/slack-buddy-ai/cmd/channels.go:347.24,349.37 2 0
github.com/astrostl/slack-buddy-ai/cmd/channels.go:349.37,356.34 2 0
github.com/astrostl/slack-buddy-ai/cmd/channels.go:356.34,358.30 2 0
github.com/astrostl/slack-buddy-ai/cmd/channels.go:358.30,360.6 1 0
github.com/astrostl/slack-buddy-ai/cmd/channels.go:361.5,364.25 3 0
github.com/astrostl/slack-buddy-ai/cmd/channels.go:364.25,366.6 1 0
github.com/astrostl/slack-buddy-ai/cmd/channels.go:368.5,369.34 2 0
github.com/astrostl/slack-buddy-ai/cmd/channels.go:369.34,371.6 1 0
github.com/astrostl/slack-buddy-ai/cmd/channels.go:373.5,373.101 1 0
github.com/astrostl/slack-buddy-ai/cmd/channels.go:376.3,378.15 2 0
github.com/astrostl/slack-buddy-ai/cmd/channels.go:378.15,381.26 3 0
github.com/astrostl/slack-buddy-ai/cmd/channels.go:381.26,385.5 3 0
github.com/astrostl/slack-buddy-ai/cmd/channels.go:386.4,386.41 1 0
github.com/astrostl/slack-buddy-ai/cmd/channels.go:387.9,390.38 3 0
github.com/astrostl/slack-buddy-ai/cmd/channels.go:390.38,391.101 1 0
github.com/astrostl/slack-buddy-ai/cmd/channels.go:391.101,397.6 2 0
github.com/astrostl/slack-buddy-ai/cmd/channels.go:397.11,401.6 3 0
github.com/astrostl/slack-buddy-ai/cmd/channels.go:403.4,403.72 1 0
github.com/astrostl/slack-buddy-ai/cmd/channels.go:407.2,407.45 1 0
github.com/astrostl/slack-buddy-ai/cmd/channels.go:407.45,409.3 1 0
github.com/astrostl/slack-buddy-ai/cmd/channels.go:411.2,411.12 1 0
github.com/astrostl/slack-buddy-ai/cmd/health.go:33.13,36.2 2 1
github.com/astrostl/slack-buddy-ai/cmd/health.go:38.57,45.17 5 1
github.com/astrostl/slack-buddy-ai/cmd/health.go:45.17,50.3 4 1
github.com/astrostl/slack-buddy-ai/cmd/health.go:51.2,52.19 2 1
github.com/astrostl/slack-buddy-ai/cmd/health.go:52.19,54.3 1 1
github.com/astrostl/slack-buddy-ai/cmd/health.go:57.2,58.32 2 1
github.com/astrostl/slack-buddy-ai/cmd/health.go:58.32,63.3 4 1
github.com/astrostl/slack-buddy-ai/cmd/health.go:64.2,69.16 4 1
github.com/astrostl/slack-buddy-ai/cmd/health.go:69.16,73.3 3 1
github.com/astrostl/slack-buddy-ai/cmd/health.go:74.2,79.16 4 0
github.com/astrostl/slack-buddy-ai/cmd/health.go:79.16,84.3 4 0
github.com/astrostl/slack-buddy-ai/cmd/health.go:85.2,86.19 2 0
github.com/astrostl/slack-buddy-ai/cmd/health.go:86.19,89.3 2 0
github.com/astrostl/slack-buddy-ai/cmd/health.go:92.2,93.19 2 0
github.com/astrostl/slack-buddy-ai/cmd/health.go:93.19,97.3 3 0
github.com/astrostl/slack-buddy-ai/cmd/health.go:98.2,99.16 2 0
github.com/astrostl/slack-buddy-ai/cmd/health.go:99.16,103.3 3 0
github.com/astrostl/slack-buddy-ai/cmd/health.go:105.2,119.36 5 0
github.com/astrostl/slack-buddy-ai/cmd/health.go:119.36,120.21 1 0
github.com/astrostl/slack-buddy-ai/cmd/health.go:120.21,122.4 1 0
github.com/astrostl/slack-buddy-ai/cmd/health.go:125.2,125.36 1 0
github.com/astrostl/slack-buddy-ai/cmd/health.go:125.36,126.21 1 0
github.com/astrostl/slack-buddy-ai/cmd/health.go:126.21,128.4 1 0
github.com/astrostl/slack-buddy-ai/cmd/health.go:131.2,131.30 1 0
github.com/astrostl/slack-buddy-ai/cmd/health.go:131.30,134.41 3 0
github.com/astrostl/slack-buddy-ai/cmd/health.go:134.41,136.4 1 0
github.com/astrostl/slack-buddy-ai/cmd/health.go:137.3,137.31 1 0
github.com/astrostl/slack-buddy-ai/cmd/health.go:137.31,139.42 2 0
github.com/astrostl/slack-buddy-ai/cmd/health.go:139.42,141.5 1 0
github.com/astrostl/slack-buddy-ai/cmd/health.go:143.3,144.53 2 0
github.com/astrostl/slack-buddy-ai/cmd/health.go:147.2,148.19 2 0
github.com/astrostl/slack-buddy-ai/cmd/health.go:148.19,153.37 3 0
github.com/astrostl/slack-buddy-ai/cmd/health.go:153.37,155.21 2 0
github.com/astrostl/slack-buddy-ai/cmd/health.go:155.21,157.5 1 0
github.com/astrostl/slack-buddy-ai/cmd/health.go:158.4,159.17 2 0
github.com/astrostl/slack-buddy-ai/cmd/health.go:160.25,161.50 1 0
github.com/astrostl/slack-buddy-ai/cmd/health.go:162.25,163.50 1 0
github.com/astrostl/slack-buddy-ai/cmd/health.go:164.22,165.45 1 0
github.com/astrostl/slack-buddy-ai/cmd/health.go:166.27,167.53 1 0
github.com/astrostl/slack-buddy-ai/cmd/health.go:168.22,169.42 1 0
github.com/astrostl/slack-buddy-ai/cmd/health.go:171.4,171.63 1 0
github.com/astrostl/slack-buddy-ai/cmd/health.go:175.3,176.37 2 0
github.com/astrostl/slack-buddy-ai/cmd/health.go:176.37,178.21 2 0
github.com/astrostl/slack-buddy-ai/cmd/health.go:178.21,180.5 1 0
github.com/astrostl/slack-buddy-ai/cmd/health.go:181.4,182.17 2 0
github.com/astrostl/slack-buddy-ai/cmd/health.go:183.23,184.65 1 0
github.com/astrostl/slack-buddy-ai/cmd/health.go:186.4,186.63 1 0
github.com/astrostl/slack-buddy-ai/cmd/health.go:190.2,190.30 1 0
github.com/astrostl/slack-buddy-ai/cmd/health.go:190.30,192.3 1 0
github.com/astrostl/slack-buddy-ai/cmd/health.go:195.2,196.55 2 0
github.com/astrostl/slack-buddy-ai/cmd/health.go:196.55,200.3 3 0
github.com/astrostl/slack-buddy-ai/cmd/health.go:200.8,202.3 1 0
github.com/astrostl/slack-buddy-ai/cmd/health.go:204.2,209.12 5 0
github.com/astrostl/slack-buddy-ai/cmd/health.go:212.44,214.2 1 1
github.com/astrostl/slack-buddy-ai/cmd/health.go:216.57,222.16 4 1
github.com/astrostl/slack-buddy-ai/cmd/health.go:222.16,224.3 1 1
github.com/astrostl/slack-buddy-ai/cmd/health.go:226.2,226.19 1 1
github.com/astrostl/slack-buddy-ai/cmd/health.go:226.19,228.3 1 1
github.com/astrostl/slack-buddy-ai/cmd/health.go:230.2,230.12 1 1
github.com/astrostl/slack-buddy-ai/cmd/health.go:233.38,242.2 1 0
github.com/astrostl/slack-buddy-ai/cmd/health.go:244.47,245.43 1 1
github.com/astrostl/slack-buddy-ai/cmd/health.go:245.43,246.35 1 1
github.com/astrostl/slack-buddy-ai/cmd/health.go:246.35,248.4 1 1
github.com/astrostl/slack-buddy-ai/cmd/health.go:250.2,250.14 1 1
github.com/astrostl/slack-buddy-ai/cmd/root.go:25.47,27.68 1 0
github.com/astrostl/slack-buddy-ai/cmd/root.go:27.68,29.30 2 0
github.com/astrostl/slack-buddy-ai/cmd/root.go:29.30,31.5 1 0
github.com/astrostl/slack-buddy-ai/cmd/root.go:32.4,32.30 1 0
github.com/astrostl/slack-buddy-ai/cmd/root.go:32.30,34.5 1 0
github.com/astrostl/slack-buddy-ai/cmd/root.go:35.4,35.10 1 0
github.com/astrostl/slack-buddy-ai/cmd/root.go:38.3,38.17 1 0
github.com/astrostl/slack-buddy-ai/cmd/root.go:45.41,51.42 4 0
github.com/astrostl/slack-buddy-ai/cmd/root.go:51.42,54.3 1 0
github.com/astrostl/slack-buddy-ai/cmd/root.go:57.13,66.92 5 1
github.com/astrostl/slack-buddy-ai/cmd/root.go:66.92,68.3 1 0
github.com/astrostl/slack-buddy-ai/cmd/root.go:69.2,69.92 1 1
github.com/astrostl/slack-buddy-ai/cmd/root.go:69.92,71.3 1 0
github.com/astrostl/slack-buddy-ai/cmd/root.go:75.19,84.28 5 1
github.com/astrostl/slack-buddy-ai/cmd/root.go:84.28,86.3 1 0
github.com/astrostl/slack-buddy-ai/cmd/root.go:86.8,88.3 1 1
github.com/astrostl/slack-buddy-ai/cmd/version.go:13.47,15.29 2 0
github.com/astrostl/slack-buddy-ai/cmd/version.go:15.29,17.4 1 0
github.com/astrostl/slack-buddy-ai/cmd/version.go:18.3,18.29 1 0
github.com/astrostl/slack-buddy-ai/cmd/version.go:18.29,20.4 1 0
github.com/astrostl/slack-buddy-ai/cmd/version.go:24.13,26.2 1 1
